[E:511e7495-b45d-4971-ae83-8379323eb9cf][T:2023-10-14 14:29:37.023337][U:?][A:_cert_login admin@nvidia.com]
[E:48838187-eead-4d13-a643-e92114d5c77f][T:2023-10-14 14:29:43.070617][U:admin@nvidia.com][A:check_status client]
[E:b49c0d01-949d-4ac0-b72d-7f2b28651278][T:2023-10-14 14:32:05.745100][U:admin@nvidia.com][A:job_mgmt.submit_job cifar10_fedavg_he UEsDBBQAAAAAAAJ0TlcLg1OmYwQAAGMEAAAnAAAAY2lmYXIxMF9mZWRhdmdfaG]
[E:afe8d2dc-8e11-449a-b07d-6d2ca442709a][T:2023-10-14 14:39:36.340464][J:cdc1a787-3dcf-42fc-b6d5-b9b6f316d574][A:train#70a1f517-3848-44ef-96d7-e7853dfb40b5]sent task to client "site-1"
[E:4704d2a9-4633-4438-a30f-b2a75fbdd8b7][T:2023-10-14 14:39:36.368787][J:cdc1a787-3dcf-42fc-b6d5-b9b6f316d574][A:train#f2946138-7666-4a74-90f9-7ffe5ae076c7]sent task to client "site-2"
[E:78b26454-fa52-46b9-bc2f-2682ffeccc5f][R:e0bc910d-7e48-4958-b414-e8af00076877][T:2023-10-14 14:39:57.694134][J:cdc1a787-3dcf-42fc-b6d5-b9b6f316d574][A:train#f2946138-7666-4a74-90f9-7ffe5ae076c7]received result from client 'site-2'
[E:058c7b76-b5f4-4f3e-ac0e-144706c5e6e1][R:c91e5277-b7fa-4c52-86bf-9aa4b0b6c92b][T:2023-10-14 14:40:04.386227][J:cdc1a787-3dcf-42fc-b6d5-b9b6f316d574][A:train#70a1f517-3848-44ef-96d7-e7853dfb40b5]received result from client 'site-1'
[E:6036a03d-5606-40c7-947f-2e11de344627][T:2023-10-14 14:40:08.238762][J:cdc1a787-3dcf-42fc-b6d5-b9b6f316d574][A:train#9dcf1f69-ab8a-4cb7-b596-ca325f14a0e9]sent task to client "site-2"
[E:86eeb50f-4c15-4492-b34d-1c4825a8ed02][T:2023-10-14 14:40:08.844412][J:cdc1a787-3dcf-42fc-b6d5-b9b6f316d574][A:train#b43652b1-d9df-429a-b300-e82dcac96f6b]sent task to client "site-1"
[E:24e5daf8-b95b-40b5-9900-89e163cc7c18][R:275c31f3-1509-4454-b70c-4acdf8431d6b][T:2023-10-14 14:40:26.299033][J:cdc1a787-3dcf-42fc-b6d5-b9b6f316d574][A:train#9dcf1f69-ab8a-4cb7-b596-ca325f14a0e9]received result from client 'site-2'
[E:cc42753e-bac3-484f-8718-bde9fd4272a4][R:f283258f-ee80-4bae-8fbf-1e43105f859a][T:2023-10-14 14:40:33.898408][J:cdc1a787-3dcf-42fc-b6d5-b9b6f316d574][A:train#b43652b1-d9df-429a-b300-e82dcac96f6b]received result from client 'site-1'
[E:187f9cc4-d89b-45a4-86fb-a807d1d1a423][T:2023-10-14 14:40:38.887776][J:cdc1a787-3dcf-42fc-b6d5-b9b6f316d574][A:train#96fb9b9d-9a0b-4ac9-bc72-f1b5d210a9c3]sent task to client "site-1"
[E:5ad47633-1433-4e2b-adde-82f0774ec91c][T:2023-10-14 14:40:39.511508][J:cdc1a787-3dcf-42fc-b6d5-b9b6f316d574][A:train#1c045d3e-c146-4ec2-baa4-f3573b3ec681]sent task to client "site-2"
[E:25a37ad3-3f45-4bc8-98e8-f579fa69c379][R:26e1709c-46a3-4da0-9de1-90d3dbc059b7][T:2023-10-14 14:40:57.462591][J:cdc1a787-3dcf-42fc-b6d5-b9b6f316d574][A:train#1c045d3e-c146-4ec2-baa4-f3573b3ec681]received result from client 'site-2'
[E:7d84069b-754e-4c85-a76f-45db4917528e][R:02bbb8a9-8064-42b1-bc5b-726daa52cea8][T:2023-10-14 14:41:03.737467][J:cdc1a787-3dcf-42fc-b6d5-b9b6f316d574][A:train#96fb9b9d-9a0b-4ac9-bc72-f1b5d210a9c3]received result from client 'site-1'
[E:3ff31ef2-bb43-42ba-9b1b-c8656715ba0d][T:2023-10-14 14:41:08.075584][J:cdc1a787-3dcf-42fc-b6d5-b9b6f316d574][A:train#13d9fdf5-e9ba-489f-9280-34a77b43fbe3]sent task to client "site-2"
[E:44ff4fc7-ab19-4ad5-916d-37044d74de6e][T:2023-10-14 14:41:08.223005][J:cdc1a787-3dcf-42fc-b6d5-b9b6f316d574][A:train#f6e6eadc-5516-4b47-be9b-96c9c8b7e4ea]sent task to client "site-1"
[E:a3a5b4c0-5eae-45e5-90b7-1a7a6077f925][R:a8135386-a076-48c5-8be7-fc141339ac7a][T:2023-10-14 14:41:26.333605][J:cdc1a787-3dcf-42fc-b6d5-b9b6f316d574][A:train#13d9fdf5-e9ba-489f-9280-34a77b43fbe3]received result from client 'site-2'
[E:596aacc1-b54e-4bb6-a58a-c67ecc73f221][R:aa92714d-a7db-480c-a6f9-b10315d0cfa0][T:2023-10-14 14:41:33.313708][J:cdc1a787-3dcf-42fc-b6d5-b9b6f316d574][A:train#f6e6eadc-5516-4b47-be9b-96c9c8b7e4ea]received result from client 'site-1'
[E:bf72958b-8f39-4bd3-808e-2ab51b0c53a6][T:2023-10-14 14:41:37.059711][J:cdc1a787-3dcf-42fc-b6d5-b9b6f316d574][A:train#01f65671-410b-45fc-b578-51a9da31ba82]sent task to client "site-2"
[E:8fa50b23-bcc0-495d-9134-9b42be90ef92][T:2023-10-14 14:41:37.550694][J:cdc1a787-3dcf-42fc-b6d5-b9b6f316d574][A:train#d4dbeaff-f727-4f7e-88de-91a3aa5692d1]sent task to client "site-1"
[E:fea3449f-61a9-4788-b4d2-a1652ee72d13][R:ee551653-b7d4-471d-b5f2-d887fe49619c][T:2023-10-14 14:41:54.737869][J:cdc1a787-3dcf-42fc-b6d5-b9b6f316d574][A:train#01f65671-410b-45fc-b578-51a9da31ba82]received result from client 'site-2'
[E:14eaf342-ea6d-4d8e-9d0f-ce8269715877][R:11f7e874-cc09-483f-ba52-b03c01813bf2][T:2023-10-14 14:42:02.092219][J:cdc1a787-3dcf-42fc-b6d5-b9b6f316d574][A:train#d4dbeaff-f727-4f7e-88de-91a3aa5692d1]received result from client 'site-1'
[E:19942ee5-5302-4712-8430-00e6e7637860][T:2023-10-14 14:42:05.712714][J:cdc1a787-3dcf-42fc-b6d5-b9b6f316d574][A:train#c58619af-f44c-4492-be8c-fdfdefcd478d]sent task to client "site-2"
[E:a0b2ba45-c5d3-436a-a464-24d4837b7802][T:2023-10-14 14:42:06.393831][J:cdc1a787-3dcf-42fc-b6d5-b9b6f316d574][A:train#76c6df9d-0132-448b-9dc2-a3405fc89232]sent task to client "site-1"
[E:5b0bb376-8ec0-4bc4-9c64-f80fdd4a3a6a][R:92eb7bd3-82a0-4595-9833-ed63d29a4b1e][T:2023-10-14 14:42:23.474864][J:cdc1a787-3dcf-42fc-b6d5-b9b6f316d574][A:train#c58619af-f44c-4492-be8c-fdfdefcd478d]received result from client 'site-2'
[E:b64e4f63-ea3f-4c3b-ba8e-2ea62130c74d][R:ce58cf82-6f2d-462e-82b0-ab7f7fe3cdae][T:2023-10-14 14:42:30.603197][J:cdc1a787-3dcf-42fc-b6d5-b9b6f316d574][A:train#76c6df9d-0132-448b-9dc2-a3405fc89232]received result from client 'site-1'
[E:8b00a624-92eb-4259-831f-ec235a856f0a][T:2023-10-14 14:42:34.324947][J:cdc1a787-3dcf-42fc-b6d5-b9b6f316d574][A:train#5c4adae3-907e-4ab4-bffa-6122ddaa0c3d]sent task to client "site-2"
[E:412c63f3-b82d-4cfb-90be-392e3d3c04cc][T:2023-10-14 14:42:35.068285][J:cdc1a787-3dcf-42fc-b6d5-b9b6f316d574][A:train#72cad72f-c39a-4a6b-9a37-bb39c87d2ace]sent task to client "site-1"
[E:8ef29b5b-967b-4449-8a03-c26310cd2255][R:822db500-5735-4bbe-afa6-1557d331ea93][T:2023-10-14 14:42:51.912225][J:cdc1a787-3dcf-42fc-b6d5-b9b6f316d574][A:train#5c4adae3-907e-4ab4-bffa-6122ddaa0c3d]received result from client 'site-2'
[E:69a6c62c-3eb9-44b9-bae4-71abe73fe169][R:faef622a-86e2-4a0e-b31a-e6fdbda9bdfe][T:2023-10-14 14:42:59.280814][J:cdc1a787-3dcf-42fc-b6d5-b9b6f316d574][A:train#72cad72f-c39a-4a6b-9a37-bb39c87d2ace]received result from client 'site-1'
[E:4b5a63fc-4f71-4f76-9484-5ccf748cda2f][T:2023-10-14 14:43:03.165953][J:cdc1a787-3dcf-42fc-b6d5-b9b6f316d574][A:train#c3912b24-4074-42a1-906f-ca6cdcfada50]sent task to client "site-2"
[E:ef809905-32d6-49ed-89ea-7a8eddd1257f][T:2023-10-14 14:43:03.634665][J:cdc1a787-3dcf-42fc-b6d5-b9b6f316d574][A:train#c057b3fd-7a38-45be-9741-d0c07c2dbe47]sent task to client "site-1"
[E:288afca6-c582-46bd-b775-a526da965cf9][R:da1242b9-f78d-4a16-9a89-7893a73e4cd3][T:2023-10-14 14:43:20.607862][J:cdc1a787-3dcf-42fc-b6d5-b9b6f316d574][A:train#c3912b24-4074-42a1-906f-ca6cdcfada50]received result from client 'site-2'
[E:1f210f77-8353-4ce8-bc60-2e578157c23c][R:9bf3f583-da75-4d7d-a583-a1299ce613a5][T:2023-10-14 14:43:27.914393][J:cdc1a787-3dcf-42fc-b6d5-b9b6f316d574][A:train#c057b3fd-7a38-45be-9741-d0c07c2dbe47]received result from client 'site-1'
[E:b6a573ac-c168-4b00-a799-58fad3ee4713][T:2023-10-14 14:43:31.584140][J:cdc1a787-3dcf-42fc-b6d5-b9b6f316d574][A:train#503627c2-962e-4a86-85f8-f8dd70d0f4a0]sent task to client "site-2"
[E:0fa8ff56-6f85-4693-bac7-485acbfba75a][T:2023-10-14 14:43:32.338412][J:cdc1a787-3dcf-42fc-b6d5-b9b6f316d574][A:train#cc3c2ee2-9570-430f-87ea-2ffa941112b4]sent task to client "site-1"
[E:0d41f8b5-9fe4-4d7e-9e3f-39dfe424797d][R:2842be4d-eff1-47c7-9a07-cf8232398c80][T:2023-10-14 14:43:49.085497][J:cdc1a787-3dcf-42fc-b6d5-b9b6f316d574][A:train#503627c2-962e-4a86-85f8-f8dd70d0f4a0]received result from client 'site-2'
[E:03b4f3d9-6663-419e-89f5-0e8b88ea6589][R:a48ad4fa-3678-4a19-abe0-8882749ae07d][T:2023-10-14 14:43:56.434520][J:cdc1a787-3dcf-42fc-b6d5-b9b6f316d574][A:train#cc3c2ee2-9570-430f-87ea-2ffa941112b4]received result from client 'site-1'
[E:1b69d882-06d8-4751-92f1-88d2457216bb][T:2023-10-14 14:44:00.963991][J:cdc1a787-3dcf-42fc-b6d5-b9b6f316d574][A:train#977ea33b-a4a2-451b-9b09-1bfcfe11be50]sent task to client "site-1"
[E:65abcea7-3267-4e6e-b8a6-2f72e624aefe][T:2023-10-14 14:44:02.566721][J:cdc1a787-3dcf-42fc-b6d5-b9b6f316d574][A:train#5b3ac6b6-207b-42a9-af9f-2847f43d6d36]sent task to client "site-2"
[E:160176b4-95e9-4d04-ab99-fec89ef6b579][R:16786c6c-8c29-45aa-816d-6d6e3083ce44][T:2023-10-14 14:44:19.844699][J:cdc1a787-3dcf-42fc-b6d5-b9b6f316d574][A:train#5b3ac6b6-207b-42a9-af9f-2847f43d6d36]received result from client 'site-2'
[E:18d155c3-5552-487a-9e93-fda79dc4a0f6][R:a027dba2-5301-481c-9217-0466890049f3][T:2023-10-14 14:44:24.881465][J:cdc1a787-3dcf-42fc-b6d5-b9b6f316d574][A:train#977ea33b-a4a2-451b-9b09-1bfcfe11be50]received result from client 'site-1'
[E:446b09dd-195f-4348-aeb2-3e460981bfa2][T:2023-10-14 14:44:31.379125][J:cdc1a787-3dcf-42fc-b6d5-b9b6f316d574][A:submit_model#0ce07f30-76da-49fe-98f3-3e71a47104ba]sent task to client "site-2"
[E:2da93313-4f05-4ccc-9d4d-ac001d29ae16][T:2023-10-14 14:44:31.739477][J:cdc1a787-3dcf-42fc-b6d5-b9b6f316d574][A:submit_model#4501292b-00b7-4ada-97f6-e61b7fe8f814]sent task to client "site-1"
[E:62227611-af0c-4372-8510-c29ae8bf6ab1][R:1e7a9211-13be-4737-b6ac-0a3793921805][T:2023-10-14 14:44:36.482996][J:cdc1a787-3dcf-42fc-b6d5-b9b6f316d574][A:submit_model#0ce07f30-76da-49fe-98f3-3e71a47104ba]received result from client 'site-2'
[E:31411ca4-ecf4-40f7-82bb-adca0c7b462d][R:78bbaff9-b282-4141-82d3-1de53122b6b2][T:2023-10-14 14:44:37.617332][J:cdc1a787-3dcf-42fc-b6d5-b9b6f316d574][A:submit_model#4501292b-00b7-4ada-97f6-e61b7fe8f814]received result from client 'site-1'
[E:69806f6f-7e6e-470a-8323-402b917dcc31][T:2023-10-14 14:44:39.683318][J:cdc1a787-3dcf-42fc-b6d5-b9b6f316d574][A:validate#d49908ef-c45d-42fd-ba60-b3a6cea8e161]sent task to client "site-2"
[E:8d601df7-23c3-4f34-a8dc-9ae5863c27ae][T:2023-10-14 14:44:40.357954][J:cdc1a787-3dcf-42fc-b6d5-b9b6f316d574][A:validate#62cd1d37-53ae-4ec4-9212-71f9b74b1136]sent task to client "site-1"
[E:08bc81b6-ddc8-4086-83cf-82755cf91f1d][R:c06d82a7-986f-449e-8211-4ed0555cb63a][T:2023-10-14 14:44:44.921613][J:cdc1a787-3dcf-42fc-b6d5-b9b6f316d574][A:validate#d49908ef-c45d-42fd-ba60-b3a6cea8e161]received result from client 'site-2'
[E:86fd6d85-d65e-4d96-8365-6ecf04f409b9][R:1a66db96-661c-464a-afcf-46cbce893930][T:2023-10-14 14:44:46.999575][J:cdc1a787-3dcf-42fc-b6d5-b9b6f316d574][A:validate#62cd1d37-53ae-4ec4-9212-71f9b74b1136]received result from client 'site-1'
[E:2cbcc48c-3322-4eb2-b440-139025a1e9d4][T:2023-10-14 14:44:47.004896][J:cdc1a787-3dcf-42fc-b6d5-b9b6f316d574][A:validate#226e8a4c-c7c0-410c-bc32-f7d9122e17ad]sent task to client "site-2"
[E:baceb151-e303-456b-a83c-55c8e8fe792e][T:2023-10-14 14:44:49.526112][J:cdc1a787-3dcf-42fc-b6d5-b9b6f316d574][A:validate#ce3cf313-1571-42ce-b632-d1eba08e2a8b]sent task to client "site-1"
[E:10240685-4cb3-4a23-b7ad-6d19a40d3cbb][R:131920a7-ad69-4b86-b3fb-28fd40d98af7][T:2023-10-14 14:44:52.341071][J:cdc1a787-3dcf-42fc-b6d5-b9b6f316d574][A:validate#226e8a4c-c7c0-410c-bc32-f7d9122e17ad]received result from client 'site-2'
[E:5f9e2146-a202-4548-93a0-9570c4d4fd9a][T:2023-10-14 14:44:54.472053][J:cdc1a787-3dcf-42fc-b6d5-b9b6f316d574][A:validate#f0080de0-b847-4fb2-aeb3-a77eb3fe1c75]sent task to client "site-2"
[E:cd0e78bf-dc16-423b-9e05-e8235c9da636][R:6dfdcc29-277f-4df8-b75b-427af7296dac][T:2023-10-14 14:44:56.125319][J:cdc1a787-3dcf-42fc-b6d5-b9b6f316d574][A:validate#ce3cf313-1571-42ce-b632-d1eba08e2a8b]received result from client 'site-1'
[E:9a90de74-aaa3-4a3a-9881-7f6ba2c25a9d][T:2023-10-14 14:44:58.267433][J:cdc1a787-3dcf-42fc-b6d5-b9b6f316d574][A:validate#70c54776-2caa-4073-8854-bf5a3c3ce9f6]sent task to client "site-1"
[E:b26fde57-c62d-44d9-8258-64a485484d7d][R:73a0a521-95a9-445c-ab72-a528942b4cb3][T:2023-10-14 14:45:00.986106][J:cdc1a787-3dcf-42fc-b6d5-b9b6f316d574][A:validate#f0080de0-b847-4fb2-aeb3-a77eb3fe1c75]received result from client 'site-2'
[E:4060be15-1550-40ce-8c42-23e67394adca][T:2023-10-14 14:45:03.120522][J:cdc1a787-3dcf-42fc-b6d5-b9b6f316d574][A:validate#65580b81-4552-4d1a-833e-d735cd5760b3]sent task to client "site-2"
[E:295f79d8-b09f-484b-bf0f-82068f0b906d][R:440880d1-8642-47ad-a33a-c106d358a640][T:2023-10-14 14:45:06.011184][J:cdc1a787-3dcf-42fc-b6d5-b9b6f316d574][A:validate#70c54776-2caa-4073-8854-bf5a3c3ce9f6]received result from client 'site-1'
[E:4e183c2b-c610-4ba2-96f8-feaf1e6cee11][T:2023-10-14 14:45:08.155361][J:cdc1a787-3dcf-42fc-b6d5-b9b6f316d574][A:validate#4b67d320-cb6b-47b8-86e3-9b088caaf4b2]sent task to client "site-1"
[E:a42af3d1-92d8-4899-b00a-dbc8f0a9b224][R:1d25cc79-3f90-4a21-83c5-6dfa43d81f1e][T:2023-10-14 14:45:09.584250][J:cdc1a787-3dcf-42fc-b6d5-b9b6f316d574][A:validate#65580b81-4552-4d1a-833e-d735cd5760b3]received result from client 'site-2'
[E:75471a05-a551-4f58-a616-7c7c369013b8][R:4a0a4da7-ac5a-4891-9fae-b3ab8a5a75d6][T:2023-10-14 14:45:15.954598][J:cdc1a787-3dcf-42fc-b6d5-b9b6f316d574][A:validate#4b67d320-cb6b-47b8-86e3-9b088caaf4b2]received result from client 'site-1'
[E:6f6afb4d-1a1e-4b92-b272-727dbb776164][T:2023-10-14 16:01:41.915679][U:?][A:_cert_login admin@nvidia.com]
[E:c5b9e5ef-a6b8-4117-a5b1-61bb85c0a3a5][T:2023-10-14 16:01:47.778669][U:admin@nvidia.com][A:check_status client]
[E:3e27a8e2-8cd3-4bc4-a19f-0ac95989e792][T:2023-10-14 16:04:10.179740][U:admin@nvidia.com][A:job_mgmt.submit_job cifar10_fedavg_he UEsDBBQAAAAAAIWATlcLg1OmYwQAAGMEAAAnAAAAY2lmYXIxMF9mZWRhdmdfaG]
[E:a841c8ac-d68a-4d98-8abc-58020d530b17][T:2023-10-14 16:04:14.339779][J:6bbf3c94-7160-4e6c-8fa7-00025f7cf055][A:train#56a77ff1-1b61-4417-8ba6-d24d23851d9d]sent task to client "site-1"
[E:272968d1-1cea-44b0-b753-cbb8dcbf5aba][T:2023-10-14 16:04:15.916827][J:6bbf3c94-7160-4e6c-8fa7-00025f7cf055][A:train#0385aff7-3ead-4982-a0f0-0e956f707c28]sent task to client "site-2"
[E:1c815dc0-ca06-4b6b-a070-7c7f269b09dc][R:e7d645be-1e1d-4709-9938-0236d01bcaba][T:2023-10-14 16:04:16.919689][J:6bbf3c94-7160-4e6c-8fa7-00025f7cf055][A:train#56a77ff1-1b61-4417-8ba6-d24d23851d9d]received result from client 'site-1'
[E:a3d71a99-e47b-42c6-950c-3e727cae311b][R:8f1dedeb-f888-45ca-8c6d-7137fc908570][T:2023-10-14 16:04:17.280971][J:6bbf3c94-7160-4e6c-8fa7-00025f7cf055][A:train#0385aff7-3ead-4982-a0f0-0e956f707c28]received result from client 'site-2'
[E:a6c52edf-f6d1-4cf2-bb40-d92b9ee8e083][T:2023-10-14 17:02:58.381397][U:?][A:_cert_login admin@nvidia.com]
[E:b55a231f-9b19-4d78-baa8-39676926c5a0][T:2023-10-14 17:03:05.304217][U:admin@nvidia.com][A:check_status client]
[E:441de338-a539-4099-9e02-89393fc8ad46][T:2023-10-14 17:03:28.713863][U:admin@nvidia.com][A:job_mgmt.submit_job cifar10_fedavg_he UEsDBBQAAAAAAG6ITlcLg1OmYwQAAGMEAAAnAAAAY2lmYXIxMF9mZWRhdmdfaG]
[E:4a92eecc-5d41-4442-9621-e146387498a0][T:2023-10-14 17:03:32.436504][J:5b65e3e4-fa90-4422-be8e-4e04e4360e04][A:train#3ee5dd16-0c4f-4483-8ab5-d2d8ab49bd30]sent task to client "site-2"
[E:2e58623e-22d9-418b-aec0-a166fbf5df64][T:2023-10-14 17:03:32.469411][J:5b65e3e4-fa90-4422-be8e-4e04e4360e04][A:train#bd9a929b-9ecf-423c-8753-29ef82e2f2fd]sent task to client "site-1"
[E:924eab9d-8c95-49a8-aee6-c35a15c84948][R:cbe39bc1-08e1-4838-905a-f5a876dfc540][T:2023-10-14 17:03:34.576994][J:5b65e3e4-fa90-4422-be8e-4e04e4360e04][A:train#bd9a929b-9ecf-423c-8753-29ef82e2f2fd]received result from client 'site-1'
[E:a4d799a1-aad7-4fd0-9c6f-35d9e6a7eb2d][R:23f96e74-6b3f-42ff-893b-fb78147f1926][T:2023-10-14 17:03:34.584561][J:5b65e3e4-fa90-4422-be8e-4e04e4360e04][A:train#3ee5dd16-0c4f-4483-8ab5-d2d8ab49bd30]received result from client 'site-2'
[E:66e51896-6332-4cca-a0f6-24a9bb00a9d4][T:2023-10-14 17:22:52.653419][U:?][A:_cert_login admin@nvidia.com]
[E:1fba6741-bf67-4d32-a39e-b2eee4069dd2][T:2023-10-14 17:23:38.005908][U:admin@nvidia.com][A:job_mgmt.submit_job cifar10_fedavg_he UEsDBBQAAAAAAPKKTlcLg1OmYwQAAGMEAAAnAAAAY2lmYXIxMF9mZWRhdmdfaG]
[E:c3de29c4-1287-402c-803a-bfa96198757c][T:2023-10-14 17:23:41.381187][J:ab033e58-6095-464d-82f9-777f1a2cc99b][A:train#74b55300-8de5-4eb2-bb95-ebb126b458ad]sent task to client "site-1"
[E:5e63d960-6dd8-4508-91eb-1ade0aba02b2][T:2023-10-14 17:23:41.434802][J:ab033e58-6095-464d-82f9-777f1a2cc99b][A:train#6965b376-f569-4c2b-9743-0f063a6fc218]sent task to client "site-2"
[E:1b0e6433-6d50-4002-b55a-315128d4db8f][R:d22dcf78-e1a2-4037-8689-4d7b70023b83][T:2023-10-14 17:23:42.676249][J:ab033e58-6095-464d-82f9-777f1a2cc99b][A:train#74b55300-8de5-4eb2-bb95-ebb126b458ad]received result from client 'site-1'
[E:c2111501-bda1-4d3b-8ec5-3ef990bafd77][R:ab96df13-6bf1-4178-b02c-5ea9936878fd][T:2023-10-14 17:23:42.699782][J:ab033e58-6095-464d-82f9-777f1a2cc99b][A:train#6965b376-f569-4c2b-9743-0f063a6fc218]received result from client 'site-2'
[E:c99872a6-ea91-47d5-9d20-d10ed4cde519][T:2023-10-14 17:25:27.876077][U:admin@nvidia.com][A:job_mgmt.submit_job cifar10_fedavg_he UEsDBBQAAAAAAC2LTlcLg1OmYwQAAGMEAAAnAAAAY2lmYXIxMF9mZWRhdmdfaG]
[E:2bfc295e-234b-4208-94b9-5af1307faa3a][T:2023-10-14 17:25:31.886089][J:bb15853d-11b4-4cf8-99aa-9356fe06854c][A:train#95ab4001-72cb-43eb-ace8-58a8f1980600]sent task to client "site-1"
[E:c8c88f4e-b8eb-41c0-8796-2dae4a5f67ed][T:2023-10-14 17:25:31.964901][J:bb15853d-11b4-4cf8-99aa-9356fe06854c][A:train#9cf26b9e-c234-456d-ac1f-c89bc41cdcb0]sent task to client "site-2"
[E:b9d00059-f4b8-4f2f-a4b1-ce3423caf323][R:8a83cf8b-caca-4658-95f6-d0686368d06e][T:2023-10-14 17:25:33.176678][J:bb15853d-11b4-4cf8-99aa-9356fe06854c][A:train#95ab4001-72cb-43eb-ace8-58a8f1980600]received result from client 'site-1'
[E:6010db5b-67ce-4dc4-9e5e-3e3c82e34167][R:3e9a9a65-952d-4a7a-84f5-a2edcd7e36e8][T:2023-10-14 17:25:33.203300][J:bb15853d-11b4-4cf8-99aa-9356fe06854c][A:train#9cf26b9e-c234-456d-ac1f-c89bc41cdcb0]received result from client 'site-2'
[E:7f6d0b20-b99f-422b-92c7-f198ffb765af][T:2023-10-14 17:28:38.511108][U:admin@nvidia.com][A:job_mgmt.submit_job cifar10_fedavg_he UEsDBBQAAAAAAJOLTlcLg1OmYwQAAGMEAAAnAAAAY2lmYXIxMF9mZWRhdmdfaG]
[E:d33f5343-615e-4151-bc0f-e95afba0a7aa][T:2023-10-14 17:28:51.776180][J:e39a7acc-b823-480b-aed1-71641e6d5697][A:train#5ec8ccc6-c12b-43da-865b-897f637089ef]sent task to client "site-1"
[E:db2a6432-368b-40bd-9466-a1a48fe4deb4][T:2023-10-14 17:28:51.831272][J:e39a7acc-b823-480b-aed1-71641e6d5697][A:train#7b56505e-f703-48d1-a91e-c604a04cacf2]sent task to client "site-2"
[E:8b50da40-92b0-4a04-ae49-09caee9edf87][R:6e4fca76-1409-4602-b867-5816b16038f0][T:2023-10-14 17:29:03.373432][J:e39a7acc-b823-480b-aed1-71641e6d5697][A:train#7b56505e-f703-48d1-a91e-c604a04cacf2]received result from client 'site-2'
[E:b1c9f6d4-b42c-4d7a-952b-1bdf11bb2fc8][R:eb91681a-1c2e-4ac0-8b8f-0e7bc05803c3][T:2023-10-14 17:29:03.401676][J:e39a7acc-b823-480b-aed1-71641e6d5697][A:train#5ec8ccc6-c12b-43da-865b-897f637089ef]received result from client 'site-1'
[E:8848d67f-fc14-411d-84f4-56a4f072e2a9][T:2023-10-14 17:34:37.754356][U:admin@nvidia.com][A:job_mgmt.submit_job cifar10_fedavg_he UEsDBBQAAAAAAFKMTlcLg1OmYwQAAGMEAAAnAAAAY2lmYXIxMF9mZWRhdmdfaG]
[E:8949d435-c4e5-4365-a635-4207f1454244][T:2023-10-14 17:34:47.575135][J:6906da61-5a9a-4f94-9b64-da13bfccbf58][A:train#633cccfd-19ef-482a-bca8-d688a8b1a8b1]sent task to client "site-2"
[E:a1ae5993-be8a-48d8-8e85-9588f8bccab4][T:2023-10-14 17:34:47.656255][J:6906da61-5a9a-4f94-9b64-da13bfccbf58][A:train#e0089933-8137-4f6b-a8fa-60e3a2115cbe]sent task to client "site-1"
[E:6be443e0-a2e9-4bd8-b4bb-4ea51a755e7b][R:9e83c038-2a22-4188-b81f-6b9b1f4ca4f1][T:2023-10-14 17:34:53.479854][J:6906da61-5a9a-4f94-9b64-da13bfccbf58][A:train#633cccfd-19ef-482a-bca8-d688a8b1a8b1]received result from client 'site-2'
[E:5abb7ad6-ecaf-4488-aa3a-14e59caa058e][R:dd2a503c-c894-46d7-9d16-d06f44c33b50][T:2023-10-14 17:34:53.567666][J:6906da61-5a9a-4f94-9b64-da13bfccbf58][A:train#e0089933-8137-4f6b-a8fa-60e3a2115cbe]received result from client 'site-1'
[E:3b1fd5a9-f2d4-4361-aa32-8deb9ac56403][T:2023-10-14 17:36:05.607202][U:admin@nvidia.com][A:job_mgmt.submit_job cifar10_fedavg_he UEsDBBQAAAAAAIKMTlcLg1OmYwQAAGMEAAAnAAAAY2lmYXIxMF9mZWRhdmdfaG]
[E:59f2d8a2-b299-4ca6-80c7-b91579bee837][T:2023-10-14 17:36:15.101748][J:f61ae72d-5ea7-4d10-97bb-201b2e4af25d][A:train#68aa92cb-31ba-41c8-b95e-8093e30bfc3c]sent task to client "site-1"
[E:e3f73c4c-2991-47c6-8c11-f158759e8ac3][T:2023-10-14 17:36:15.182202][J:f61ae72d-5ea7-4d10-97bb-201b2e4af25d][A:train#b862bf06-fb24-4625-9195-af14403bb326]sent task to client "site-2"
[E:1cf7cb73-d928-4358-8ecb-dc2b05b3e914][R:e08cda96-5209-49d7-9e36-56a3e7e515a5][T:2023-10-14 17:36:16.404808][J:f61ae72d-5ea7-4d10-97bb-201b2e4af25d][A:train#68aa92cb-31ba-41c8-b95e-8093e30bfc3c]received result from client 'site-1'
[E:94ee1732-0483-4bb9-bb1c-05da412411c5][T:2023-10-14 17:37:12.700194][U:admin@nvidia.com][A:job_mgmt.submit_job cifar10_fedavg_he UEsDBBQAAAAAAKaMTlcLg1OmYwQAAGMEAAAnAAAAY2lmYXIxMF9mZWRhdmdfaG]
[E:e036f948-c8d4-44ff-81a1-df3963435eac][T:2023-10-14 17:37:22.538027][J:77f6c049-981e-4ee2-a848-5819d8e5487e][A:train#dc2b5588-e6ae-491f-9dbe-c86448c1c269]sent task to client "site-1"
[E:a33f1840-64e4-4c11-8194-8ab74f3d2dcc][T:2023-10-14 17:37:22.647859][J:77f6c049-981e-4ee2-a848-5819d8e5487e][A:train#b71a121d-8d0a-4412-9a54-b5a4cc18f943]sent task to client "site-2"
[E:311fd36f-98d1-436d-ada8-ca913f7089bd][R:0bcc132a-432e-40c4-a621-419e93335144][T:2023-10-14 17:37:28.675313][J:77f6c049-981e-4ee2-a848-5819d8e5487e][A:train#b71a121d-8d0a-4412-9a54-b5a4cc18f943]received result from client 'site-2'
[E:8d4c84c8-a653-4e0d-8ab6-2f60a2221b77][R:fb59467b-c5c8-477c-b8a4-fca233700d97][T:2023-10-14 17:37:30.548695][J:77f6c049-981e-4ee2-a848-5819d8e5487e][A:train#dc2b5588-e6ae-491f-9dbe-c86448c1c269]received result from client 'site-1'
[E:7bf84f5a-a3b1-4d8b-9520-439e842bdbce][T:2023-10-14 17:38:26.691802][U:admin@nvidia.com][A:job_mgmt.submit_job cifar10_fedavg_he UEsDBBQAAAAAAM2MTlcLg1OmYwQAAGMEAAAnAAAAY2lmYXIxMF9mZWRhdmdfaG]
[E:90e8f274-a52b-49fc-8c22-db0bf97cbb28][T:2023-10-14 17:38:36.067140][J:cb2c1f14-3a6c-445c-b8a2-72b5238a556b][A:train#1d61daae-89c7-4bc3-aef6-c0abbe52cf4f]sent task to client "site-1"
[E:81f77e68-f07e-441f-90b1-de3e18413c50][T:2023-10-14 17:38:36.119730][J:cb2c1f14-3a6c-445c-b8a2-72b5238a556b][A:train#5353e9b3-3bf1-49df-b6e7-6c7c66bdbb44]sent task to client "site-2"
[E:9d551616-e995-4f71-a18a-a380cf2065ee][R:de4dfd62-76ce-44e3-959c-4d922df8b6c2][T:2023-10-14 17:39:03.648985][J:cb2c1f14-3a6c-445c-b8a2-72b5238a556b][A:train#5353e9b3-3bf1-49df-b6e7-6c7c66bdbb44]received result from client 'site-2'
[E:976efd7b-766d-4738-b4a8-7a25b57d869d][R:c979f2dd-5243-4a21-9a94-9e40f0c8c0d0][T:2023-10-14 17:39:10.179678][J:cb2c1f14-3a6c-445c-b8a2-72b5238a556b][A:train#1d61daae-89c7-4bc3-aef6-c0abbe52cf4f]received result from client 'site-1'
[E:e5fe44e7-edff-41b2-8731-651c72149b00][T:2023-10-14 17:39:14.001442][J:cb2c1f14-3a6c-445c-b8a2-72b5238a556b][A:train#4c7dde23-840e-44c2-a85a-2c1176f2e2b5]sent task to client "site-2"
[E:b15eb04f-70aa-4158-9084-a87a3ccdb837][T:2023-10-14 17:39:14.415708][J:cb2c1f14-3a6c-445c-b8a2-72b5238a556b][A:train#60e9523a-909c-4e17-83e5-3c50757d7557]sent task to client "site-1"
[E:c86d7df6-7a1c-4681-b76f-85bdfaaadabe][R:e1235399-7443-4fd6-907d-18af172928ae][T:2023-10-14 17:39:33.511523][J:cb2c1f14-3a6c-445c-b8a2-72b5238a556b][A:train#4c7dde23-840e-44c2-a85a-2c1176f2e2b5]received result from client 'site-2'
[E:d1f16d02-48d1-4a22-b7db-96a9d8c59033][R:7b4b6c4a-adb0-4c1c-9ae3-3a4dcb833cb0][T:2023-10-14 17:39:40.886395][J:cb2c1f14-3a6c-445c-b8a2-72b5238a556b][A:train#60e9523a-909c-4e17-83e5-3c50757d7557]received result from client 'site-1'
[E:00a97cfc-bbc3-4be7-aa82-73395f57bb91][T:2023-10-14 17:39:44.600093][J:cb2c1f14-3a6c-445c-b8a2-72b5238a556b][A:train#275767c9-f915-4f68-a4ce-a0c094fea7f2]sent task to client "site-2"
[E:76254683-3469-47f9-91f2-c734300d29c0][T:2023-10-14 17:39:45.208615][J:cb2c1f14-3a6c-445c-b8a2-72b5238a556b][A:train#75688b26-3879-4b37-ba74-42f58300eced]sent task to client "site-1"
[E:d17f3fb5-97c3-4927-98c4-904736083afe][R:7f80d624-f9f9-4c06-b89e-392fd9b7f94d][T:2023-10-14 17:40:03.658729][J:cb2c1f14-3a6c-445c-b8a2-72b5238a556b][A:train#275767c9-f915-4f68-a4ce-a0c094fea7f2]received result from client 'site-2'
[E:f7149e08-c72f-4b33-8762-1b80265a42e5][R:d89d5aac-d25f-4aa2-ac76-cddfc07448e9][T:2023-10-14 17:40:11.000903][J:cb2c1f14-3a6c-445c-b8a2-72b5238a556b][A:train#75688b26-3879-4b37-ba74-42f58300eced]received result from client 'site-1'
[E:53577994-a2bc-4e10-a9a3-f5c2f6726dd1][T:2023-10-14 17:40:14.697695][J:cb2c1f14-3a6c-445c-b8a2-72b5238a556b][A:train#21bdb0b8-cc49-41ab-8c78-0479681d3127]sent task to client "site-2"
[E:6df889fa-e59e-4c9b-bcf9-41eb75f6012e][T:2023-10-14 17:40:15.395374][J:cb2c1f14-3a6c-445c-b8a2-72b5238a556b][A:train#8af98576-b783-42d6-aa1f-bf238103608c]sent task to client "site-1"
[E:60e679dc-74a0-4be2-943d-58da73c19409][R:055ebd3f-1814-487c-af68-92fc9306bd68][T:2023-10-14 17:40:34.264814][J:cb2c1f14-3a6c-445c-b8a2-72b5238a556b][A:train#21bdb0b8-cc49-41ab-8c78-0479681d3127]received result from client 'site-2'
[E:3dc05662-d64d-4199-98ee-e4faf99a2eb4][R:d9cd9659-cf1a-4df9-9b3e-440dfbea2520][T:2023-10-14 17:40:41.851854][J:cb2c1f14-3a6c-445c-b8a2-72b5238a556b][A:train#8af98576-b783-42d6-aa1f-bf238103608c]received result from client 'site-1'
[E:9e4bb69e-3b77-4c0a-ac13-39eee207e740][T:2023-10-14 17:40:46.372214][J:cb2c1f14-3a6c-445c-b8a2-72b5238a556b][A:train#3ea16131-f05c-4780-bcc4-a6718654ac80]sent task to client "site-1"
[E:930cb1a6-8d8f-4c8f-b596-4b5dfea8ac0d][T:2023-10-14 17:40:48.030941][J:cb2c1f14-3a6c-445c-b8a2-72b5238a556b][A:train#24855634-1ba8-40d2-b2b3-a08850a40edc]sent task to client "site-2"
[E:abd04a3d-23e1-434c-80a9-19af29edfc49][R:f749bfee-18f2-4a28-bec6-5efa3475dc27][T:2023-10-14 17:41:07.034689][J:cb2c1f14-3a6c-445c-b8a2-72b5238a556b][A:train#24855634-1ba8-40d2-b2b3-a08850a40edc]received result from client 'site-2'
[E:cf378f60-e611-4a7d-a661-e4a75b4e2ac6][R:5a935f36-3214-4ff5-98e1-7fb5d809e8be][T:2023-10-14 17:41:12.100925][J:cb2c1f14-3a6c-445c-b8a2-72b5238a556b][A:train#3ea16131-f05c-4780-bcc4-a6718654ac80]received result from client 'site-1'
[E:a4c0c664-5796-4368-b464-3a31529c9e43][T:2023-10-14 17:41:15.901343][J:cb2c1f14-3a6c-445c-b8a2-72b5238a556b][A:train#781dce23-6e27-4bfb-938d-8b220bc04a22]sent task to client "site-2"
[E:ece4269a-3575-4e51-8634-11abbeeb1fce][T:2023-10-14 17:41:16.384107][J:cb2c1f14-3a6c-445c-b8a2-72b5238a556b][A:train#a321dbb4-d97d-49f8-9bed-740cc8af8c0a]sent task to client "site-1"
[E:3a7bd190-a304-48e9-9e01-54f8f1e44032][R:acafe409-9bc2-4a8c-a507-438d6d92e0b1][T:2023-10-14 17:41:35.222416][J:cb2c1f14-3a6c-445c-b8a2-72b5238a556b][A:train#781dce23-6e27-4bfb-938d-8b220bc04a22]received result from client 'site-2'
[E:c529b321-6dc8-4987-9fd6-bc8b87ffad4b][R:75d5ba6d-de03-4bad-9e82-e3e5966fef59][T:2023-10-14 17:41:42.208332][J:cb2c1f14-3a6c-445c-b8a2-72b5238a556b][A:train#a321dbb4-d97d-49f8-9bed-740cc8af8c0a]received result from client 'site-1'
[E:e91b7d47-adc3-4849-9deb-dcff49f1aacd][T:2023-10-14 17:41:46.712763][J:cb2c1f14-3a6c-445c-b8a2-72b5238a556b][A:train#d2ff8f1c-398f-4b8c-9ad6-e0bda448712f]sent task to client "site-1"
[E:d1ac1070-99a7-4086-9a98-13e2ca597fba][T:2023-10-14 17:41:48.090296][J:cb2c1f14-3a6c-445c-b8a2-72b5238a556b][A:train#d9a86139-0d22-4ef9-ac18-f49a36f50036]sent task to client "site-2"
[E:c741ae2b-57c5-42b6-948e-89cc24c024b3][R:6706a076-ab6a-4f19-99fd-a97b43bacf34][T:2023-10-14 17:42:07.194714][J:cb2c1f14-3a6c-445c-b8a2-72b5238a556b][A:train#d9a86139-0d22-4ef9-ac18-f49a36f50036]received result from client 'site-2'
[E:6f2e24c7-92d1-4b49-bcef-82d2c48ea9a3][R:1605bf1d-3512-4763-9d05-d05783b04457][T:2023-10-14 17:42:12.486366][J:cb2c1f14-3a6c-445c-b8a2-72b5238a556b][A:train#d2ff8f1c-398f-4b8c-9ad6-e0bda448712f]received result from client 'site-1'
[E:d57868a8-9fc1-41a2-90f0-08b3f94e7769][T:2023-10-14 17:42:16.287762][J:cb2c1f14-3a6c-445c-b8a2-72b5238a556b][A:train#c4bbe378-1e66-4ae2-81a5-a6ff58a1d6b4]sent task to client "site-2"
[E:be518089-655d-4622-8502-2dbaf1953329][T:2023-10-14 17:42:16.714529][J:cb2c1f14-3a6c-445c-b8a2-72b5238a556b][A:train#b1a94470-7e90-4afb-a7bf-297af8d93754]sent task to client "site-1"
[E:53105cb6-2931-48da-9f86-9c13e42fe5c4][R:fe828ac1-55d2-497a-8364-4668742cbaf3][T:2023-10-14 17:42:35.428623][J:cb2c1f14-3a6c-445c-b8a2-72b5238a556b][A:train#c4bbe378-1e66-4ae2-81a5-a6ff58a1d6b4]received result from client 'site-2'
[E:85fb73ba-d0bc-4a9b-9c28-039b84548434][R:d22f2ed1-f532-4bbc-bf11-fb15bf0c0973][T:2023-10-14 17:42:42.530540][J:cb2c1f14-3a6c-445c-b8a2-72b5238a556b][A:train#b1a94470-7e90-4afb-a7bf-297af8d93754]received result from client 'site-1'
[E:48e0eef2-a02f-4346-9675-7c7fecdfc190][T:2023-10-14 17:42:46.177398][J:cb2c1f14-3a6c-445c-b8a2-72b5238a556b][A:train#b8cef7df-eb5d-4d4c-91e7-f3fa2c6a70dc]sent task to client "site-2"
[E:a3db2aa2-d13f-4b37-9d1e-9a3ae20b1da1][T:2023-10-14 17:42:46.867219][J:cb2c1f14-3a6c-445c-b8a2-72b5238a556b][A:train#44cc44a2-7611-4c42-9613-56d698a95270]sent task to client "site-1"
[E:c3db1dd1-ab14-48cf-be8f-8dc0621645c7][R:bdda3433-09e4-47fa-83b9-daa6a3d522d3][T:2023-10-14 17:43:05.321872][J:cb2c1f14-3a6c-445c-b8a2-72b5238a556b][A:train#b8cef7df-eb5d-4d4c-91e7-f3fa2c6a70dc]received result from client 'site-2'
[E:47418633-135d-4a4b-9560-c7c7481f4737][R:fa368eae-107f-4db4-94cf-5a5f95b07f3f][T:2023-10-14 17:43:12.571540][J:cb2c1f14-3a6c-445c-b8a2-72b5238a556b][A:train#44cc44a2-7611-4c42-9613-56d698a95270]received result from client 'site-1'
[E:5e5de916-9f1e-444e-a33d-071f239c7cd0][T:2023-10-14 17:43:16.317692][J:cb2c1f14-3a6c-445c-b8a2-72b5238a556b][A:train#0da97393-0bec-4cbb-82a7-a7a93e3d7aeb]sent task to client "site-2"
[E:545543ba-5751-4ba6-b311-454ad038748d][T:2023-10-14 17:43:16.932914][J:cb2c1f14-3a6c-445c-b8a2-72b5238a556b][A:train#0561341f-b146-4152-bf82-df8cfa2d1420]sent task to client "site-1"
[E:2f671ca6-3085-476d-9d8e-00843ef1d115][R:3758450f-e038-47fc-bbe7-a8efb4816c46][T:2023-10-14 17:43:35.403179][J:cb2c1f14-3a6c-445c-b8a2-72b5238a556b][A:train#0da97393-0bec-4cbb-82a7-a7a93e3d7aeb]received result from client 'site-2'
[E:2a0b3818-62c4-4e2f-b100-c50ad1047102][R:b3925ad4-ae96-40aa-9235-bd15ac5f8dcc][T:2023-10-14 17:43:42.574576][J:cb2c1f14-3a6c-445c-b8a2-72b5238a556b][A:train#0561341f-b146-4152-bf82-df8cfa2d1420]received result from client 'site-1'
[E:62b9ceec-4f3e-448f-ac91-3a7671b20c7b][T:2023-10-14 17:43:47.481410][J:cb2c1f14-3a6c-445c-b8a2-72b5238a556b][A:submit_model#2b4594d2-97bb-4a12-b60b-9de8158ed8db]sent task to client "site-1"
[E:cb4c1717-650e-4ab2-94fa-4837384c9a48][T:2023-10-14 17:43:48.868155][J:cb2c1f14-3a6c-445c-b8a2-72b5238a556b][A:submit_model#c0466d41-1dfa-41ca-8c6f-e715f25895f1]sent task to client "site-2"
[E:fbe9e953-6037-4f76-a76c-33a71c22da90][R:14d6b534-965d-4ce3-b71a-b2f54e3040a1][T:2023-10-14 17:43:52.709305][J:cb2c1f14-3a6c-445c-b8a2-72b5238a556b][A:submit_model#2b4594d2-97bb-4a12-b60b-9de8158ed8db]received result from client 'site-1'
[E:fd9a68b6-183c-4da8-9c41-655ffab6ae22][R:8e0d2f9b-ce6a-4e5d-ae5d-a08ae4e83c8c][T:2023-10-14 17:43:54.012425][J:cb2c1f14-3a6c-445c-b8a2-72b5238a556b][A:submit_model#c0466d41-1dfa-41ca-8c6f-e715f25895f1]received result from client 'site-2'
[E:99f10ab6-8b1e-4913-8747-b042b690fb92][T:2023-10-14 17:43:55.460734][J:cb2c1f14-3a6c-445c-b8a2-72b5238a556b][A:validate#6d20e14d-62d9-49ea-a639-de781505f1ef]sent task to client "site-1"
[E:18889eab-80cb-419e-8f8a-f2630c93bd45][T:2023-10-14 17:43:56.711929][J:cb2c1f14-3a6c-445c-b8a2-72b5238a556b][A:validate#d9aeac47-b203-4332-aee5-3bfe040496ec]sent task to client "site-2"
[E:bd7abcd4-f5ce-41f7-9a89-789e04fb8e0d][R:3e9f827e-5c1f-4455-893f-ee35375bc195][T:2023-10-14 17:44:02.726004][J:cb2c1f14-3a6c-445c-b8a2-72b5238a556b][A:validate#d9aeac47-b203-4332-aee5-3bfe040496ec]received result from client 'site-2'
[E:b44cc20b-34f2-4e2b-a308-7138c66ab62f][R:41e7f914-7d79-4dae-949a-2ec2117b2bc0][T:2023-10-14 17:44:02.903476][J:cb2c1f14-3a6c-445c-b8a2-72b5238a556b][A:validate#6d20e14d-62d9-49ea-a639-de781505f1ef]received result from client 'site-1'
[E:93094af4-371b-4736-af7a-7defe75f5421][T:2023-10-14 17:44:04.809211][J:cb2c1f14-3a6c-445c-b8a2-72b5238a556b][A:validate#65a7adaf-59fb-40a8-a8fb-bb7659ad66bf]sent task to client "site-2"
[E:3c594c02-52b0-485c-949e-e8c25d746fe6][T:2023-10-14 17:44:05.446740][J:cb2c1f14-3a6c-445c-b8a2-72b5238a556b][A:validate#519e0b9c-4d3a-4492-b96d-35bac9d698fe]sent task to client "site-1"
[E:43f15ee2-c4b6-4ef5-8432-aaab2bc92b76][R:afce33ae-3fd6-4db2-9aeb-71de9c260eb1][T:2023-10-14 17:44:10.945004][J:cb2c1f14-3a6c-445c-b8a2-72b5238a556b][A:validate#65a7adaf-59fb-40a8-a8fb-bb7659ad66bf]received result from client 'site-2'
[E:13d5176c-17ce-47cb-8033-63ea387060ef][R:778f43c0-b494-479d-85b2-342316f15fad][T:2023-10-14 17:44:12.906895][J:cb2c1f14-3a6c-445c-b8a2-72b5238a556b][A:validate#519e0b9c-4d3a-4492-b96d-35bac9d698fe]received result from client 'site-1'
[E:7cd13da3-6450-4aad-841a-e83ff9d0f35a][T:2023-10-14 17:44:13.081651][J:cb2c1f14-3a6c-445c-b8a2-72b5238a556b][A:validate#4823a7d1-3283-4613-a47f-7dedefc3b055]sent task to client "site-2"
[E:c1be73e8-fb83-4dff-928a-0bc9e397b26f][T:2023-10-14 17:44:15.048223][J:cb2c1f14-3a6c-445c-b8a2-72b5238a556b][A:validate#070b71cb-1c9d-43fa-a403-e554e0b547c3]sent task to client "site-1"
[E:fee47fc7-29b9-4f3d-bfb3-958c08e73a24][R:6e9b0949-1756-4cd0-950a-b2042989007f][T:2023-10-14 17:44:20.310435][J:cb2c1f14-3a6c-445c-b8a2-72b5238a556b][A:validate#4823a7d1-3283-4613-a47f-7dedefc3b055]received result from client 'site-2'
[E:439c6404-4f38-495e-92a9-609a2e13bf31][T:2023-10-14 17:44:22.449796][J:cb2c1f14-3a6c-445c-b8a2-72b5238a556b][A:validate#81416021-b2a1-4038-9d0c-dbc15464bd6e]sent task to client "site-2"
[E:ae743ea2-7bee-4ab8-95bb-38695df94f05][R:c54ce9ed-71a1-4eae-aea3-2398d13cd395][T:2023-10-14 17:44:23.900090][J:cb2c1f14-3a6c-445c-b8a2-72b5238a556b][A:validate#070b71cb-1c9d-43fa-a403-e554e0b547c3]received result from client 'site-1'
[E:c3d0f2a9-ef61-4564-bbaa-9e1df9379648][T:2023-10-14 17:44:26.058860][J:cb2c1f14-3a6c-445c-b8a2-72b5238a556b][A:validate#c5297860-2543-48b0-8bd5-15f933db80e4]sent task to client "site-1"
[E:d6ead9ba-55c7-4693-8f99-f6345b99361b][R:1204fb35-805f-45b4-9a8d-b8ea4bf6f6f5][T:2023-10-14 17:44:29.630224][J:cb2c1f14-3a6c-445c-b8a2-72b5238a556b][A:validate#81416021-b2a1-4038-9d0c-dbc15464bd6e]received result from client 'site-2'
[E:4900c319-4434-4c7b-b51b-5625e766a4fb][R:7aa01547-b697-432b-ace2-8e021041e4fc][T:2023-10-14 17:44:34.891000][J:cb2c1f14-3a6c-445c-b8a2-72b5238a556b][A:validate#c5297860-2543-48b0-8bd5-15f933db80e4]received result from client 'site-1'
[E:fa149773-b590-4de8-84d3-97fd29f2611e][T:2023-10-15 14:27:53.625511][U:?][A:_cert_login admin@nvidia.com]
[E:37099ce1-eb34-4eff-abd3-72272f4bad22][T:2023-10-15 14:27:59.754385][U:admin@nvidia.com][A:check_status client]
[E:ca1c8b9a-34fc-4382-857a-35fe25420af6][T:2023-10-15 14:29:45.229831][U:admin@nvidia.com][A:check_status client]
[E:19336831-bce8-43f7-8c91-8d56a69583aa][T:2023-10-15 14:29:46.406889][U:admin@nvidia.com][A:check_status client]
[E:355f1464-b408-4ef8-bcda-eddd17274b42][T:2023-10-15 14:34:33.433436][U:?][A:_cert_login admin@nvidia.com]
[E:5932d48a-fd73-4250-99b0-10479395d0ab][T:2023-10-15 14:34:41.840745][U:admin@nvidia.com][A:check_status client]
[E:15cdb547-4dba-4699-80ec-667d93f9f80e][T:2023-10-15 14:35:07.213983][U:admin@nvidia.com][A:job_mgmt.submit_job cifar10_fedavg_he UEsDBBQAAAAAAGN0T1cLg1OmYwQAAGMEAAAnAAAAY2lmYXIxMF9mZWRhdmdfaG]
[E:f586d0d0-bf8d-4605-baa6-de6202473c14][T:2023-10-15 14:35:10.518998][J:63fef373-d5d5-4a1c-8a1b-877da4317124][A:train#1fa95842-9a23-45ab-9123-b620b89a4445]sent task to client "site-1"
[E:b71aaf2e-a4e6-4db9-ae4e-43264f3e1e5d][T:2023-10-15 14:35:10.551910][J:63fef373-d5d5-4a1c-8a1b-877da4317124][A:train#e02c49bf-e6f9-403c-8da1-0f4f2a7be388]sent task to client "site-2"
[E:5364402c-b8ea-45b1-9938-be65cb94983e][R:5489dfca-31d0-4945-a51a-0b08669bdd3d][T:2023-10-15 14:35:12.682663][J:63fef373-d5d5-4a1c-8a1b-877da4317124][A:train#e02c49bf-e6f9-403c-8da1-0f4f2a7be388]received result from client 'site-2'
[E:d8895d86-8c50-4aba-88ae-cc1a2b84882b][R:23f93e7c-b681-42b7-9d00-5237234aeae5][T:2023-10-15 14:35:12.702215][J:63fef373-d5d5-4a1c-8a1b-877da4317124][A:train#1fa95842-9a23-45ab-9123-b620b89a4445]received result from client 'site-1'
[E:06e90d47-de98-462f-8bed-5c01a3d8717c][T:2023-10-15 14:37:50.394801][U:admin@nvidia.com][A:job_mgmt.submit_job cifar10_fedavg_he UEsDBBQAAAAAALl0T1cLg1OmYwQAAGMEAAAnAAAAY2lmYXIxMF9mZWRhdmdfaG]
[E:7708f88e-54de-4890-bb84-b84e474c4149][T:2023-10-15 14:37:54.009806][J:9ee4291c-b6b6-41fb-9eb2-498df7eebf08][A:train#164543af-1607-4d73-8760-c0930113a07d]sent task to client "site-1"
[E:cd085f32-c2de-4b32-9f0d-8d3838a78b99][T:2023-10-15 14:37:54.060522][J:9ee4291c-b6b6-41fb-9eb2-498df7eebf08][A:train#c8442339-5d6f-4a4c-883e-d67c596e2129]sent task to client "site-2"
[E:0a674f80-1045-4cc1-b801-aec0315f9638][R:7e9b0970-059e-4709-9e4c-210dbf0471c3][T:2023-10-15 14:37:55.324465][J:9ee4291c-b6b6-41fb-9eb2-498df7eebf08][A:train#164543af-1607-4d73-8760-c0930113a07d]received result from client 'site-1'
[E:bc2d8e55-72a3-4ee9-ba94-4ebf70da05de][R:8e330f05-eb79-44a8-a65f-cef8409997c5][T:2023-10-15 14:37:55.342656][J:9ee4291c-b6b6-41fb-9eb2-498df7eebf08][A:train#c8442339-5d6f-4a4c-883e-d67c596e2129]received result from client 'site-2'
[E:7e7c51b8-7430-4a09-ad9b-c3d55263736c][T:2023-10-15 14:38:57.708108][U:admin@nvidia.com][A:job_mgmt.submit_job cifar10_fedavg_he UEsDBBQAAAAAANx0T1cLg1OmYwQAAGMEAAAnAAAAY2lmYXIxMF9mZWRhdmdfaG]
[E:2acf459e-3706-4dda-8ed3-2bc471c67c6c][T:2023-10-15 14:39:01.318542][J:1fa0354c-69a6-41d7-8093-81edc97c135d][A:train#a1cba600-87e3-48bd-a18f-5c6081c11f06]sent task to client "site-2"
[E:fcca2498-147a-4bcb-b415-580dd5d75fb0][T:2023-10-15 14:39:01.369913][J:1fa0354c-69a6-41d7-8093-81edc97c135d][A:train#e447b59c-caf3-43d1-9c95-c57a012263c4]sent task to client "site-1"
[E:f1bdcdb0-52bb-456a-9845-51a35ed0e484][R:9ebb02d6-f1c3-41af-8d63-d8d51c9df171][T:2023-10-15 14:39:02.671476][J:1fa0354c-69a6-41d7-8093-81edc97c135d][A:train#e447b59c-caf3-43d1-9c95-c57a012263c4]received result from client 'site-1'
[E:5707d6ba-8569-4c65-b883-1827c51fb377][R:c332fd7d-751a-4734-bfd2-6aa0da0613a3][T:2023-10-15 14:39:02.683451][J:1fa0354c-69a6-41d7-8093-81edc97c135d][A:train#a1cba600-87e3-48bd-a18f-5c6081c11f06]received result from client 'site-2'
[E:a30f6258-f876-4476-b341-e4a269abc0ae][T:2023-10-15 14:43:12.016704][U:admin@nvidia.com][A:job_mgmt.submit_job cifar10_fedavg_he UEsDBBQAAAAAAGZ1T1cLg1OmYwQAAGMEAAAnAAAAY2lmYXIxMF9mZWRhdmdfaG]
[E:532c2cbc-ed9b-4c03-8cca-d73df393ee12][T:2023-10-15 14:43:15.515176][J:200072d1-0c91-4a81-8efd-c4af0af26dea][A:train#f029ff0b-3501-49f8-ab20-cdc64a6ebe62]sent task to client "site-2"
[E:a38f19be-3ebb-4763-b188-25a4c00a246e][T:2023-10-15 14:43:15.567798][J:200072d1-0c91-4a81-8efd-c4af0af26dea][A:train#d1511dc3-900e-416a-9549-32d3687ed2f9]sent task to client "site-1"
[E:76f7b3c0-b216-4607-a95c-008ae4c6737a][R:3b0a702d-23ca-4935-8c56-d3ad247771f2][T:2023-10-15 14:43:16.822213][J:200072d1-0c91-4a81-8efd-c4af0af26dea][A:train#f029ff0b-3501-49f8-ab20-cdc64a6ebe62]received result from client 'site-2'
[E:9d80bd88-df1f-4e3a-8362-3449f91dd127][R:4a988c43-d638-4784-9c70-354c33aaf544][T:2023-10-15 14:43:16.846254][J:200072d1-0c91-4a81-8efd-c4af0af26dea][A:train#d1511dc3-900e-416a-9549-32d3687ed2f9]received result from client 'site-1'
[E:d15d4cbd-b893-4bae-8ded-09e39034633a][T:2023-10-15 14:44:46.094378][U:admin@nvidia.com][A:job_mgmt.submit_job cifar10_fedavg_he UEsDBBQAAAAAAJd1T1cLg1OmYwQAAGMEAAAnAAAAY2lmYXIxMF9mZWRhdmdfaG]
[E:ac57a639-9a62-4cbc-9e16-134a9fe47010][T:2023-10-15 14:44:50.041374][J:9e922083-7234-4864-bc79-f2363c96e005][A:train#34aad7b5-5220-4785-b8fb-d420f5d1b292]sent task to client "site-2"
[E:0c20b222-d5ef-45f9-85d1-f8606e79024b][T:2023-10-15 14:44:50.088200][J:9e922083-7234-4864-bc79-f2363c96e005][A:train#bc62a1eb-899f-4354-97f2-417696427e09]sent task to client "site-1"
[E:1b92784f-044c-440d-8f29-5d8a4e3c757e][R:022165b9-2dde-4962-ae23-255813e964fd][T:2023-10-15 14:44:51.339948][J:9e922083-7234-4864-bc79-f2363c96e005][A:train#34aad7b5-5220-4785-b8fb-d420f5d1b292]received result from client 'site-2'
[E:f9dbce06-249d-44cd-8742-7ffde91ca04c][R:2e76408a-1ed4-4bd5-ba5e-c701bed01b6b][T:2023-10-15 14:44:51.366295][J:9e922083-7234-4864-bc79-f2363c96e005][A:train#bc62a1eb-899f-4354-97f2-417696427e09]received result from client 'site-1'
[E:59c2b79b-9a60-4bda-aecc-f70ae9235c3c][T:2023-10-15 14:50:26.992583][U:admin@nvidia.com][A:job_mgmt.submit_job cifar10_fedavg_he UEsDBBQAAAAAAE12T1cLg1OmYwQAAGMEAAAnAAAAY2lmYXIxMF9mZWRhdmdfaG]
[E:90e6628d-5d30-40e4-b708-68165f9df162][T:2023-10-15 14:50:30.186206][J:5090f8ec-2b96-433a-9c4d-f25401ac1bea][A:train#fc15eab2-6f20-4e94-8a2c-2526135b328a]sent task to client "site-2"
[E:0b9645aa-89e0-4d2a-a21d-17995a71a02d][T:2023-10-15 14:50:30.237875][J:5090f8ec-2b96-433a-9c4d-f25401ac1bea][A:train#70d4dffa-c8d7-45ec-b8c3-5cb4223e9bc4]sent task to client "site-1"
[E:8048d1be-d6e0-41c4-8561-7172810a18d2][R:c20ce9a8-404d-426c-8b98-55fc31f70515][T:2023-10-15 14:50:31.487397][J:5090f8ec-2b96-433a-9c4d-f25401ac1bea][A:train#fc15eab2-6f20-4e94-8a2c-2526135b328a]received result from client 'site-2'
[E:7b82f5d6-ce65-42e1-9933-f698a6badee7][R:334ba764-01e1-4081-ac8e-61856c98235a][T:2023-10-15 14:50:31.542171][J:5090f8ec-2b96-433a-9c4d-f25401ac1bea][A:train#70d4dffa-c8d7-45ec-b8c3-5cb4223e9bc4]received result from client 'site-1'
[E:b024c64f-9c45-435e-a043-167895cf47a7][T:2023-10-15 14:52:29.884053][U:admin@nvidia.com][A:job_mgmt.submit_job cifar10_fedavg_he UEsDBBQAAAAAAI52T1cLg1OmYwQAAGMEAAAnAAAAY2lmYXIxMF9mZWRhdmdfaG]
[E:0aba3292-cb7d-4623-b049-e5988a037c25][T:2023-10-15 14:52:33.982870][J:ea63928a-4e9d-48e1-adf4-dc2f676b73d4][A:train#cb48481b-d910-4633-b5a0-817ee986c03d]sent task to client "site-2"
[E:1fd691df-dd30-415a-9d22-a94168a13fb1][T:2023-10-15 14:52:34.034372][J:ea63928a-4e9d-48e1-adf4-dc2f676b73d4][A:train#2ba1d50d-30f4-4a42-9a1f-4e458a10ae8b]sent task to client "site-1"
[E:77b0ec88-4d77-469d-b571-6aafd16103fe][R:13aaadec-8a07-4d6b-a277-92a75c50d190][T:2023-10-15 14:52:35.299450][J:ea63928a-4e9d-48e1-adf4-dc2f676b73d4][A:train#cb48481b-d910-4633-b5a0-817ee986c03d]received result from client 'site-2'
[E:95e7d1d7-a287-48d6-8041-07443a720b0d][R:492d8830-d420-4c12-8d8b-af6dac1efff6][T:2023-10-15 14:52:35.319948][J:ea63928a-4e9d-48e1-adf4-dc2f676b73d4][A:train#2ba1d50d-30f4-4a42-9a1f-4e458a10ae8b]received result from client 'site-1'
[E:c758f826-ec11-4c20-abeb-c3f9649c8662][T:2023-10-15 14:52:54.808197][U:admin@nvidia.com][A:job_mgmt.submit_job cifar10_fedavg_he UEsDBBQAAAAAAJt2T1cLg1OmYwQAAGMEAAAnAAAAY2lmYXIxMF9mZWRhdmdfaG]
[E:34b9c59d-daea-4db3-9eb3-94233e756ba7][T:2023-10-15 14:52:58.217403][J:2a535122-7fbc-4fe2-bd6e-8f9d547afa2d][A:train#474bc4a3-9934-489d-ab0a-d542c0183903]sent task to client "site-1"
[E:58c5a3ad-2d42-4991-9ba1-bf8ef2848058][T:2023-10-15 14:52:58.249860][J:2a535122-7fbc-4fe2-bd6e-8f9d547afa2d][A:train#0286a3b2-c5ba-4311-a642-da84e87b11eb]sent task to client "site-2"
[E:6d52b922-db73-4633-811e-32a0b1d9ea5a][R:4f02374c-4cdb-4955-acaa-52e0072de0fa][T:2023-10-15 14:52:59.542758][J:2a535122-7fbc-4fe2-bd6e-8f9d547afa2d][A:train#474bc4a3-9934-489d-ab0a-d542c0183903]received result from client 'site-1'
[E:b97c9f09-7858-45fd-81ec-b605711de601][R:ca47523e-a651-4f2d-90b0-6b1108f89b25][T:2023-10-15 14:52:59.558991][J:2a535122-7fbc-4fe2-bd6e-8f9d547afa2d][A:train#0286a3b2-c5ba-4311-a642-da84e87b11eb]received result from client 'site-2'
[E:0df08d1b-3c22-4e9e-ac6f-42d47e53788e][T:2023-10-15 14:56:23.116180][U:admin@nvidia.com][A:job_mgmt.submit_job cifar10_fedavg_he UEsDBBQAAAAAAAt3T1cLg1OmYwQAAGMEAAAnAAAAY2lmYXIxMF9mZWRhdmdfaG]
[E:4947f442-c3fc-4aa6-a2d0-e67464645125][T:2023-10-15 14:56:38.703098][J:91831b5b-1f96-4952-b681-fb99c5726bac][A:train#db557a71-8cea-463b-bbff-eeda10c9e338]sent task to client "site-2"
[E:7c23e305-8174-4b7c-ae52-5627be74506c][T:2023-10-15 14:56:38.757402][J:91831b5b-1f96-4952-b681-fb99c5726bac][A:train#4fd64e70-0c7e-4e6b-bea1-863f2e9185b1]sent task to client "site-1"
[E:54516cf7-bc75-4345-a699-48356da0ac71][R:d355d306-27ad-4665-8c78-c43d696d7184][T:2023-10-15 14:57:13.393540][J:91831b5b-1f96-4952-b681-fb99c5726bac][A:train#db557a71-8cea-463b-bbff-eeda10c9e338]received result from client 'site-2'
[E:2f1b1175-ba63-4a5e-ac64-a73b8dbb5f67][R:884792ba-715c-4756-9301-8fcf16bf8c3f][T:2023-10-15 14:57:19.970811][J:91831b5b-1f96-4952-b681-fb99c5726bac][A:train#4fd64e70-0c7e-4e6b-bea1-863f2e9185b1]received result from client 'site-1'
[E:d8a4c3b9-435c-4549-a699-badb6d03767b][T:2023-10-15 14:57:23.665377][J:91831b5b-1f96-4952-b681-fb99c5726bac][A:train#fbcab1dd-685a-4a28-a46e-002337fa595d]sent task to client "site-2"
[E:9e6ba8f6-7746-4c97-9764-30733cb7fa88][T:2023-10-15 14:57:24.387263][J:91831b5b-1f96-4952-b681-fb99c5726bac][A:train#d26fb2a7-c85a-47ce-83f3-bc9de140cc43]sent task to client "site-1"
[E:4b68977b-d957-4829-bd2e-a633ac96b85d][R:7889477b-327b-4c3d-a26c-871faeec0d4a][T:2023-10-15 14:57:42.754465][J:91831b5b-1f96-4952-b681-fb99c5726bac][A:train#fbcab1dd-685a-4a28-a46e-002337fa595d]received result from client 'site-2'
[E:5d7f6922-2bb9-481c-a1b0-d769a6fbc567][R:ce034349-f96c-4487-89d4-d5d6949c06bc][T:2023-10-15 14:57:50.128061][J:91831b5b-1f96-4952-b681-fb99c5726bac][A:train#d26fb2a7-c85a-47ce-83f3-bc9de140cc43]received result from client 'site-1'
[E:0c6eb020-4572-4d82-a666-5d4999131d89][T:2023-10-15 14:57:53.861317][J:91831b5b-1f96-4952-b681-fb99c5726bac][A:train#ebe14630-cce3-453c-9838-f7f447c598fd]sent task to client "site-2"
[E:73899d86-f4bd-4b2c-be79-a71f89b1fbe2][T:2023-10-15 14:57:54.589986][J:91831b5b-1f96-4952-b681-fb99c5726bac][A:train#e729fec5-ece0-49e3-b3bb-c86c0108041d]sent task to client "site-1"
[E:f185c449-4e65-43b2-b72e-18ef5979e8a6][R:5924fcd7-5b94-46dc-85f9-623fb9feab58][T:2023-10-15 14:58:13.184762][J:91831b5b-1f96-4952-b681-fb99c5726bac][A:train#ebe14630-cce3-453c-9838-f7f447c598fd]received result from client 'site-2'
[E:f2c98c65-2103-4ed9-90ef-d2b21e5740fb][R:b25a45a1-435b-4ed6-b7b1-32a2c60fb1cd][T:2023-10-15 14:58:20.416863][J:91831b5b-1f96-4952-b681-fb99c5726bac][A:train#e729fec5-ece0-49e3-b3bb-c86c0108041d]received result from client 'site-1'
[E:132ee878-70c3-4802-9951-0cd815a1d163][T:2023-10-15 14:58:25.176584][J:91831b5b-1f96-4952-b681-fb99c5726bac][A:train#822f22b8-0d46-43b7-b888-6ec54ede5ac5]sent task to client "site-1"
[E:bf6dafcf-318a-446c-ab9e-bd8f8e576ca7][T:2023-10-15 14:58:26.612049][J:91831b5b-1f96-4952-b681-fb99c5726bac][A:train#b47bc4fe-7906-4f60-a02f-c55f98b1198c]sent task to client "site-2"
[E:bb23f173-cd33-49bf-b4a8-6ccfbaa3acb6][R:2753d657-24a8-46d4-80e9-3ec2c3281d3e][T:2023-10-15 14:58:45.963429][J:91831b5b-1f96-4952-b681-fb99c5726bac][A:train#b47bc4fe-7906-4f60-a02f-c55f98b1198c]received result from client 'site-2'
[E:3f7f3e11-0d80-47c4-8823-edd98f8effa3][R:fc7d947f-931c-4000-9a77-5cc277c8de32][T:2023-10-15 14:58:51.050060][J:91831b5b-1f96-4952-b681-fb99c5726bac][A:train#822f22b8-0d46-43b7-b888-6ec54ede5ac5]received result from client 'site-1'
[E:3bff2b43-7ab1-4ca3-a897-6ff60f375099][T:2023-10-15 14:58:55.514444][J:91831b5b-1f96-4952-b681-fb99c5726bac][A:train#0e3c20fa-321f-43ac-93dc-75fe4ea86d14]sent task to client "site-1"
[E:df1dbee7-7cc5-402f-8852-93210dbf124d][T:2023-10-15 14:58:57.515261][J:91831b5b-1f96-4952-b681-fb99c5726bac][A:train#08037817-d105-469b-8887-0035cbc5c9ae]sent task to client "site-2"
[E:08982ad6-33f2-4d9e-89da-342707401313][R:268cf339-e67b-4bf4-839e-4598f56ab1b7][T:2023-10-15 14:59:16.986561][J:91831b5b-1f96-4952-b681-fb99c5726bac][A:train#08037817-d105-469b-8887-0035cbc5c9ae]received result from client 'site-2'
[E:68f5842d-8bf2-4aa8-bcd5-8a6b0d673c97][R:9508cf1a-09cf-41bc-b14b-b9bb1f8ef563][T:2023-10-15 14:59:21.696686][J:91831b5b-1f96-4952-b681-fb99c5726bac][A:train#0e3c20fa-321f-43ac-93dc-75fe4ea86d14]received result from client 'site-1'
[E:e6e42b0a-f111-405c-a785-bc9e4074e2c1][T:2023-10-15 14:59:25.328565][J:91831b5b-1f96-4952-b681-fb99c5726bac][A:train#7c12243d-955c-4329-9111-3ec4e4d820c1]sent task to client "site-2"
[E:672c8ccb-9b97-4754-91f7-ce770a1e9713][T:2023-10-15 14:59:26.037469][J:91831b5b-1f96-4952-b681-fb99c5726bac][A:train#a5e0b748-7459-40a9-8bd4-b1fbfdb0ddd3]sent task to client "site-1"
[E:38648a53-1c2d-4af6-af33-224926db26ea][R:6ff69d4c-e042-4a3b-9d57-3e9d7dab4e23][T:2023-10-15 14:59:45.068805][J:91831b5b-1f96-4952-b681-fb99c5726bac][A:train#7c12243d-955c-4329-9111-3ec4e4d820c1]received result from client 'site-2'
[E:3742cb95-2e0c-4199-84a3-e928f1a1ca01][R:3b0eb4dd-c934-4eb4-81c6-e4a81143c246][T:2023-10-15 14:59:52.307366][J:91831b5b-1f96-4952-b681-fb99c5726bac][A:train#a5e0b748-7459-40a9-8bd4-b1fbfdb0ddd3]received result from client 'site-1'
[E:73784c1d-d215-4907-aadf-6d4c7636d3ce][T:2023-10-15 14:59:56.216519][J:91831b5b-1f96-4952-b681-fb99c5726bac][A:train#6a0b3626-66f3-43bb-9ab9-7516ba87d356]sent task to client "site-2"
[E:670760b5-b327-4168-b911-f0e9725aad4e][T:2023-10-15 14:59:56.598500][J:91831b5b-1f96-4952-b681-fb99c5726bac][A:train#97f67d08-84a2-4459-a6ec-dafb9d807870]sent task to client "site-1"
[E:332d99d8-d822-4c70-99c1-1e04691715f6][R:49967c25-28f3-48a3-8c5e-a38aa306fea1][T:2023-10-15 15:00:15.666399][J:91831b5b-1f96-4952-b681-fb99c5726bac][A:train#6a0b3626-66f3-43bb-9ab9-7516ba87d356]received result from client 'site-2'
[E:c6aeaac0-3000-4f71-8550-bf46484db5d6][R:107caaf6-4cbd-41a8-a0f1-365bde3d6c5e][T:2023-10-15 15:00:23.077818][J:91831b5b-1f96-4952-b681-fb99c5726bac][A:train#97f67d08-84a2-4459-a6ec-dafb9d807870]received result from client 'site-1'
[E:797b61c6-7312-4471-b5c9-e2b096871c44][T:2023-10-15 15:00:26.505357][J:91831b5b-1f96-4952-b681-fb99c5726bac][A:train#f776e7b1-b1fa-4fad-8a70-f3ba16b71e82]sent task to client "site-2"
[E:3e0b95a5-6d40-4885-98dd-955baa5e29a5][T:2023-10-15 15:00:27.840525][J:91831b5b-1f96-4952-b681-fb99c5726bac][A:train#2ea2f9cc-4e22-4c0c-b96c-f332bb2f3a48]sent task to client "site-1"
[E:5fa41c73-0c63-4b38-bd50-23b0baad10fc][R:25684bca-9905-43a2-ae94-546c22e69f8a][T:2023-10-15 15:00:46.137938][J:91831b5b-1f96-4952-b681-fb99c5726bac][A:train#f776e7b1-b1fa-4fad-8a70-f3ba16b71e82]received result from client 'site-2'
[E:87fa7544-7f47-4259-8385-105be5ff3eec][R:c7a87628-38cf-4a4f-aa74-85bbe4753915][T:2023-10-15 15:00:54.649528][J:91831b5b-1f96-4952-b681-fb99c5726bac][A:train#2ea2f9cc-4e22-4c0c-b96c-f332bb2f3a48]received result from client 'site-1'
[E:6a5e555e-f627-4fe5-8f81-97f524550db8][T:2023-10-15 15:00:59.188574][J:91831b5b-1f96-4952-b681-fb99c5726bac][A:train#118b8ce7-67b9-4e68-8a26-ff4e97682c99]sent task to client "site-2"
[E:c62cad2a-b023-4eda-821d-fec3d9326ee8][T:2023-10-15 15:00:59.518664][J:91831b5b-1f96-4952-b681-fb99c5726bac][A:train#195f1f0c-4f76-49eb-a7bc-e31be9d10baa]sent task to client "site-1"
[E:3536a0d5-7efb-4469-bfb5-9353572e9e70][R:ff076052-4531-440e-9e92-d4236c7ebd56][T:2023-10-15 15:01:18.203365][J:91831b5b-1f96-4952-b681-fb99c5726bac][A:train#118b8ce7-67b9-4e68-8a26-ff4e97682c99]received result from client 'site-2'
[E:e63cc7ed-0bf6-4820-90b4-8797b9eb4ba4][R:1fa762b0-0e36-482c-a528-3f16e5bb34c4][T:2023-10-15 15:01:25.240235][J:91831b5b-1f96-4952-b681-fb99c5726bac][A:train#195f1f0c-4f76-49eb-a7bc-e31be9d10baa]received result from client 'site-1'
[E:cb186c48-9fb6-465f-99ef-ef56ffa3bf61][T:2023-10-15 15:01:28.921699][J:91831b5b-1f96-4952-b681-fb99c5726bac][A:train#5e2fe4db-cb0a-44e5-be93-969dcdda2dd5]sent task to client "site-2"
[E:dabbd571-606d-4847-9072-5de43c17179f][T:2023-10-15 15:01:29.578384][J:91831b5b-1f96-4952-b681-fb99c5726bac][A:train#40a08082-8f6b-4ba6-aa5f-010a9dc4042d]sent task to client "site-1"
[E:ae6dc6da-445c-4d3a-9338-a18a8936e93d][R:13f63914-f695-4ab8-aee1-9a0da783f41d][T:2023-10-15 15:01:48.503221][J:91831b5b-1f96-4952-b681-fb99c5726bac][A:train#5e2fe4db-cb0a-44e5-be93-969dcdda2dd5]received result from client 'site-2'
[E:2e7cd371-e94a-4d3b-9c1f-2d4ab3acf111][R:61cf0aa3-81b4-43e0-a9c5-90bed171da5e][T:2023-10-15 15:01:56.047721][J:91831b5b-1f96-4952-b681-fb99c5726bac][A:train#40a08082-8f6b-4ba6-aa5f-010a9dc4042d]received result from client 'site-1'
[E:96e14565-e54f-4fc6-a0dd-0548b10cfd42][T:2023-10-15 15:02:00.620313][J:91831b5b-1f96-4952-b681-fb99c5726bac][A:train#54f026eb-6743-4647-a82b-10537484d3ab]sent task to client "site-1"
[E:91e8787d-78f2-41cb-b85e-d1debff14067][T:2023-10-15 15:02:02.154705][J:91831b5b-1f96-4952-b681-fb99c5726bac][A:train#b0f339ad-c5df-4208-ac92-01768860f18b]sent task to client "site-2"
[E:13ee6d68-c9e2-41c0-9d53-50f792271442][R:0dc2777c-8e1e-4b82-bb9d-5171393a8053][T:2023-10-15 15:02:21.569059][J:91831b5b-1f96-4952-b681-fb99c5726bac][A:train#b0f339ad-c5df-4208-ac92-01768860f18b]received result from client 'site-2'
[E:081707d8-032f-4ed9-871b-80e2485c154b][R:6a06484c-4135-4b33-b9e6-f3c64c9fa292][T:2023-10-15 15:02:26.664809][J:91831b5b-1f96-4952-b681-fb99c5726bac][A:train#54f026eb-6743-4647-a82b-10537484d3ab]received result from client 'site-1'
[E:aa8e099b-47e5-43ed-bd56-abfba75e197c][T:2023-10-15 15:02:30.292461][J:91831b5b-1f96-4952-b681-fb99c5726bac][A:train#2981bd8f-44be-4d37-a9c9-f55b702d5578]sent task to client "site-2"
[E:6c5b0c60-3eb3-4ddc-b480-4620496d9f7f][T:2023-10-15 15:02:32.208019][J:91831b5b-1f96-4952-b681-fb99c5726bac][A:train#9eb1139c-5f52-4be2-9f86-6bc3b9c6f858]sent task to client "site-1"
[E:130c109b-cace-4552-ba34-1c24f4b87c13][R:2ae78d46-7730-4c6c-ae45-48b091da3c43][T:2023-10-15 15:02:49.672852][J:91831b5b-1f96-4952-b681-fb99c5726bac][A:train#2981bd8f-44be-4d37-a9c9-f55b702d5578]received result from client 'site-2'
[E:fc906db6-a175-4e4e-a59e-195d68939981][R:54f5a87b-1306-40c4-bf20-ff6c923106ea][T:2023-10-15 15:02:58.134755][J:91831b5b-1f96-4952-b681-fb99c5726bac][A:train#9eb1139c-5f52-4be2-9f86-6bc3b9c6f858]received result from client 'site-1'
[E:c9d97028-67e0-42b3-b14b-2a2f18e66f69][T:2023-10-15 15:03:02.993554][J:91831b5b-1f96-4952-b681-fb99c5726bac][A:train#c89120c4-5fd7-4555-9e9c-ffd5b1be5538]sent task to client "site-1"
[E:6f07f8c4-2636-44cd-8d85-cbf11893158f][T:2023-10-15 15:03:03.248054][J:91831b5b-1f96-4952-b681-fb99c5726bac][A:train#f77e0d41-eba6-4ed6-aaa7-f3b9394aa3a7]sent task to client "site-2"
[E:9721779b-2516-4751-8334-767724abc0fc][R:db3b0abd-4b23-46e7-b934-7dd8bdde1830][T:2023-10-15 15:03:22.917543][J:91831b5b-1f96-4952-b681-fb99c5726bac][A:train#f77e0d41-eba6-4ed6-aaa7-f3b9394aa3a7]received result from client 'site-2'
[E:fd6437ef-ccac-4599-b917-9f4d25a4b932][R:3ddc17cc-7c56-4176-811c-d12282e5a89e][T:2023-10-15 15:03:29.606219][J:91831b5b-1f96-4952-b681-fb99c5726bac][A:train#c89120c4-5fd7-4555-9e9c-ffd5b1be5538]received result from client 'site-1'
[E:4265be8f-f983-491e-9eb2-7ba2b5749112][T:2023-10-15 15:03:33.763084][J:91831b5b-1f96-4952-b681-fb99c5726bac][A:train#5e574964-9652-4e77-98dc-ca04e184c1ad]sent task to client "site-2"
[E:04d1d5c0-656e-4abe-8665-9e8fd6ecdc33][T:2023-10-15 15:03:34.085099][J:91831b5b-1f96-4952-b681-fb99c5726bac][A:train#68244881-336d-4d49-aa29-3a5cae971436]sent task to client "site-1"
[E:e3d9835f-2d20-4cac-8bf0-6be2ca6e23ab][R:85ed2e31-78b4-41d1-9181-637773bf3965][T:2023-10-15 15:03:53.307956][J:91831b5b-1f96-4952-b681-fb99c5726bac][A:train#5e574964-9652-4e77-98dc-ca04e184c1ad]received result from client 'site-2'
[E:e0b2e7a5-dcc6-4709-a2c2-06b2ba5b55a0][R:a30e317d-900b-4a9c-a597-a60cf63f5857][T:2023-10-15 15:04:00.418777][J:91831b5b-1f96-4952-b681-fb99c5726bac][A:train#68244881-336d-4d49-aa29-3a5cae971436]received result from client 'site-1'
[E:d0d2c625-e62c-4d6b-9cee-6490545998b9][T:2023-10-15 15:04:04.120069][J:91831b5b-1f96-4952-b681-fb99c5726bac][A:train#aa086b21-59a4-4fb6-b87e-9f154a99be4a]sent task to client "site-2"
[E:42dc814b-8091-451a-84f8-d8d81a330d89][T:2023-10-15 15:04:04.921656][J:91831b5b-1f96-4952-b681-fb99c5726bac][A:train#eb2f5ea7-e1a4-4049-ae93-fed604ad1849]sent task to client "site-1"
[E:f8312bba-aafc-4323-af6f-9dd3e645dacf][R:747650da-bd08-4725-899b-31bec42eed5d][T:2023-10-15 15:04:23.412043][J:91831b5b-1f96-4952-b681-fb99c5726bac][A:train#aa086b21-59a4-4fb6-b87e-9f154a99be4a]received result from client 'site-2'
[E:4694308e-1d53-4ec7-8c4c-8340077e63ea][R:d49e8c12-e8bd-4feb-9abf-60921069eea4][T:2023-10-15 15:04:30.951192][J:91831b5b-1f96-4952-b681-fb99c5726bac][A:train#eb2f5ea7-e1a4-4049-ae93-fed604ad1849]received result from client 'site-1'
[E:bb1f3631-ef43-46a7-9ac8-66dbfce46aca][T:2023-10-15 15:04:35.662057][J:91831b5b-1f96-4952-b681-fb99c5726bac][A:train#7388cc36-7378-4bd2-9d7b-bfb71197d614]sent task to client "site-1"
[E:0d7c4b8f-4605-4a0e-b2be-28d4c4e63122][T:2023-10-15 15:04:36.040734][J:91831b5b-1f96-4952-b681-fb99c5726bac][A:train#5b6ccfe8-64aa-465c-87bb-8095ac3fd2c2]sent task to client "site-2"
[E:091987d2-3bc5-4ac6-bb42-55518a4e58bc][R:93e220b9-f26f-4ca2-ad91-85b4d38185bb][T:2023-10-15 15:04:55.464503][J:91831b5b-1f96-4952-b681-fb99c5726bac][A:train#5b6ccfe8-64aa-465c-87bb-8095ac3fd2c2]received result from client 'site-2'
[E:93214a4d-0921-45b5-86b1-39fe2b1c683c][R:640c0ce8-58e3-47a5-86cb-c6add3d88ae0][T:2023-10-15 15:05:02.073518][J:91831b5b-1f96-4952-b681-fb99c5726bac][A:train#7388cc36-7378-4bd2-9d7b-bfb71197d614]received result from client 'site-1'
[E:2d2d237d-1e62-4a82-a497-aeb2e50c1545][T:2023-10-15 15:05:06.084399][J:91831b5b-1f96-4952-b681-fb99c5726bac][A:train#e66614cf-3e2e-41de-b783-d5b9c0d95924]sent task to client "site-2"
[E:87df1e89-0eb7-43e7-ac81-9f4923cd0d35][T:2023-10-15 15:05:06.692002][J:91831b5b-1f96-4952-b681-fb99c5726bac][A:train#8f40ffa7-6fa0-47e6-b92b-21b0eae61c10]sent task to client "site-1"
[E:19b40997-9f97-44ff-bdf5-d567537b5142][R:456ee483-d529-4d16-b82b-a81e71b9928e][T:2023-10-15 15:05:25.357869][J:91831b5b-1f96-4952-b681-fb99c5726bac][A:train#e66614cf-3e2e-41de-b783-d5b9c0d95924]received result from client 'site-2'
[E:059bbc8c-9b34-4bde-87ed-ebd9345e1364][R:2bace4da-7947-482a-9cb6-513f2731ce9f][T:2023-10-15 15:05:32.700924][J:91831b5b-1f96-4952-b681-fb99c5726bac][A:train#8f40ffa7-6fa0-47e6-b92b-21b0eae61c10]received result from client 'site-1'
[E:c92e2752-3725-4869-a4ef-0971a604ee9d][T:2023-10-15 15:05:37.031386][J:91831b5b-1f96-4952-b681-fb99c5726bac][A:train#71b41f23-6684-4641-99b4-6d2ce567a9c5]sent task to client "site-1"
[E:9ea7d311-9796-4bb5-9efd-455b87d8d002][T:2023-10-15 15:05:38.440316][J:91831b5b-1f96-4952-b681-fb99c5726bac][A:train#85a84379-ca0a-4a6d-8609-2d2bef5e8ea5]sent task to client "site-2"
[E:0c9c0762-72f2-41f4-b8f5-c96b0b4a5ad4][R:444d8ede-fdcf-4a3e-838b-670f8c4634da][T:2023-10-15 15:05:57.569865][J:91831b5b-1f96-4952-b681-fb99c5726bac][A:train#85a84379-ca0a-4a6d-8609-2d2bef5e8ea5]received result from client 'site-2'
[E:ad447d10-384a-4c27-9932-b89f1fadd250][R:dd88bebf-50cb-4dea-8940-162cd24c0816][T:2023-10-15 15:06:03.024682][J:91831b5b-1f96-4952-b681-fb99c5726bac][A:train#71b41f23-6684-4641-99b4-6d2ce567a9c5]received result from client 'site-1'
[E:b6a98174-3610-454c-8bbb-2bc1f24e4af3][T:2023-10-15 15:06:07.754199][J:91831b5b-1f96-4952-b681-fb99c5726bac][A:train#9bbebcb7-7088-4656-a83b-3afbc86ce224]sent task to client "site-1"
[E:d8458b2c-5e14-4762-bf36-10e2f0eb1f77][T:2023-10-15 15:06:09.229104][J:91831b5b-1f96-4952-b681-fb99c5726bac][A:train#a02fbb46-569f-4ce4-a46f-c3026e3d25ab]sent task to client "site-2"
[E:fc0823cf-1eb3-4d6e-afa3-ff0e6d4fb6d6][R:66afa805-b8c9-455b-b751-684eb2c5b3d6][T:2023-10-15 15:06:28.276775][J:91831b5b-1f96-4952-b681-fb99c5726bac][A:train#a02fbb46-569f-4ce4-a46f-c3026e3d25ab]received result from client 'site-2'
[E:a8f16b10-8cb1-4b6f-a043-ba8ddc8052df][R:5510f81a-3c99-4e67-af55-a2639e316aa1][T:2023-10-15 15:06:33.630990][J:91831b5b-1f96-4952-b681-fb99c5726bac][A:train#9bbebcb7-7088-4656-a83b-3afbc86ce224]received result from client 'site-1'
[E:3abf111d-18d7-4965-a22f-bea488dd810c][T:2023-10-15 15:06:36.703762][J:91831b5b-1f96-4952-b681-fb99c5726bac][A:train#442b65f5-ce82-4053-bc57-6c31f5a4bdb6]sent task to client "site-2"
[E:af9df0a7-fff5-4f9f-8efb-2dc2f40b04c1][T:2023-10-15 15:06:38.647000][J:91831b5b-1f96-4952-b681-fb99c5726bac][A:train#23b3b72d-cf73-4d62-b7b5-db34597f15fd]sent task to client "site-1"
[E:1a48067c-54d0-465d-98dc-f42df9223bd0][R:6261dafa-2bd0-4c39-a19c-c2941c95368a][T:2023-10-15 15:06:56.044495][J:91831b5b-1f96-4952-b681-fb99c5726bac][A:train#442b65f5-ce82-4053-bc57-6c31f5a4bdb6]received result from client 'site-2'
[E:f1e5388c-3ac9-4207-9045-e877e67c01d8][R:ac0ec2c3-dbb0-45a7-8662-15cbe757681c][T:2023-10-15 15:07:04.880932][J:91831b5b-1f96-4952-b681-fb99c5726bac][A:train#23b3b72d-cf73-4d62-b7b5-db34597f15fd]received result from client 'site-1'
[E:57041642-b654-4561-8221-e0541d92408f][T:2023-10-15 15:07:08.583794][J:91831b5b-1f96-4952-b681-fb99c5726bac][A:train#6160d860-7d60-4067-b3bb-8bdb819bda92]sent task to client "site-2"
[E:c2652de5-adc0-4be8-8b36-09ba66d7b231][T:2023-10-15 15:07:09.205580][J:91831b5b-1f96-4952-b681-fb99c5726bac][A:train#4878687c-bba5-4c52-861d-8adda511219c]sent task to client "site-1"
[E:ca95f3d5-3941-4f77-8b18-18ce1469d396][R:41c32d53-bae7-4540-853e-ca8bd5c13f47][T:2023-10-15 15:07:27.653245][J:91831b5b-1f96-4952-b681-fb99c5726bac][A:train#6160d860-7d60-4067-b3bb-8bdb819bda92]received result from client 'site-2'
[E:b97cb8d7-5a84-4d14-bdb9-ed94715a2b6c][R:2574458a-b6b4-495f-b31b-929aabaabb9a][T:2023-10-15 15:07:34.960915][J:91831b5b-1f96-4952-b681-fb99c5726bac][A:train#4878687c-bba5-4c52-861d-8adda511219c]received result from client 'site-1'
[E:6912f69f-7d0c-4eac-a2ed-443e7081a86c][T:2023-10-15 15:07:38.524256][J:91831b5b-1f96-4952-b681-fb99c5726bac][A:train#064aa31c-b045-474e-8160-1e445afc4396]sent task to client "site-2"
[E:d18c6080-b261-4fb7-9016-a266cf81b867][T:2023-10-15 15:07:39.478559][J:91831b5b-1f96-4952-b681-fb99c5726bac][A:train#0018f09a-d894-4af3-9f48-5e3ac6908bf6]sent task to client "site-1"
[E:dc852f50-23e6-4777-892e-6bbdf7121b05][R:d9e42d7a-b4f2-4416-9e04-d2499f1909e8][T:2023-10-15 15:07:57.898189][J:91831b5b-1f96-4952-b681-fb99c5726bac][A:train#064aa31c-b045-474e-8160-1e445afc4396]received result from client 'site-2'
[E:f724a695-f926-4f13-baeb-4a2460090941][R:efdbdfa4-215a-4874-adec-c57e2f76b132][T:2023-10-15 15:08:05.682601][J:91831b5b-1f96-4952-b681-fb99c5726bac][A:train#0018f09a-d894-4af3-9f48-5e3ac6908bf6]received result from client 'site-1'
[E:9570acc3-683c-4185-8586-922db1007288][T:2023-10-15 15:08:10.675910][J:91831b5b-1f96-4952-b681-fb99c5726bac][A:train#ebcc04af-1f05-4466-9c99-8bbe7d94f294]sent task to client "site-2"
[E:b93d2714-bef7-401c-b42e-616a26e9dcb3][T:2023-10-15 15:08:11.003389][J:91831b5b-1f96-4952-b681-fb99c5726bac][A:train#d161a148-1a3e-4421-9ffd-3af260efa68b]sent task to client "site-1"
[E:041c3520-b5aa-4055-bdf7-e7e8f2ea2c0b][R:2d037f25-faee-4cba-a412-ee631455e13a][T:2023-10-15 15:08:29.804322][J:91831b5b-1f96-4952-b681-fb99c5726bac][A:train#ebcc04af-1f05-4466-9c99-8bbe7d94f294]received result from client 'site-2'
[E:c7a98e4b-3f2d-4e3a-a976-7ada3d900692][R:dc8e32ba-c524-4549-bf17-119759d28fe4][T:2023-10-15 15:08:36.875465][J:91831b5b-1f96-4952-b681-fb99c5726bac][A:train#d161a148-1a3e-4421-9ffd-3af260efa68b]received result from client 'site-1'
[E:de94a4ea-5789-4eb0-bd4b-96594ea8b350][T:2023-10-15 15:08:41.267580][J:91831b5b-1f96-4952-b681-fb99c5726bac][A:train#6bdd9bfc-13d6-4567-a581-4677b3879791]sent task to client "site-2"
[E:daedf661-cecc-4c48-8dc4-bd21cd6cf5a3][T:2023-10-15 15:08:41.602705][J:91831b5b-1f96-4952-b681-fb99c5726bac][A:train#bcdea143-78cf-4f6f-a27b-d0dc65742385]sent task to client "site-1"
[E:265f69d5-52d8-4021-8f21-67bbf65b3180][R:6036dcf9-5100-475a-9a9b-0e9d216010f6][T:2023-10-15 15:09:00.575645][J:91831b5b-1f96-4952-b681-fb99c5726bac][A:train#6bdd9bfc-13d6-4567-a581-4677b3879791]received result from client 'site-2'
[E:1da9f7a4-8651-4bb5-9a2b-ba29262f5a17][R:94a02568-614c-423d-9756-a52f56362e17][T:2023-10-15 15:09:07.616338][J:91831b5b-1f96-4952-b681-fb99c5726bac][A:train#bcdea143-78cf-4f6f-a27b-d0dc65742385]received result from client 'site-1'
[E:a92ff784-d517-4366-a4ea-ee7c06aee609][T:2023-10-15 15:09:11.941068][J:91831b5b-1f96-4952-b681-fb99c5726bac][A:train#ed65663b-a71b-4942-b5ae-9fcebf8c7d4a]sent task to client "site-2"
[E:d44e935e-3726-4633-909e-2df267242340][T:2023-10-15 15:09:12.554138][J:91831b5b-1f96-4952-b681-fb99c5726bac][A:train#2af19004-e1dc-4024-9aa7-3b4d65bb49f7]sent task to client "site-1"
[E:e44f4572-4649-4ce9-b960-7cccda84b432][R:a3c8f70b-e149-43f0-9111-7d9cf0333135][T:2023-10-15 15:09:31.365651][J:91831b5b-1f96-4952-b681-fb99c5726bac][A:train#ed65663b-a71b-4942-b5ae-9fcebf8c7d4a]received result from client 'site-2'
[E:e9a6fdb6-875e-47c7-b78b-93084c6d29b9][R:a9fcc263-5653-4d52-86eb-e1a9e408b2e9][T:2023-10-15 15:09:38.886410][J:91831b5b-1f96-4952-b681-fb99c5726bac][A:train#2af19004-e1dc-4024-9aa7-3b4d65bb49f7]received result from client 'site-1'
[E:376315d4-52e9-4473-9cc0-212d0c765bb6][T:2023-10-15 15:09:43.582464][J:91831b5b-1f96-4952-b681-fb99c5726bac][A:train#a64bbbf7-fccc-4480-b2fd-4c6eb571c4cd]sent task to client "site-1"
[E:92bc7efa-704a-493d-aef1-ee4bc9dd0d21][T:2023-10-15 15:09:44.117064][J:91831b5b-1f96-4952-b681-fb99c5726bac][A:train#7f3aa99c-7744-40c4-8998-aaf87c735b66]sent task to client "site-2"
[E:3f7b5163-4f35-4a4b-b9ba-bd7cec0849ec][R:9cf10588-d66d-43a7-9ecd-fbfb139472d8][T:2023-10-15 15:10:03.709699][J:91831b5b-1f96-4952-b681-fb99c5726bac][A:train#7f3aa99c-7744-40c4-8998-aaf87c735b66]received result from client 'site-2'
[E:61bda5be-3efa-43f7-956f-b964c996c1b0][R:7a4b7471-a84b-4de4-a8a4-7e9bc6ffbc91][T:2023-10-15 15:10:09.885799][J:91831b5b-1f96-4952-b681-fb99c5726bac][A:train#a64bbbf7-fccc-4480-b2fd-4c6eb571c4cd]received result from client 'site-1'
[E:6d98bac2-8be6-4107-98d0-bcf56ecad976][T:2023-10-15 15:10:14.837784][J:91831b5b-1f96-4952-b681-fb99c5726bac][A:train#d7279ddc-6293-4518-86f6-7eb9d0c21756]sent task to client "site-2"
[E:30f6fcd8-2846-4a03-853a-c3715a1ce69e][T:2023-10-15 15:10:15.171634][J:91831b5b-1f96-4952-b681-fb99c5726bac][A:train#7433d24d-12ae-4ec1-8403-e0c884d5352e]sent task to client "site-1"
[E:8cd92c3d-1886-415b-a9e5-8834798e020b][R:cef5af91-4b47-48aa-9968-d5bfef33bb2e][T:2023-10-15 15:10:34.352628][J:91831b5b-1f96-4952-b681-fb99c5726bac][A:train#d7279ddc-6293-4518-86f6-7eb9d0c21756]received result from client 'site-2'
[E:29f46410-7845-4ea7-8dac-602d68e8889c][R:75b36ca7-6fef-4d7f-94b9-adace24b2587][T:2023-10-15 15:10:41.528229][J:91831b5b-1f96-4952-b681-fb99c5726bac][A:train#7433d24d-12ae-4ec1-8403-e0c884d5352e]received result from client 'site-1'
[E:ef5153b5-d46c-4f4c-b4c1-2544100d561c][T:2023-10-15 15:10:46.205112][J:91831b5b-1f96-4952-b681-fb99c5726bac][A:train#fc732046-b2b2-4a60-ad14-03ec3d6b1823]sent task to client "site-2"
[E:8346f5cd-37ae-4064-9f40-0d0473d1d4f9][T:2023-10-15 15:10:46.676880][J:91831b5b-1f96-4952-b681-fb99c5726bac][A:train#e4c55f00-a901-4f2f-b51a-28e70f1b1605]sent task to client "site-1"
[E:b4c74755-5747-4953-be1a-53baad64f984][R:d476574a-7fbf-44f0-8796-027175def603][T:2023-10-15 15:11:05.738232][J:91831b5b-1f96-4952-b681-fb99c5726bac][A:train#fc732046-b2b2-4a60-ad14-03ec3d6b1823]received result from client 'site-2'
[E:0ec3a508-55bb-450f-9967-c1264c477504][R:3941aafd-c3e2-4ed0-b181-9b16b3746b33][T:2023-10-15 15:11:12.814786][J:91831b5b-1f96-4952-b681-fb99c5726bac][A:train#e4c55f00-a901-4f2f-b51a-28e70f1b1605]received result from client 'site-1'
[E:308e4d0f-592e-4851-9d3e-14a2e4c26f51][T:2023-10-15 15:11:16.726237][J:91831b5b-1f96-4952-b681-fb99c5726bac][A:train#194c0514-89bd-4b0a-b54a-32cad224543c]sent task to client "site-2"
[E:31511ffe-5de0-46b3-b613-ccdd1262d327][T:2023-10-15 15:11:17.194608][J:91831b5b-1f96-4952-b681-fb99c5726bac][A:train#996785c9-4522-4868-ae2e-8188a620b7df]sent task to client "site-1"
[E:f9a40d51-afa9-4203-8089-8a3b0bd13176][R:ae667c51-73b8-4b82-bece-4bf0d06564de][T:2023-10-15 15:11:35.950093][J:91831b5b-1f96-4952-b681-fb99c5726bac][A:train#194c0514-89bd-4b0a-b54a-32cad224543c]received result from client 'site-2'
[E:0454419a-a5eb-41d0-8bd1-01c0669bd239][R:0e8253d8-a1bb-4e35-91be-493043b96293][T:2023-10-15 15:11:43.089786][J:91831b5b-1f96-4952-b681-fb99c5726bac][A:train#996785c9-4522-4868-ae2e-8188a620b7df]received result from client 'site-1'
[E:7279b6e0-3826-434c-bc8a-f7df30be8a9f][T:2023-10-15 15:11:46.925558][J:91831b5b-1f96-4952-b681-fb99c5726bac][A:train#3edd4da4-49ea-4dfb-8074-1a9ae0a6ccae]sent task to client "site-2"
[E:3420d7f6-4df1-4452-85fb-8cfac43af163][T:2023-10-15 15:11:47.874190][J:91831b5b-1f96-4952-b681-fb99c5726bac][A:train#84d18754-301e-48e8-be37-476283ae0bca]sent task to client "site-1"
[E:4ee2f1b6-440e-44c2-acc0-d3d95f6ca0d0][R:fd99e500-6840-4815-81a6-1246fca3c36a][T:2023-10-15 15:12:06.493089][J:91831b5b-1f96-4952-b681-fb99c5726bac][A:train#3edd4da4-49ea-4dfb-8074-1a9ae0a6ccae]received result from client 'site-2'
[E:c2b73878-8e76-447f-80ed-a7092d21e9bd][R:280cbca3-e807-4565-9842-2fee31d351de][T:2023-10-15 15:12:14.054768][J:91831b5b-1f96-4952-b681-fb99c5726bac][A:train#84d18754-301e-48e8-be37-476283ae0bca]received result from client 'site-1'
[E:0abb5c97-f072-4d48-b4ae-cfd9a7a3a50e][T:2023-10-15 15:12:19.270156][J:91831b5b-1f96-4952-b681-fb99c5726bac][A:submit_model#d1d6caac-9400-41c0-b6e2-cddc18683d44]sent task to client "site-1"
[E:0cd937ca-788a-447c-bad0-c582e38b01e9][T:2023-10-15 15:12:19.290116][J:91831b5b-1f96-4952-b681-fb99c5726bac][A:submit_model#083671b6-9659-488e-9dfc-c079b7675efb]sent task to client "site-2"
[E:ed4fbbd2-fb6a-4b12-b16d-3814aa23f871][R:080abb38-00e4-40a3-9165-284fddb27a42][T:2023-10-15 15:12:25.301531][J:91831b5b-1f96-4952-b681-fb99c5726bac][A:submit_model#d1d6caac-9400-41c0-b6e2-cddc18683d44]received result from client 'site-1'
[E:ee2567b4-0c38-47b9-bf9d-0a48182b8b5a][R:ba888293-f445-478e-9d1c-fdbe996ee913][T:2023-10-15 15:12:26.436220][J:91831b5b-1f96-4952-b681-fb99c5726bac][A:submit_model#083671b6-9659-488e-9dfc-c079b7675efb]received result from client 'site-2'
[E:27508abc-a65f-4c1e-bc68-cecec6e53496][T:2023-10-15 15:12:28.510329][J:91831b5b-1f96-4952-b681-fb99c5726bac][A:validate#650f26bd-de89-4a92-8421-ca42a2d5b529]sent task to client "site-1"
[E:09a6cb0f-4251-445e-8b5b-c1af7c3632cd][T:2023-10-15 15:12:29.212570][J:91831b5b-1f96-4952-b681-fb99c5726bac][A:validate#ed5a628b-0b77-4b0b-8f75-52cb7c0d9a78]sent task to client "site-2"
[E:c4a48f61-7607-4174-8e4a-aaf74fb0bb5a][R:1dafb7ef-2be2-43b3-a78e-18c537427f70][T:2023-10-15 15:12:35.407785][J:91831b5b-1f96-4952-b681-fb99c5726bac][A:validate#ed5a628b-0b77-4b0b-8f75-52cb7c0d9a78]received result from client 'site-2'
[E:1942d61f-332c-41f1-97f6-204c29e37d99][R:57126af2-a21e-45b5-855b-f13174b2987e][T:2023-10-15 15:12:36.096697][J:91831b5b-1f96-4952-b681-fb99c5726bac][A:validate#650f26bd-de89-4a92-8421-ca42a2d5b529]received result from client 'site-1'
[E:1c9e01b7-8942-4966-981a-e8090588a6d0][T:2023-10-15 15:12:37.495453][J:91831b5b-1f96-4952-b681-fb99c5726bac][A:validate#a46d9243-8559-49fa-afde-ddb3bf72a590]sent task to client "site-2"
[E:7232bbab-b585-44d5-948d-9f9ef265a306][T:2023-10-15 15:12:38.190855][J:91831b5b-1f96-4952-b681-fb99c5726bac][A:validate#43016e04-29bc-4e4b-b8e3-7595c2a7467c]sent task to client "site-1"
[E:0cc1a480-2762-40cf-b547-6050eee87d71][R:80c0fbaf-156f-4b5d-b404-d9db872ab3fb][T:2023-10-15 15:12:43.737321][J:91831b5b-1f96-4952-b681-fb99c5726bac][A:validate#a46d9243-8559-49fa-afde-ddb3bf72a590]received result from client 'site-2'
[E:d1fe3923-bf7e-4305-b168-946d53eafd04][R:87139e06-9ca3-423f-8b59-4088c6bd22d2][T:2023-10-15 15:12:45.707125][J:91831b5b-1f96-4952-b681-fb99c5726bac][A:validate#43016e04-29bc-4e4b-b8e3-7595c2a7467c]received result from client 'site-1'
[E:3589ccf0-8fea-4502-bab2-dcddfa800ac2][T:2023-10-15 15:12:45.878206][J:91831b5b-1f96-4952-b681-fb99c5726bac][A:validate#8634a3e6-2aa0-4170-99a8-083fe635a98a]sent task to client "site-2"
[E:a28e6c1a-1057-490a-a192-42bb10608215][T:2023-10-15 15:12:47.852867][J:91831b5b-1f96-4952-b681-fb99c5726bac][A:validate#80e4f6b7-2d07-4a17-b0d8-83fc1ad3197b]sent task to client "site-1"
[E:491e8135-0484-49df-8077-e2ec7adc2d13][R:a5ca6093-50a2-4791-9fe5-22e6e1eaa2b5][T:2023-10-15 15:12:53.209692][J:91831b5b-1f96-4952-b681-fb99c5726bac][A:validate#8634a3e6-2aa0-4170-99a8-083fe635a98a]received result from client 'site-2'
[E:9824d6be-f4ec-4304-9ee4-f47fd3618a11][T:2023-10-15 15:12:55.347198][J:91831b5b-1f96-4952-b681-fb99c5726bac][A:validate#c9d24a4e-c0a1-40a5-b0b4-78d1028133df]sent task to client "site-2"
[E:28cc324d-43b8-436f-b98d-243c3e3e4210][R:76fc9d53-7773-4048-8ce6-4bed9d0636a2][T:2023-10-15 15:12:56.726737][J:91831b5b-1f96-4952-b681-fb99c5726bac][A:validate#80e4f6b7-2d07-4a17-b0d8-83fc1ad3197b]received result from client 'site-1'
[E:79c763cb-5bf2-48c9-bfed-fc1a6d1a928f][T:2023-10-15 15:12:58.873085][J:91831b5b-1f96-4952-b681-fb99c5726bac][A:validate#213aead8-0e72-48d5-a13b-75464b413c0d]sent task to client "site-1"
[E:be5a4df8-e4eb-439c-8779-9443e151cb02][R:c37a2ce5-6fbd-400c-9b35-771e8c506fcf][T:2023-10-15 15:13:02.629259][J:91831b5b-1f96-4952-b681-fb99c5726bac][A:validate#c9d24a4e-c0a1-40a5-b0b4-78d1028133df]received result from client 'site-2'
[E:b3932629-5162-49d7-8dc7-6e3c8e3679b3][R:c08e43e9-563a-4d0a-ad2f-8b1e850412ba][T:2023-10-15 15:13:07.466307][J:91831b5b-1f96-4952-b681-fb99c5726bac][A:validate#213aead8-0e72-48d5-a13b-75464b413c0d]received result from client 'site-1'
[E:c2bba056-77fc-4aca-9bcd-db81f4e67b9b][T:2023-10-15 16:02:21.581390][U:?][A:_cert_login admin@nvidia.com]
[E:5146103b-c5d6-4e65-ac3f-8aef5fa42700][T:2023-10-15 16:02:39.358401][U:admin@nvidia.com][A:job_mgmt.submit_job cifar10_fedavg_he UEsDBBQAAAAAAFOAT1cLg1OmYwQAAGMEAAAnAAAAY2lmYXIxMF9mZWRhdmdfaG]
[E:12ea27de-f919-4024-9954-94e66a3715e0][T:2023-10-15 16:02:48.522196][J:413ffa6c-a8d5-4a1d-a8f1-804b594133d4][A:train#44885ed3-f2ca-41d9-89ba-d1be4d3f2011]sent task to client "site-2"
[E:3321c95f-46f3-49ca-bb8d-64a2ee082f02][T:2023-10-15 16:02:48.574786][J:413ffa6c-a8d5-4a1d-a8f1-804b594133d4][A:train#1bf34852-7853-4cd9-971a-e362ff72a47d]sent task to client "site-1"
[E:9aa3e42b-d02b-4b2b-b614-aa4625e79882][R:0155ec08-5d57-4c08-8520-384756a1e56c][T:2023-10-15 16:02:58.642736][J:413ffa6c-a8d5-4a1d-a8f1-804b594133d4][A:train#44885ed3-f2ca-41d9-89ba-d1be4d3f2011]received result from client 'site-2'
[E:6d497d4d-fed9-4ce3-b109-cca950576abc][R:ec709390-8792-445b-83e1-83b497c06560][T:2023-10-15 16:02:58.669949][J:413ffa6c-a8d5-4a1d-a8f1-804b594133d4][A:train#1bf34852-7853-4cd9-971a-e362ff72a47d]received result from client 'site-1'
