[E:5801743f-8c97-4e47-a124-f3fcbb4640aa][R:48838187-eead-4d13-a643-e92114d5c77f][T:2023-10-14 14:29:43.077540][U:admin@nvidia.com][A:train.check_status]
[E:8b09ed2e-f05b-4c0b-a01f-65a315f64947][T:2023-10-14 14:32:06.324018][U:admin@nvidia.com][A:train.deploy]
[E:c3c52971-69f5-40a8-a9f0-d0805c94d5c7][T:2023-10-14 14:32:06.352956][U:][A:train.start_job]
[E:842ec5c9-6e6d-4032-bf81-e4a8a200bb68][R:4704d2a9-4633-4438-a30f-b2a75fbdd8b7][T:2023-10-14 14:39:36.482831][J:cdc1a787-3dcf-42fc-b6d5-b9b6f316d574][A:train#f2946138-7666-4a74-90f9-7ffe5ae076c7]received task from server
[E:049c88be-c9e5-446a-bda6-ddbb5c5e5d66][T:2023-10-14 14:39:36.483332][J:cdc1a787-3dcf-42fc-b6d5-b9b6f316d574][A:train#f2946138-7666-4a74-90f9-7ffe5ae076c7]invoked executor LearnerExecutor
[E:a1c76f89-fd06-42ee-ac67-3ed66cf32ab1][T:2023-10-14 14:39:54.565885][J:cdc1a787-3dcf-42fc-b6d5-b9b6f316d574][A:train#f2946138-7666-4a74-90f9-7ffe5ae076c7]applied filter: HEModelEncryptor@job on task_result
[E:e0bc910d-7e48-4958-b414-e8af00076877][R:4704d2a9-4633-4438-a30f-b2a75fbdd8b7][T:2023-10-14 14:39:54.566072][J:cdc1a787-3dcf-42fc-b6d5-b9b6f316d574][A:train#f2946138-7666-4a74-90f9-7ffe5ae076c7]submit result OK
[E:e02461ce-6e27-4b58-8f99-5cc6d5321607][R:6036a03d-5606-40c7-947f-2e11de344627][T:2023-10-14 14:40:09.213226][J:cdc1a787-3dcf-42fc-b6d5-b9b6f316d574][A:train#9dcf1f69-ab8a-4cb7-b596-ca325f14a0e9]received task from server
[E:a300b0bd-4278-42d2-83ac-f7f96847e7ac][T:2023-10-14 14:40:09.646467][J:cdc1a787-3dcf-42fc-b6d5-b9b6f316d574][A:train#9dcf1f69-ab8a-4cb7-b596-ca325f14a0e9]applied filter: HEModelDecryptor@job on task_data
[E:dd24ec59-6bc8-4a8d-80bd-b779e34674f6][T:2023-10-14 14:40:09.646692][J:cdc1a787-3dcf-42fc-b6d5-b9b6f316d574][A:train#9dcf1f69-ab8a-4cb7-b596-ca325f14a0e9]invoked executor LearnerExecutor
[E:d1164359-0a50-4709-b9cb-5943938b8177][T:2023-10-14 14:40:23.251667][J:cdc1a787-3dcf-42fc-b6d5-b9b6f316d574][A:train#9dcf1f69-ab8a-4cb7-b596-ca325f14a0e9]applied filter: HEModelEncryptor@job on task_result
[E:275c31f3-1509-4454-b70c-4acdf8431d6b][R:6036a03d-5606-40c7-947f-2e11de344627][T:2023-10-14 14:40:23.251843][J:cdc1a787-3dcf-42fc-b6d5-b9b6f316d574][A:train#9dcf1f69-ab8a-4cb7-b596-ca325f14a0e9]submit result OK
[E:9e2643d0-e798-4dca-a6f4-40b66d12d4cd][R:5ad47633-1433-4e2b-adde-82f0774ec91c][T:2023-10-14 14:40:40.447967][J:cdc1a787-3dcf-42fc-b6d5-b9b6f316d574][A:train#1c045d3e-c146-4ec2-baa4-f3573b3ec681]received task from server
[E:596673ad-0d50-4140-9a61-38b263249689][T:2023-10-14 14:40:40.841320][J:cdc1a787-3dcf-42fc-b6d5-b9b6f316d574][A:train#1c045d3e-c146-4ec2-baa4-f3573b3ec681]applied filter: HEModelDecryptor@job on task_data
[E:016486d0-c318-4464-99b4-6b1eecd678cf][T:2023-10-14 14:40:40.841536][J:cdc1a787-3dcf-42fc-b6d5-b9b6f316d574][A:train#1c045d3e-c146-4ec2-baa4-f3573b3ec681]invoked executor LearnerExecutor
[E:132235ef-344d-40bf-b68f-c94f67915151][T:2023-10-14 14:40:54.447791][J:cdc1a787-3dcf-42fc-b6d5-b9b6f316d574][A:train#1c045d3e-c146-4ec2-baa4-f3573b3ec681]applied filter: HEModelEncryptor@job on task_result
[E:26e1709c-46a3-4da0-9de1-90d3dbc059b7][R:5ad47633-1433-4e2b-adde-82f0774ec91c][T:2023-10-14 14:40:54.447974][J:cdc1a787-3dcf-42fc-b6d5-b9b6f316d574][A:train#1c045d3e-c146-4ec2-baa4-f3573b3ec681]submit result OK
[E:2e4cacb1-9b15-4147-9169-eaf25c4ce840][R:3ff31ef2-bb43-42ba-9b1b-c8656715ba0d][T:2023-10-14 14:41:09.235827][J:cdc1a787-3dcf-42fc-b6d5-b9b6f316d574][A:train#13d9fdf5-e9ba-489f-9280-34a77b43fbe3]received task from server
[E:a8d23296-e45b-444e-89cc-b57f0585418e][T:2023-10-14 14:41:09.644728][J:cdc1a787-3dcf-42fc-b6d5-b9b6f316d574][A:train#13d9fdf5-e9ba-489f-9280-34a77b43fbe3]applied filter: HEModelDecryptor@job on task_data
[E:35914b22-6f38-438f-a957-ce97c1120900][T:2023-10-14 14:41:09.645005][J:cdc1a787-3dcf-42fc-b6d5-b9b6f316d574][A:train#13d9fdf5-e9ba-489f-9280-34a77b43fbe3]invoked executor LearnerExecutor
[E:22a69c0d-a983-4c26-9429-37bcda9026b9][T:2023-10-14 14:41:23.332368][J:cdc1a787-3dcf-42fc-b6d5-b9b6f316d574][A:train#13d9fdf5-e9ba-489f-9280-34a77b43fbe3]applied filter: HEModelEncryptor@job on task_result
[E:a8135386-a076-48c5-8be7-fc141339ac7a][R:3ff31ef2-bb43-42ba-9b1b-c8656715ba0d][T:2023-10-14 14:41:23.332547][J:cdc1a787-3dcf-42fc-b6d5-b9b6f316d574][A:train#13d9fdf5-e9ba-489f-9280-34a77b43fbe3]submit result OK
[E:712ed2c4-9735-4494-be78-e9d37781646b][R:bf72958b-8f39-4bd3-808e-2ab51b0c53a6][T:2023-10-14 14:41:38.003594][J:cdc1a787-3dcf-42fc-b6d5-b9b6f316d574][A:train#01f65671-410b-45fc-b578-51a9da31ba82]received task from server
[E:a5ce7696-fefd-4391-90ee-9217bfd32952][T:2023-10-14 14:41:38.410694][J:cdc1a787-3dcf-42fc-b6d5-b9b6f316d574][A:train#01f65671-410b-45fc-b578-51a9da31ba82]applied filter: HEModelDecryptor@job on task_data
[E:4db16957-6826-4c4b-a748-c92366bba591][T:2023-10-14 14:41:38.410949][J:cdc1a787-3dcf-42fc-b6d5-b9b6f316d574][A:train#01f65671-410b-45fc-b578-51a9da31ba82]invoked executor LearnerExecutor
[E:cdd01767-3c2d-4e91-8c77-27635e636907][T:2023-10-14 14:41:51.775358][J:cdc1a787-3dcf-42fc-b6d5-b9b6f316d574][A:train#01f65671-410b-45fc-b578-51a9da31ba82]applied filter: HEModelEncryptor@job on task_result
[E:ee551653-b7d4-471d-b5f2-d887fe49619c][R:bf72958b-8f39-4bd3-808e-2ab51b0c53a6][T:2023-10-14 14:41:51.775533][J:cdc1a787-3dcf-42fc-b6d5-b9b6f316d574][A:train#01f65671-410b-45fc-b578-51a9da31ba82]submit result OK
[E:f7ea4a03-88bf-450f-8b45-98c0311048ad][R:19942ee5-5302-4712-8430-00e6e7637860][T:2023-10-14 14:42:06.603077][J:cdc1a787-3dcf-42fc-b6d5-b9b6f316d574][A:train#c58619af-f44c-4492-be8c-fdfdefcd478d]received task from server
[E:1eb925bf-9442-426a-8157-1569204b5647][T:2023-10-14 14:42:07.003263][J:cdc1a787-3dcf-42fc-b6d5-b9b6f316d574][A:train#c58619af-f44c-4492-be8c-fdfdefcd478d]applied filter: HEModelDecryptor@job on task_data
[E:7eb47abc-8a53-4684-8381-3717db29357f][T:2023-10-14 14:42:07.003543][J:cdc1a787-3dcf-42fc-b6d5-b9b6f316d574][A:train#c58619af-f44c-4492-be8c-fdfdefcd478d]invoked executor LearnerExecutor
[E:5765f8f9-a17d-4782-adeb-2592ef094dc3][T:2023-10-14 14:42:20.507224][J:cdc1a787-3dcf-42fc-b6d5-b9b6f316d574][A:train#c58619af-f44c-4492-be8c-fdfdefcd478d]applied filter: HEModelEncryptor@job on task_result
[E:92eb7bd3-82a0-4595-9833-ed63d29a4b1e][R:19942ee5-5302-4712-8430-00e6e7637860][T:2023-10-14 14:42:20.507433][J:cdc1a787-3dcf-42fc-b6d5-b9b6f316d574][A:train#c58619af-f44c-4492-be8c-fdfdefcd478d]submit result OK
[E:98bb50e5-0053-4214-a674-a7e209e54c91][R:8b00a624-92eb-4259-831f-ec235a856f0a][T:2023-10-14 14:42:35.197752][J:cdc1a787-3dcf-42fc-b6d5-b9b6f316d574][A:train#5c4adae3-907e-4ab4-bffa-6122ddaa0c3d]received task from server
[E:abc04483-4557-4a58-9b48-5ee6776dad5f][T:2023-10-14 14:42:35.624843][J:cdc1a787-3dcf-42fc-b6d5-b9b6f316d574][A:train#5c4adae3-907e-4ab4-bffa-6122ddaa0c3d]applied filter: HEModelDecryptor@job on task_data
[E:cfe0b8bc-7b4f-49f3-a1b5-b5db25f97a52][T:2023-10-14 14:42:35.625168][J:cdc1a787-3dcf-42fc-b6d5-b9b6f316d574][A:train#5c4adae3-907e-4ab4-bffa-6122ddaa0c3d]invoked executor LearnerExecutor
[E:b40efb73-cdea-4e54-a9c5-577415e8d00e][T:2023-10-14 14:42:48.939269][J:cdc1a787-3dcf-42fc-b6d5-b9b6f316d574][A:train#5c4adae3-907e-4ab4-bffa-6122ddaa0c3d]applied filter: HEModelEncryptor@job on task_result
[E:822db500-5735-4bbe-afa6-1557d331ea93][R:8b00a624-92eb-4259-831f-ec235a856f0a][T:2023-10-14 14:42:48.939452][J:cdc1a787-3dcf-42fc-b6d5-b9b6f316d574][A:train#5c4adae3-907e-4ab4-bffa-6122ddaa0c3d]submit result OK
[E:3b51ea53-550d-4a17-bfcd-4547234297fd][R:4b5a63fc-4f71-4f76-9484-5ccf748cda2f][T:2023-10-14 14:43:04.081854][J:cdc1a787-3dcf-42fc-b6d5-b9b6f316d574][A:train#c3912b24-4074-42a1-906f-ca6cdcfada50]received task from server
[E:b370d208-4469-4f69-a6c9-072aa410ae7f][T:2023-10-14 14:43:04.506622][J:cdc1a787-3dcf-42fc-b6d5-b9b6f316d574][A:train#c3912b24-4074-42a1-906f-ca6cdcfada50]applied filter: HEModelDecryptor@job on task_data
[E:215d0e6b-6bd9-4c00-aaba-738f430c4f15][T:2023-10-14 14:43:04.506860][J:cdc1a787-3dcf-42fc-b6d5-b9b6f316d574][A:train#c3912b24-4074-42a1-906f-ca6cdcfada50]invoked executor LearnerExecutor
[E:2a5ee854-eb1b-4995-862e-03a6649bf8ba][T:2023-10-14 14:43:17.645761][J:cdc1a787-3dcf-42fc-b6d5-b9b6f316d574][A:train#c3912b24-4074-42a1-906f-ca6cdcfada50]applied filter: HEModelEncryptor@job on task_result
[E:da1242b9-f78d-4a16-9a89-7893a73e4cd3][R:4b5a63fc-4f71-4f76-9484-5ccf748cda2f][T:2023-10-14 14:43:17.645942][J:cdc1a787-3dcf-42fc-b6d5-b9b6f316d574][A:train#c3912b24-4074-42a1-906f-ca6cdcfada50]submit result OK
[E:bfd20690-1243-49e9-bd31-de7f837bb816][R:b6a573ac-c168-4b00-a799-58fad3ee4713][T:2023-10-14 14:43:32.454881][J:cdc1a787-3dcf-42fc-b6d5-b9b6f316d574][A:train#503627c2-962e-4a86-85f8-f8dd70d0f4a0]received task from server
[E:b926570b-1a3c-48e4-a058-8b7ae82ef6b7][T:2023-10-14 14:43:32.858205][J:cdc1a787-3dcf-42fc-b6d5-b9b6f316d574][A:train#503627c2-962e-4a86-85f8-f8dd70d0f4a0]applied filter: HEModelDecryptor@job on task_data
[E:acd42607-e850-4a7a-ad9d-5d56f5de942a][T:2023-10-14 14:43:32.858481][J:cdc1a787-3dcf-42fc-b6d5-b9b6f316d574][A:train#503627c2-962e-4a86-85f8-f8dd70d0f4a0]invoked executor LearnerExecutor
[E:3513b4e9-63f4-4089-b549-51f70221db77][T:2023-10-14 14:43:46.067207][J:cdc1a787-3dcf-42fc-b6d5-b9b6f316d574][A:train#503627c2-962e-4a86-85f8-f8dd70d0f4a0]applied filter: HEModelEncryptor@job on task_result
[E:2842be4d-eff1-47c7-9a07-cf8232398c80][R:b6a573ac-c168-4b00-a799-58fad3ee4713][T:2023-10-14 14:43:46.067462][J:cdc1a787-3dcf-42fc-b6d5-b9b6f316d574][A:train#503627c2-962e-4a86-85f8-f8dd70d0f4a0]submit result OK
[E:944f11d4-f1a5-47f0-9b77-c82f18e7acbf][R:65abcea7-3267-4e6e-b8a6-2f72e624aefe][T:2023-10-14 14:44:03.451611][J:cdc1a787-3dcf-42fc-b6d5-b9b6f316d574][A:train#5b3ac6b6-207b-42a9-af9f-2847f43d6d36]received task from server
[E:e346186c-4d8b-4579-9afc-85b36984b3f7][T:2023-10-14 14:44:03.845732][J:cdc1a787-3dcf-42fc-b6d5-b9b6f316d574][A:train#5b3ac6b6-207b-42a9-af9f-2847f43d6d36]applied filter: HEModelDecryptor@job on task_data
[E:54ab661f-7e91-40cc-9ca7-8804dbda6718][T:2023-10-14 14:44:03.845972][J:cdc1a787-3dcf-42fc-b6d5-b9b6f316d574][A:train#5b3ac6b6-207b-42a9-af9f-2847f43d6d36]invoked executor LearnerExecutor
[E:df7cfa63-9b28-4822-84b9-943d6be70023][T:2023-10-14 14:44:16.859500][J:cdc1a787-3dcf-42fc-b6d5-b9b6f316d574][A:train#5b3ac6b6-207b-42a9-af9f-2847f43d6d36]applied filter: HEModelEncryptor@job on task_result
[E:16786c6c-8c29-45aa-816d-6d6e3083ce44][R:65abcea7-3267-4e6e-b8a6-2f72e624aefe][T:2023-10-14 14:44:16.859688][J:cdc1a787-3dcf-42fc-b6d5-b9b6f316d574][A:train#5b3ac6b6-207b-42a9-af9f-2847f43d6d36]submit result OK
[E:6e0defae-e3e0-47c7-b73e-fb4cd56921c2][R:446b09dd-195f-4348-aeb2-3e460981bfa2][T:2023-10-14 14:44:31.786337][J:cdc1a787-3dcf-42fc-b6d5-b9b6f316d574][A:submit_model#0ce07f30-76da-49fe-98f3-3e71a47104ba]received task from server
[E:3cb919af-cbf8-4753-a5a7-e2191c7aa286][T:2023-10-14 14:44:31.786583][J:cdc1a787-3dcf-42fc-b6d5-b9b6f316d574][A:submit_model#0ce07f30-76da-49fe-98f3-3e71a47104ba]invoked executor LearnerExecutor
[E:f8d376c7-d1bf-457b-8de7-5a2ff9777558][T:2023-10-14 14:44:33.139986][J:cdc1a787-3dcf-42fc-b6d5-b9b6f316d574][A:submit_model#0ce07f30-76da-49fe-98f3-3e71a47104ba]applied filter: HEModelEncryptor@job on task_result
[E:1e7a9211-13be-4737-b6ac-0a3793921805][R:446b09dd-195f-4348-aeb2-3e460981bfa2][T:2023-10-14 14:44:33.140167][J:cdc1a787-3dcf-42fc-b6d5-b9b6f316d574][A:submit_model#0ce07f30-76da-49fe-98f3-3e71a47104ba]submit result OK
[E:004bb51e-9715-4f95-82ca-d32812e53225][R:69806f6f-7e6e-470a-8323-402b917dcc31][T:2023-10-14 14:44:40.856445][J:cdc1a787-3dcf-42fc-b6d5-b9b6f316d574][A:validate#d49908ef-c45d-42fd-ba60-b3a6cea8e161]received task from server
[E:f63ec9d0-43d0-40bd-b1e6-bbb91172b886][T:2023-10-14 14:44:41.254305][J:cdc1a787-3dcf-42fc-b6d5-b9b6f316d574][A:validate#d49908ef-c45d-42fd-ba60-b3a6cea8e161]applied filter: HEModelDecryptor@job on task_data
[E:1acac94f-a2d3-4d27-8938-456eaab59952][T:2023-10-14 14:44:41.254530][J:cdc1a787-3dcf-42fc-b6d5-b9b6f316d574][A:validate#d49908ef-c45d-42fd-ba60-b3a6cea8e161]invoked executor LearnerExecutor
[E:c06d82a7-986f-449e-8211-4ed0555cb63a][R:69806f6f-7e6e-470a-8323-402b917dcc31][T:2023-10-14 14:44:44.919170][J:cdc1a787-3dcf-42fc-b6d5-b9b6f316d574][A:validate#d49908ef-c45d-42fd-ba60-b3a6cea8e161]submit result OK
[E:b3674ee5-b0a0-42ae-a87f-69a3a8b2c67a][R:2cbcc48c-3322-4eb2-b440-139025a1e9d4][T:2023-10-14 14:44:48.188953][J:cdc1a787-3dcf-42fc-b6d5-b9b6f316d574][A:validate#226e8a4c-c7c0-410c-bc32-f7d9122e17ad]received task from server
[E:74b9162c-d6d6-4b55-bcf5-e0120c4d4fdd][T:2023-10-14 14:44:48.580378][J:cdc1a787-3dcf-42fc-b6d5-b9b6f316d574][A:validate#226e8a4c-c7c0-410c-bc32-f7d9122e17ad]applied filter: HEModelDecryptor@job on task_data
[E:ae086af7-2bc8-4b83-8777-cb03738bbf5a][T:2023-10-14 14:44:48.580739][J:cdc1a787-3dcf-42fc-b6d5-b9b6f316d574][A:validate#226e8a4c-c7c0-410c-bc32-f7d9122e17ad]invoked executor LearnerExecutor
[E:131920a7-ad69-4b86-b3fb-28fd40d98af7][R:2cbcc48c-3322-4eb2-b440-139025a1e9d4][T:2023-10-14 14:44:52.338786][J:cdc1a787-3dcf-42fc-b6d5-b9b6f316d574][A:validate#226e8a4c-c7c0-410c-bc32-f7d9122e17ad]submit result OK
[E:5699a731-8248-42cc-8692-a26a1cd02806][R:5f9e2146-a202-4548-93a0-9570c4d4fd9a][T:2023-10-14 14:44:56.309264][J:cdc1a787-3dcf-42fc-b6d5-b9b6f316d574][A:validate#f0080de0-b847-4fb2-aeb3-a77eb3fe1c75]received task from server
[E:8294c785-2be1-43fd-a87c-0b1d51813326][T:2023-10-14 14:44:57.210118][J:cdc1a787-3dcf-42fc-b6d5-b9b6f316d574][A:validate#f0080de0-b847-4fb2-aeb3-a77eb3fe1c75]applied filter: HEModelDecryptor@job on task_data
[E:47eef804-21fc-4dd9-8892-413f7f534b08][T:2023-10-14 14:44:57.210339][J:cdc1a787-3dcf-42fc-b6d5-b9b6f316d574][A:validate#f0080de0-b847-4fb2-aeb3-a77eb3fe1c75]invoked executor LearnerExecutor
[E:73a0a521-95a9-445c-ab72-a528942b4cb3][R:5f9e2146-a202-4548-93a0-9570c4d4fd9a][T:2023-10-14 14:45:00.983590][J:cdc1a787-3dcf-42fc-b6d5-b9b6f316d574][A:validate#f0080de0-b847-4fb2-aeb3-a77eb3fe1c75]submit result OK
[E:2c7871a7-3de1-4d49-81f4-2eb911929226][R:4060be15-1550-40ce-8c42-23e67394adca][T:2023-10-14 14:45:04.925035][J:cdc1a787-3dcf-42fc-b6d5-b9b6f316d574][A:validate#65580b81-4552-4d1a-833e-d735cd5760b3]received task from server
[E:c0dbc12f-c78c-4174-9baa-cb3d19e76ff1][T:2023-10-14 14:45:05.806977][J:cdc1a787-3dcf-42fc-b6d5-b9b6f316d574][A:validate#65580b81-4552-4d1a-833e-d735cd5760b3]applied filter: HEModelDecryptor@job on task_data
[E:ddedf980-7a99-4948-9e4e-d80cbb0fc30b][T:2023-10-14 14:45:05.807251][J:cdc1a787-3dcf-42fc-b6d5-b9b6f316d574][A:validate#65580b81-4552-4d1a-833e-d735cd5760b3]invoked executor LearnerExecutor
[E:1d25cc79-3f90-4a21-83c5-6dfa43d81f1e][R:4060be15-1550-40ce-8c42-23e67394adca][T:2023-10-14 14:45:09.581682][J:cdc1a787-3dcf-42fc-b6d5-b9b6f316d574][A:validate#65580b81-4552-4d1a-833e-d735cd5760b3]submit result OK
[E:de096b30-d700-411d-b0c6-3e456e4921ea][R:c5b9e5ef-a6b8-4117-a5b1-61bb85c0a3a5][T:2023-10-14 16:01:47.786075][U:admin@nvidia.com][A:train.check_status]
[E:95ec54b6-ec89-4b4c-94ea-d9b460f8093c][T:2023-10-14 16:04:10.991498][U:admin@nvidia.com][A:train.deploy]
[E:821bc3c7-26de-4ad8-849f-0d6965558f73][T:2023-10-14 16:04:11.018305][U:][A:train.start_job]
[E:5cae9334-be4c-4c29-a1b5-1ea8e899cd0d][R:272968d1-1cea-44b0-b753-cbb8dcbf5aba][T:2023-10-14 16:04:16.011125][J:6bbf3c94-7160-4e6c-8fa7-00025f7cf055][A:train#0385aff7-3ead-4982-a0f0-0e956f707c28]received task from server
[E:c9f1556a-a4ac-4317-b683-b72aafc1e64a][T:2023-10-14 16:04:16.011640][J:6bbf3c94-7160-4e6c-8fa7-00025f7cf055][A:train#0385aff7-3ead-4982-a0f0-0e956f707c28]invoked executor LearnerExecutor
[E:8f1dedeb-f888-45ca-8c6d-7137fc908570][R:272968d1-1cea-44b0-b753-cbb8dcbf5aba][T:2023-10-14 16:04:17.278250][J:6bbf3c94-7160-4e6c-8fa7-00025f7cf055][A:train#0385aff7-3ead-4982-a0f0-0e956f707c28]submit result: TASK_ABORTED
[E:e74d5601-ef31-429c-958a-4a237403d623][T:2023-10-14 16:04:21.902748][U:][A:train.abort]
[E:652988ea-d18a-4796-b267-965b77c38b4b][R:b55a231f-9b19-4d78-baa8-39676926c5a0][T:2023-10-14 17:03:05.311009][U:admin@nvidia.com][A:train.check_status]
[E:8a977189-a2db-43ce-ab02-4df6626db9dd][T:2023-10-14 17:03:29.306377][U:admin@nvidia.com][A:train.deploy]
[E:b2ecd0c9-5cd0-439b-9859-41b4bbcf7205][T:2023-10-14 17:03:29.332653][U:][A:train.start_job]
[E:b81ca20c-2275-4fa2-abe6-6147e1ef8dfb][R:4a92eecc-5d41-4442-9621-e146387498a0][T:2023-10-14 17:03:32.634976][J:5b65e3e4-fa90-4422-be8e-4e04e4360e04][A:train#3ee5dd16-0c4f-4483-8ab5-d2d8ab49bd30]received task from server
[E:49795cc6-4922-40cf-b8f0-14dbe7d1d3d1][T:2023-10-14 17:03:32.635507][J:5b65e3e4-fa90-4422-be8e-4e04e4360e04][A:train#3ee5dd16-0c4f-4483-8ab5-d2d8ab49bd30]invoked executor LearnerExecutor
[E:23f96e74-6b3f-42ff-893b-fb78147f1926][R:4a92eecc-5d41-4442-9621-e146387498a0][T:2023-10-14 17:03:34.582270][J:5b65e3e4-fa90-4422-be8e-4e04e4360e04][A:train#3ee5dd16-0c4f-4483-8ab5-d2d8ab49bd30]submit result: TASK_ABORTED
[E:ef2d1c92-e2e0-4743-bd97-1bb4caebac90][T:2023-10-14 17:03:40.255184][U:][A:train.abort]
[E:5cd2ae09-e1a4-48b5-b449-add2d9671586][T:2023-10-14 17:23:38.335926][U:admin@nvidia.com][A:train.deploy]
[E:2c54e68d-8c76-4355-8c53-d38b449fdc3e][T:2023-10-14 17:23:38.358777][U:][A:train.start_job]
[E:c280deb1-3bc6-4264-87d5-27b5bb6da2d6][R:5e63d960-6dd8-4508-91eb-1ade0aba02b2][T:2023-10-14 17:23:41.572765][J:ab033e58-6095-464d-82f9-777f1a2cc99b][A:train#6965b376-f569-4c2b-9743-0f063a6fc218]received task from server
[E:0e60936c-b3fb-405b-bc7a-fd891002bea0][T:2023-10-14 17:23:41.573329][J:ab033e58-6095-464d-82f9-777f1a2cc99b][A:train#6965b376-f569-4c2b-9743-0f063a6fc218]invoked executor LearnerExecutor
[E:ab96df13-6bf1-4178-b02c-5ea9936878fd][R:5e63d960-6dd8-4508-91eb-1ade0aba02b2][T:2023-10-14 17:23:42.697170][J:ab033e58-6095-464d-82f9-777f1a2cc99b][A:train#6965b376-f569-4c2b-9743-0f063a6fc218]submit result: TASK_ABORTED
[E:ee2ea98d-9783-4412-99e6-26f9d531ad0c][T:2023-10-14 17:23:46.547490][U:][A:train.abort]
[E:e21b3587-3563-404b-a9b7-18adcc391212][T:2023-10-14 17:25:28.770947][U:admin@nvidia.com][A:train.deploy]
[E:e9e3fbd2-7a1d-4efc-8b42-7e8f8290c877][T:2023-10-14 17:25:28.794154][U:][A:train.start_job]
[E:6f4667f1-eab1-4a9a-8d64-a35bb89c9486][R:c8c88f4e-b8eb-41c0-8796-2dae4a5f67ed][T:2023-10-14 17:25:32.063777][J:bb15853d-11b4-4cf8-99aa-9356fe06854c][A:train#9cf26b9e-c234-456d-ac1f-c89bc41cdcb0]received task from server
[E:c5a3fe92-a183-4a15-b63f-f260ca722dc9][T:2023-10-14 17:25:32.064317][J:bb15853d-11b4-4cf8-99aa-9356fe06854c][A:train#9cf26b9e-c234-456d-ac1f-c89bc41cdcb0]invoked executor LearnerExecutor
[E:3e9a9a65-952d-4a7a-84f5-a2edcd7e36e8][R:c8c88f4e-b8eb-41c0-8796-2dae4a5f67ed][T:2023-10-14 17:25:33.200733][J:bb15853d-11b4-4cf8-99aa-9356fe06854c][A:train#9cf26b9e-c234-456d-ac1f-c89bc41cdcb0]submit result: TASK_ABORTED
[E:76c829f5-9d89-40a5-881a-293f48655d97][T:2023-10-14 17:25:36.677370][U:][A:train.abort]
[E:171bb14c-1035-4084-907f-b2d928d1db39][T:2023-10-14 17:28:38.695990][U:admin@nvidia.com][A:train.deploy]
[E:90e4f47a-b72e-4ddc-8ae8-a51d7b59e6e6][T:2023-10-14 17:28:38.721895][U:][A:train.start_job]
[E:186013e7-9043-4c53-9def-f633dc635f00][R:db2a6432-368b-40bd-9466-a1a48fe4deb4][T:2023-10-14 17:28:51.961235][J:e39a7acc-b823-480b-aed1-71641e6d5697][A:train#7b56505e-f703-48d1-a91e-c604a04cacf2]received task from server
[E:4b96283f-7a75-41f0-bb82-2d7cd37eb85b][T:2023-10-14 17:28:51.961761][J:e39a7acc-b823-480b-aed1-71641e6d5697][A:train#7b56505e-f703-48d1-a91e-c604a04cacf2]invoked executor LearnerExecutor
[E:6e4fca76-1409-4602-b867-5816b16038f0][R:db2a6432-368b-40bd-9466-a1a48fe4deb4][T:2023-10-14 17:29:03.361684][J:e39a7acc-b823-480b-aed1-71641e6d5697][A:train#7b56505e-f703-48d1-a91e-c604a04cacf2]submit result: EXECUTION_EXCEPTION
[E:cdc68531-dcd0-49b7-ab41-ccb781d91954][T:2023-10-14 17:29:07.910159][U:][A:train.abort]
[E:3e270348-3578-469e-a1c8-79d46cef7d43][T:2023-10-14 17:34:38.465321][U:admin@nvidia.com][A:train.deploy]
[E:684808cc-b4fa-4590-bda4-36d66434c64a][T:2023-10-14 17:34:38.489853][U:][A:train.start_job]
[E:78178b7b-e22c-4cf5-b52c-5f77944d126e][R:8949d435-c4e5-4365-a635-4207f1454244][T:2023-10-14 17:34:47.706018][J:6906da61-5a9a-4f94-9b64-da13bfccbf58][A:train#633cccfd-19ef-482a-bca8-d688a8b1a8b1]received task from server
[E:e1434a87-c601-4a52-87e2-2d554cd7ff20][T:2023-10-14 17:34:47.706565][J:6906da61-5a9a-4f94-9b64-da13bfccbf58][A:train#633cccfd-19ef-482a-bca8-d688a8b1a8b1]invoked executor LearnerExecutor
[E:9e83c038-2a22-4188-b81f-6b9b1f4ca4f1][R:8949d435-c4e5-4365-a635-4207f1454244][T:2023-10-14 17:34:53.476827][J:6906da61-5a9a-4f94-9b64-da13bfccbf58][A:train#633cccfd-19ef-482a-bca8-d688a8b1a8b1]submit result: EXECUTION_EXCEPTION
[E:eaa65ce8-f0e2-4966-8ee0-3b899062259c][T:2023-10-14 17:34:58.942270][U:][A:train.abort]
[E:e0c67881-3fd1-4a5d-bde8-7d4e81621f0a][T:2023-10-14 17:36:06.000068][U:admin@nvidia.com][A:train.deploy]
[E:4d823a1b-0ba2-4fd3-b700-6037a0911313][T:2023-10-14 17:36:06.026126][U:][A:train.start_job]
[E:c04fccef-6f2f-4541-8543-e54d7f1a155b][R:e3f73c4c-2991-47c6-8c11-f158759e8ac3][T:2023-10-14 17:36:15.266353][J:f61ae72d-5ea7-4d10-97bb-201b2e4af25d][A:train#b862bf06-fb24-4625-9195-af14403bb326]received task from server
[E:39dcf6e8-5457-4efd-b751-7891944aa6d5][T:2023-10-14 17:36:15.266924][J:f61ae72d-5ea7-4d10-97bb-201b2e4af25d][A:train#b862bf06-fb24-4625-9195-af14403bb326]invoked executor LearnerExecutor
[E:5bf9ad9a-8cdb-4d86-a38d-f8d0f2beddff][T:2023-10-14 17:36:20.032543][U:][A:train.abort]
[E:075d6842-9733-4671-8d98-25aa9815403a][R:e3f73c4c-2991-47c6-8c11-f158759e8ac3][T:2023-10-14 17:36:21.161028][J:f61ae72d-5ea7-4d10-97bb-201b2e4af25d][A:train#b862bf06-fb24-4625-9195-af14403bb326]submit result: TASK_ABORTED
[E:19ac60c5-8067-4237-abe3-57dca70261aa][T:2023-10-14 17:37:13.437165][U:admin@nvidia.com][A:train.deploy]
[E:c08f6e56-da9a-47af-901b-67c3e039840d][T:2023-10-14 17:37:13.464330][U:][A:train.start_job]
[E:5aaf6338-0810-47b0-8269-8c3c9c232ac5][R:a33f1840-64e4-4c11-8194-8ab74f3d2dcc][T:2023-10-14 17:37:22.738023][J:77f6c049-981e-4ee2-a848-5819d8e5487e][A:train#b71a121d-8d0a-4412-9a54-b5a4cc18f943]received task from server
[E:a26bedc6-40f7-4d16-8b19-7800a9d62fd2][T:2023-10-14 17:37:22.738564][J:77f6c049-981e-4ee2-a848-5819d8e5487e][A:train#b71a121d-8d0a-4412-9a54-b5a4cc18f943]invoked executor LearnerExecutor
[E:0bcc132a-432e-40c4-a621-419e93335144][R:a33f1840-64e4-4c11-8194-8ab74f3d2dcc][T:2023-10-14 17:37:28.672549][J:77f6c049-981e-4ee2-a848-5819d8e5487e][A:train#b71a121d-8d0a-4412-9a54-b5a4cc18f943]submit result: EXECUTION_EXCEPTION
[E:bf1813d1-ae83-4e86-8744-74a3bb5dea58][T:2023-10-14 17:37:34.117191][U:][A:train.abort]
[E:587c88d4-dad7-44b6-9c05-5bd054b6ff33][T:2023-10-14 17:38:26.955144][U:admin@nvidia.com][A:train.deploy]
[E:3844d41c-a782-497f-a86f-d5a2e9ac3673][T:2023-10-14 17:38:26.979449][U:][A:train.start_job]
[E:1bbcc4d3-6fac-4db8-adf2-834f7d7154fb][R:81f77e68-f07e-441f-90b1-de3e18413c50][T:2023-10-14 17:38:36.243061][J:cb2c1f14-3a6c-445c-b8a2-72b5238a556b][A:train#5353e9b3-3bf1-49df-b6e7-6c7c66bdbb44]received task from server
[E:c0a811a2-8093-4e00-8d58-6091c88eb168][T:2023-10-14 17:38:36.243759][J:cb2c1f14-3a6c-445c-b8a2-72b5238a556b][A:train#5353e9b3-3bf1-49df-b6e7-6c7c66bdbb44]invoked executor LearnerExecutor
[E:c4c02a85-3746-4265-b6b2-7c5df2a14ed2][T:2023-10-14 17:39:00.480790][J:cb2c1f14-3a6c-445c-b8a2-72b5238a556b][A:train#5353e9b3-3bf1-49df-b6e7-6c7c66bdbb44]applied filter: HEModelEncryptor@job on task_result
[E:de4dfd62-76ce-44e3-959c-4d922df8b6c2][R:81f77e68-f07e-441f-90b1-de3e18413c50][T:2023-10-14 17:39:00.481002][J:cb2c1f14-3a6c-445c-b8a2-72b5238a556b][A:train#5353e9b3-3bf1-49df-b6e7-6c7c66bdbb44]submit result OK
[E:d455cce3-143e-4ac8-a9cf-ac9125ef62dd][R:e5fe44e7-edff-41b2-8731-651c72149b00][T:2023-10-14 17:39:14.929692][J:cb2c1f14-3a6c-445c-b8a2-72b5238a556b][A:train#4c7dde23-840e-44c2-a85a-2c1176f2e2b5]received task from server
[E:ba864f82-73fc-40e9-a525-099fb7494401][T:2023-10-14 17:39:15.366848][J:cb2c1f14-3a6c-445c-b8a2-72b5238a556b][A:train#4c7dde23-840e-44c2-a85a-2c1176f2e2b5]applied filter: HEModelDecryptor@job on task_data
[E:8832f5b9-0beb-4091-82dd-366b1853b79e][T:2023-10-14 17:39:15.367153][J:cb2c1f14-3a6c-445c-b8a2-72b5238a556b][A:train#4c7dde23-840e-44c2-a85a-2c1176f2e2b5]invoked executor LearnerExecutor
[E:d975adce-7a49-4de0-9dcc-61d00848a76f][T:2023-10-14 17:39:30.506222][J:cb2c1f14-3a6c-445c-b8a2-72b5238a556b][A:train#4c7dde23-840e-44c2-a85a-2c1176f2e2b5]applied filter: HEModelEncryptor@job on task_result
[E:e1235399-7443-4fd6-907d-18af172928ae][R:e5fe44e7-edff-41b2-8731-651c72149b00][T:2023-10-14 17:39:30.506467][J:cb2c1f14-3a6c-445c-b8a2-72b5238a556b][A:train#4c7dde23-840e-44c2-a85a-2c1176f2e2b5]submit result OK
[E:15951f65-f615-4ad7-8710-9e8496f79808][R:00a97cfc-bbc3-4be7-aa82-73395f57bb91][T:2023-10-14 17:39:45.523394][J:cb2c1f14-3a6c-445c-b8a2-72b5238a556b][A:train#275767c9-f915-4f68-a4ce-a0c094fea7f2]received task from server
[E:0f86c3c3-c76a-40f4-8a63-899853ced4e9][T:2023-10-14 17:39:45.933770][J:cb2c1f14-3a6c-445c-b8a2-72b5238a556b][A:train#275767c9-f915-4f68-a4ce-a0c094fea7f2]applied filter: HEModelDecryptor@job on task_data
[E:6346096a-7121-4954-98a7-6df6c53ffe16][T:2023-10-14 17:39:45.934030][J:cb2c1f14-3a6c-445c-b8a2-72b5238a556b][A:train#275767c9-f915-4f68-a4ce-a0c094fea7f2]invoked executor LearnerExecutor
[E:3bf81c4e-c2eb-4a2e-b9cd-65ab92659fac][T:2023-10-14 17:40:00.661104][J:cb2c1f14-3a6c-445c-b8a2-72b5238a556b][A:train#275767c9-f915-4f68-a4ce-a0c094fea7f2]applied filter: HEModelEncryptor@job on task_result
[E:7f80d624-f9f9-4c06-b89e-392fd9b7f94d][R:00a97cfc-bbc3-4be7-aa82-73395f57bb91][T:2023-10-14 17:40:00.661353][J:cb2c1f14-3a6c-445c-b8a2-72b5238a556b][A:train#275767c9-f915-4f68-a4ce-a0c094fea7f2]submit result OK
[E:58fc8282-9845-4d8b-9966-99430b73e11a][R:53577994-a2bc-4e10-a9a3-f5c2f6726dd1][T:2023-10-14 17:40:15.624355][J:cb2c1f14-3a6c-445c-b8a2-72b5238a556b][A:train#21bdb0b8-cc49-41ab-8c78-0479681d3127]received task from server
[E:a0f4ef6c-888c-4b6f-8258-6446f2574915][T:2023-10-14 17:40:16.027800][J:cb2c1f14-3a6c-445c-b8a2-72b5238a556b][A:train#21bdb0b8-cc49-41ab-8c78-0479681d3127]applied filter: HEModelDecryptor@job on task_data
[E:d51e4ad1-0dd7-4689-8c28-a6c7efca9de9][T:2023-10-14 17:40:16.028133][J:cb2c1f14-3a6c-445c-b8a2-72b5238a556b][A:train#21bdb0b8-cc49-41ab-8c78-0479681d3127]invoked executor LearnerExecutor
[E:a0417fb3-cd6d-4a11-8418-1e7a5e160356][T:2023-10-14 17:40:31.251367][J:cb2c1f14-3a6c-445c-b8a2-72b5238a556b][A:train#21bdb0b8-cc49-41ab-8c78-0479681d3127]applied filter: HEModelEncryptor@job on task_result
[E:055ebd3f-1814-487c-af68-92fc9306bd68][R:53577994-a2bc-4e10-a9a3-f5c2f6726dd1][T:2023-10-14 17:40:31.251552][J:cb2c1f14-3a6c-445c-b8a2-72b5238a556b][A:train#21bdb0b8-cc49-41ab-8c78-0479681d3127]submit result OK
[E:b20a97e1-9eff-4c72-be50-9099a56f1606][R:930cb1a6-8d8f-4c8f-b596-4b5dfea8ac0d][T:2023-10-14 17:40:48.954953][J:cb2c1f14-3a6c-445c-b8a2-72b5238a556b][A:train#24855634-1ba8-40d2-b2b3-a08850a40edc]received task from server
[E:6b770391-90ed-4341-8c1f-d86cfbfc78ec][T:2023-10-14 17:40:49.353463][J:cb2c1f14-3a6c-445c-b8a2-72b5238a556b][A:train#24855634-1ba8-40d2-b2b3-a08850a40edc]applied filter: HEModelDecryptor@job on task_data
[E:fc0d9d1d-e31e-481d-9879-17f212be78ad][T:2023-10-14 17:40:49.353879][J:cb2c1f14-3a6c-445c-b8a2-72b5238a556b][A:train#24855634-1ba8-40d2-b2b3-a08850a40edc]invoked executor LearnerExecutor
[E:ba72afe9-d9aa-4c33-8cd7-8e85f942054a][T:2023-10-14 17:41:04.069045][J:cb2c1f14-3a6c-445c-b8a2-72b5238a556b][A:train#24855634-1ba8-40d2-b2b3-a08850a40edc]applied filter: HEModelEncryptor@job on task_result
[E:f749bfee-18f2-4a28-bec6-5efa3475dc27][R:930cb1a6-8d8f-4c8f-b596-4b5dfea8ac0d][T:2023-10-14 17:41:04.069251][J:cb2c1f14-3a6c-445c-b8a2-72b5238a556b][A:train#24855634-1ba8-40d2-b2b3-a08850a40edc]submit result OK
[E:746aef63-b42d-4ec2-afd9-bcedd8836a68][R:a4c0c664-5796-4368-b464-3a31529c9e43][T:2023-10-14 17:41:16.808096][J:cb2c1f14-3a6c-445c-b8a2-72b5238a556b][A:train#781dce23-6e27-4bfb-938d-8b220bc04a22]received task from server
[E:21fe7537-757f-4908-bc40-0e9e4f4d6e5c][T:2023-10-14 17:41:17.247255][J:cb2c1f14-3a6c-445c-b8a2-72b5238a556b][A:train#781dce23-6e27-4bfb-938d-8b220bc04a22]applied filter: HEModelDecryptor@job on task_data
[E:8003ed7d-f908-42be-8559-b728df60ee24][T:2023-10-14 17:41:17.247545][J:cb2c1f14-3a6c-445c-b8a2-72b5238a556b][A:train#781dce23-6e27-4bfb-938d-8b220bc04a22]invoked executor LearnerExecutor
[E:d3ff9bbf-88a4-499a-abb2-c77c5188295d][T:2023-10-14 17:41:32.181135][J:cb2c1f14-3a6c-445c-b8a2-72b5238a556b][A:train#781dce23-6e27-4bfb-938d-8b220bc04a22]applied filter: HEModelEncryptor@job on task_result
[E:acafe409-9bc2-4a8c-a507-438d6d92e0b1][R:a4c0c664-5796-4368-b464-3a31529c9e43][T:2023-10-14 17:41:32.181393][J:cb2c1f14-3a6c-445c-b8a2-72b5238a556b][A:train#781dce23-6e27-4bfb-938d-8b220bc04a22]submit result OK
[E:64f5b603-b7c1-432f-9ea9-ce2eee1e3153][R:d1ac1070-99a7-4086-9a98-13e2ca597fba][T:2023-10-14 17:41:48.985763][J:cb2c1f14-3a6c-445c-b8a2-72b5238a556b][A:train#d9a86139-0d22-4ef9-ac18-f49a36f50036]received task from server
[E:c95faff5-9cbc-4fb5-ad27-934817213c1b][T:2023-10-14 17:41:49.378410][J:cb2c1f14-3a6c-445c-b8a2-72b5238a556b][A:train#d9a86139-0d22-4ef9-ac18-f49a36f50036]applied filter: HEModelDecryptor@job on task_data
[E:36f46d81-98fd-4678-865b-2be8694b96c9][T:2023-10-14 17:41:49.378696][J:cb2c1f14-3a6c-445c-b8a2-72b5238a556b][A:train#d9a86139-0d22-4ef9-ac18-f49a36f50036]invoked executor LearnerExecutor
[E:56cae96b-9c15-4b24-b19c-11aceaf1a616][T:2023-10-14 17:42:04.212312][J:cb2c1f14-3a6c-445c-b8a2-72b5238a556b][A:train#d9a86139-0d22-4ef9-ac18-f49a36f50036]applied filter: HEModelEncryptor@job on task_result
[E:6706a076-ab6a-4f19-99fd-a97b43bacf34][R:d1ac1070-99a7-4086-9a98-13e2ca597fba][T:2023-10-14 17:42:04.212507][J:cb2c1f14-3a6c-445c-b8a2-72b5238a556b][A:train#d9a86139-0d22-4ef9-ac18-f49a36f50036]submit result OK
[E:3b85bc2a-9e38-4016-927a-f88f933969d9][R:d57868a8-9fc1-41a2-90f0-08b3f94e7769][T:2023-10-14 17:42:17.237831][J:cb2c1f14-3a6c-445c-b8a2-72b5238a556b][A:train#c4bbe378-1e66-4ae2-81a5-a6ff58a1d6b4]received task from server
[E:9b97e272-71fa-4e88-8be2-c5f604628f98][T:2023-10-14 17:42:17.649082][J:cb2c1f14-3a6c-445c-b8a2-72b5238a556b][A:train#c4bbe378-1e66-4ae2-81a5-a6ff58a1d6b4]applied filter: HEModelDecryptor@job on task_data
[E:9e1094d7-f282-4936-b08c-52f21276220f][T:2023-10-14 17:42:17.649378][J:cb2c1f14-3a6c-445c-b8a2-72b5238a556b][A:train#c4bbe378-1e66-4ae2-81a5-a6ff58a1d6b4]invoked executor LearnerExecutor
[E:068d8e51-703e-48c2-ae44-45909e7484c8][T:2023-10-14 17:42:32.473581][J:cb2c1f14-3a6c-445c-b8a2-72b5238a556b][A:train#c4bbe378-1e66-4ae2-81a5-a6ff58a1d6b4]applied filter: HEModelEncryptor@job on task_result
[E:fe828ac1-55d2-497a-8364-4668742cbaf3][R:d57868a8-9fc1-41a2-90f0-08b3f94e7769][T:2023-10-14 17:42:32.473769][J:cb2c1f14-3a6c-445c-b8a2-72b5238a556b][A:train#c4bbe378-1e66-4ae2-81a5-a6ff58a1d6b4]submit result OK
[E:e775c0ab-f79e-44a2-beb7-a651eedb1ee7][R:48e0eef2-a02f-4346-9675-7c7fecdfc190][T:2023-10-14 17:42:47.089154][J:cb2c1f14-3a6c-445c-b8a2-72b5238a556b][A:train#b8cef7df-eb5d-4d4c-91e7-f3fa2c6a70dc]received task from server
[E:d1a39a20-8f78-4a60-9542-0b2094b1ebe3][T:2023-10-14 17:42:47.490305][J:cb2c1f14-3a6c-445c-b8a2-72b5238a556b][A:train#b8cef7df-eb5d-4d4c-91e7-f3fa2c6a70dc]applied filter: HEModelDecryptor@job on task_data
[E:ed4a9c63-cc9e-4e8e-b733-995656d474d6][T:2023-10-14 17:42:47.490582][J:cb2c1f14-3a6c-445c-b8a2-72b5238a556b][A:train#b8cef7df-eb5d-4d4c-91e7-f3fa2c6a70dc]invoked executor LearnerExecutor
[E:23fd1ba9-3ffc-4745-b186-55bf45537dc0][T:2023-10-14 17:43:02.297122][J:cb2c1f14-3a6c-445c-b8a2-72b5238a556b][A:train#b8cef7df-eb5d-4d4c-91e7-f3fa2c6a70dc]applied filter: HEModelEncryptor@job on task_result
[E:bdda3433-09e4-47fa-83b9-daa6a3d522d3][R:48e0eef2-a02f-4346-9675-7c7fecdfc190][T:2023-10-14 17:43:02.297304][J:cb2c1f14-3a6c-445c-b8a2-72b5238a556b][A:train#b8cef7df-eb5d-4d4c-91e7-f3fa2c6a70dc]submit result OK
[E:0129c739-4302-4990-9101-d403d09ae14e][R:5e5de916-9f1e-444e-a33d-071f239c7cd0][T:2023-10-14 17:43:17.241048][J:cb2c1f14-3a6c-445c-b8a2-72b5238a556b][A:train#0da97393-0bec-4cbb-82a7-a7a93e3d7aeb]received task from server
[E:d533acc6-14b0-4bdc-9096-dd8945393b96][T:2023-10-14 17:43:17.648456][J:cb2c1f14-3a6c-445c-b8a2-72b5238a556b][A:train#0da97393-0bec-4cbb-82a7-a7a93e3d7aeb]applied filter: HEModelDecryptor@job on task_data
[E:a1a06671-e94a-4293-b701-16af793c41d4][T:2023-10-14 17:43:17.648814][J:cb2c1f14-3a6c-445c-b8a2-72b5238a556b][A:train#0da97393-0bec-4cbb-82a7-a7a93e3d7aeb]invoked executor LearnerExecutor
[E:6ca45c89-c6ea-4fb2-ab02-fdb9941324f6][T:2023-10-14 17:43:32.417490][J:cb2c1f14-3a6c-445c-b8a2-72b5238a556b][A:train#0da97393-0bec-4cbb-82a7-a7a93e3d7aeb]applied filter: HEModelEncryptor@job on task_result
[E:3758450f-e038-47fc-bbe7-a8efb4816c46][R:5e5de916-9f1e-444e-a33d-071f239c7cd0][T:2023-10-14 17:43:32.417676][J:cb2c1f14-3a6c-445c-b8a2-72b5238a556b][A:train#0da97393-0bec-4cbb-82a7-a7a93e3d7aeb]submit result OK
[E:541c3036-655e-4d34-a305-078c1ec82f39][R:cb4c1717-650e-4ab2-94fa-4837384c9a48][T:2023-10-14 17:43:49.495313][J:cb2c1f14-3a6c-445c-b8a2-72b5238a556b][A:submit_model#c0466d41-1dfa-41ca-8c6f-e715f25895f1]received task from server
[E:edbdca86-b2b2-40b2-ae75-5aa0093cd0de][T:2023-10-14 17:43:49.495740][J:cb2c1f14-3a6c-445c-b8a2-72b5238a556b][A:submit_model#c0466d41-1dfa-41ca-8c6f-e715f25895f1]invoked executor LearnerExecutor
[E:5e2f705e-15ff-42cb-90de-90c253b5191d][T:2023-10-14 17:43:50.857167][J:cb2c1f14-3a6c-445c-b8a2-72b5238a556b][A:submit_model#c0466d41-1dfa-41ca-8c6f-e715f25895f1]applied filter: HEModelEncryptor@job on task_result
[E:8e0d2f9b-ce6a-4e5d-ae5d-a08ae4e83c8c][R:cb4c1717-650e-4ab2-94fa-4837384c9a48][T:2023-10-14 17:43:50.857418][J:cb2c1f14-3a6c-445c-b8a2-72b5238a556b][A:submit_model#c0466d41-1dfa-41ca-8c6f-e715f25895f1]submit result OK
[E:ed1c1215-261b-4145-a5f6-3b24a003d29b][R:18889eab-80cb-419e-8f8a-f2630c93bd45][T:2023-10-14 17:43:57.910758][J:cb2c1f14-3a6c-445c-b8a2-72b5238a556b][A:validate#d9aeac47-b203-4332-aee5-3bfe040496ec]received task from server
[E:2b69bb43-9c6f-4687-81b4-5d551accbd8f][T:2023-10-14 17:43:58.303414][J:cb2c1f14-3a6c-445c-b8a2-72b5238a556b][A:validate#d9aeac47-b203-4332-aee5-3bfe040496ec]applied filter: HEModelDecryptor@job on task_data
[E:2c0e0b28-1730-437f-a540-e51e37318664][T:2023-10-14 17:43:58.303722][J:cb2c1f14-3a6c-445c-b8a2-72b5238a556b][A:validate#d9aeac47-b203-4332-aee5-3bfe040496ec]invoked executor LearnerExecutor
[E:3e9f827e-5c1f-4455-893f-ee35375bc195][R:18889eab-80cb-419e-8f8a-f2630c93bd45][T:2023-10-14 17:44:02.723631][J:cb2c1f14-3a6c-445c-b8a2-72b5238a556b][A:validate#d9aeac47-b203-4332-aee5-3bfe040496ec]submit result OK
[E:7b6367bd-4a7b-4149-8bc2-f509d3dc20d1][R:93094af4-371b-4736-af7a-7defe75f5421][T:2023-10-14 17:44:06.072916][J:cb2c1f14-3a6c-445c-b8a2-72b5238a556b][A:validate#65a7adaf-59fb-40a8-a8fb-bb7659ad66bf]received task from server
[E:f37e861c-48ef-40fe-ba69-ed5f11a4d994][T:2023-10-14 17:44:06.477260][J:cb2c1f14-3a6c-445c-b8a2-72b5238a556b][A:validate#65a7adaf-59fb-40a8-a8fb-bb7659ad66bf]applied filter: HEModelDecryptor@job on task_data
[E:c1a68acd-b1e5-49a1-83f3-c8afad5a264f][T:2023-10-14 17:44:06.477590][J:cb2c1f14-3a6c-445c-b8a2-72b5238a556b][A:validate#65a7adaf-59fb-40a8-a8fb-bb7659ad66bf]invoked executor LearnerExecutor
[E:afce33ae-3fd6-4db2-9aeb-71de9c260eb1][R:93094af4-371b-4736-af7a-7defe75f5421][T:2023-10-14 17:44:10.941743][J:cb2c1f14-3a6c-445c-b8a2-72b5238a556b][A:validate#65a7adaf-59fb-40a8-a8fb-bb7659ad66bf]submit result OK
[E:479f7aa3-f153-4e4f-bbf0-f8eca495204d][R:7cd13da3-6450-4aad-841a-e83ff9d0f35a][T:2023-10-14 17:44:14.907358][J:cb2c1f14-3a6c-445c-b8a2-72b5238a556b][A:validate#4823a7d1-3283-4613-a47f-7dedefc3b055]received task from server
[E:d7f68e2e-426a-4fb1-9b1a-99be90e05700][T:2023-10-14 17:44:15.805623][J:cb2c1f14-3a6c-445c-b8a2-72b5238a556b][A:validate#4823a7d1-3283-4613-a47f-7dedefc3b055]applied filter: HEModelDecryptor@job on task_data
[E:1c32a874-7b8c-4ee1-a837-9ad06516d03e][T:2023-10-14 17:44:15.805857][J:cb2c1f14-3a6c-445c-b8a2-72b5238a556b][A:validate#4823a7d1-3283-4613-a47f-7dedefc3b055]invoked executor LearnerExecutor
[E:6e9b0949-1756-4cd0-950a-b2042989007f][R:7cd13da3-6450-4aad-841a-e83ff9d0f35a][T:2023-10-14 17:44:20.307001][J:cb2c1f14-3a6c-445c-b8a2-72b5238a556b][A:validate#4823a7d1-3283-4613-a47f-7dedefc3b055]submit result OK
[E:c16f2cbc-37c1-494b-bd66-5da837cc9d0c][R:439c6404-4f38-495e-92a9-609a2e13bf31][T:2023-10-14 17:44:24.310051][J:cb2c1f14-3a6c-445c-b8a2-72b5238a556b][A:validate#81416021-b2a1-4038-9d0c-dbc15464bd6e]received task from server
[E:fa967c0d-d4ae-4c93-b1d6-726c463b8249][T:2023-10-14 17:44:25.194555][J:cb2c1f14-3a6c-445c-b8a2-72b5238a556b][A:validate#81416021-b2a1-4038-9d0c-dbc15464bd6e]applied filter: HEModelDecryptor@job on task_data
[E:b94f759f-e064-4dc1-9079-f9fae6067516][T:2023-10-14 17:44:25.194819][J:cb2c1f14-3a6c-445c-b8a2-72b5238a556b][A:validate#81416021-b2a1-4038-9d0c-dbc15464bd6e]invoked executor LearnerExecutor
[E:1204fb35-805f-45b4-9a8d-b8ea4bf6f6f5][R:439c6404-4f38-495e-92a9-609a2e13bf31][T:2023-10-14 17:44:29.627744][J:cb2c1f14-3a6c-445c-b8a2-72b5238a556b][A:validate#81416021-b2a1-4038-9d0c-dbc15464bd6e]submit result OK
[E:1116fe90-8e3f-49cf-8db9-2fe37f17f081][R:37099ce1-eb34-4eff-abd3-72272f4bad22][T:2023-10-15 14:27:59.760840][U:admin@nvidia.com][A:train.check_status]
[E:3729e0cd-52db-4d2e-8a1d-26623f50efa2][R:ca1c8b9a-34fc-4382-857a-35fe25420af6][T:2023-10-15 14:29:45.230633][U:admin@nvidia.com][A:train.check_status]
[E:d64a1128-1dfd-490a-a33c-fb3ee9f1fa57][R:19336831-bce8-43f7-8c91-8d56a69583aa][T:2023-10-15 14:29:46.407916][U:admin@nvidia.com][A:train.check_status]
[E:93eed33e-0255-4abe-b9c4-973266838a17][R:5932d48a-fd73-4250-99b0-10479395d0ab][T:2023-10-15 14:34:41.848339][U:admin@nvidia.com][A:train.check_status]
[E:46ab28eb-bfe7-47b2-9d56-89472a35866c][T:2023-10-15 14:35:07.405400][U:admin@nvidia.com][A:train.deploy]
[E:ad218078-12cf-4913-8694-89bbe096b0d4][T:2023-10-15 14:35:07.432351][U:][A:train.start_job]
[E:ddcdb1df-b8d2-42da-b06e-0c322c0a8aca][R:b71aaf2e-a4e6-4db9-ae4e-43264f3e1e5d][T:2023-10-15 14:35:10.737461][J:63fef373-d5d5-4a1c-8a1b-877da4317124][A:train#e02c49bf-e6f9-403c-8da1-0f4f2a7be388]received task from server
[E:9ed5f48d-643a-4d2f-8b39-9224f405d44e][T:2023-10-15 14:35:10.738027][J:63fef373-d5d5-4a1c-8a1b-877da4317124][A:train#e02c49bf-e6f9-403c-8da1-0f4f2a7be388]invoked executor LearnerExecutor
[E:5489dfca-31d0-4945-a51a-0b08669bdd3d][R:b71aaf2e-a4e6-4db9-ae4e-43264f3e1e5d][T:2023-10-15 14:35:12.679921][J:63fef373-d5d5-4a1c-8a1b-877da4317124][A:train#e02c49bf-e6f9-403c-8da1-0f4f2a7be388]submit result: TASK_ABORTED
[E:378a284a-2199-4f50-bd2a-e49ec7249de8][T:2023-10-15 14:35:18.321774][U:][A:train.abort]
[E:c415d6a3-a23c-48f2-bd82-5770789e1591][T:2023-10-15 14:37:50.917520][U:admin@nvidia.com][A:train.deploy]
[E:f34fdfac-7f2d-47a3-8775-0117bcbfe0ff][T:2023-10-15 14:37:50.941856][U:][A:train.start_job]
[E:45e9d33a-4df6-4881-8765-64a372ba879f][R:cd085f32-c2de-4b32-9f0d-8d3838a78b99][T:2023-10-15 14:37:54.196920][J:9ee4291c-b6b6-41fb-9eb2-498df7eebf08][A:train#c8442339-5d6f-4a4c-883e-d67c596e2129]received task from server
[E:ae3aee37-9abc-4763-9137-357be6d5dc2f][T:2023-10-15 14:37:54.197550][J:9ee4291c-b6b6-41fb-9eb2-498df7eebf08][A:train#c8442339-5d6f-4a4c-883e-d67c596e2129]invoked executor LearnerExecutor
[E:8e330f05-eb79-44a8-a65f-cef8409997c5][R:cd085f32-c2de-4b32-9f0d-8d3838a78b99][T:2023-10-15 14:37:55.340247][J:9ee4291c-b6b6-41fb-9eb2-498df7eebf08][A:train#c8442339-5d6f-4a4c-883e-d67c596e2129]submit result: TASK_ABORTED
[E:d601e740-26c4-428f-8109-f7eafbb7a067][T:2023-10-15 14:37:59.519383][U:][A:train.abort]
[E:db268150-04e7-4d01-9868-1f05c5d6f0a1][T:2023-10-15 14:38:58.232125][U:admin@nvidia.com][A:train.deploy]
[E:cc8d19ee-705a-4e2b-a7e5-ea68db17aa97][T:2023-10-15 14:38:58.258822][U:][A:train.start_job]
[E:6b85c52d-c587-40c2-bf05-002e823261e2][R:2acf459e-3706-4dda-8ed3-2bc471c67c6c][T:2023-10-15 14:39:01.459545][J:1fa0354c-69a6-41d7-8093-81edc97c135d][A:train#a1cba600-87e3-48bd-a18f-5c6081c11f06]received task from server
[E:4d56e612-f5e9-4fa9-a881-b276579a019e][T:2023-10-15 14:39:01.460077][J:1fa0354c-69a6-41d7-8093-81edc97c135d][A:train#a1cba600-87e3-48bd-a18f-5c6081c11f06]invoked executor LearnerExecutor
[E:c332fd7d-751a-4734-bfd2-6aa0da0613a3][R:2acf459e-3706-4dda-8ed3-2bc471c67c6c][T:2023-10-15 14:39:02.681233][J:1fa0354c-69a6-41d7-8093-81edc97c135d][A:train#a1cba600-87e3-48bd-a18f-5c6081c11f06]submit result: TASK_ABORTED
[E:0724ace7-f162-4685-8001-8e1c5a23e10e][T:2023-10-15 14:39:06.603628][U:][A:train.abort]
[E:93fc12f6-45b5-43c9-8db0-8ab361c166b5][T:2023-10-15 14:43:12.402110][U:admin@nvidia.com][A:train.deploy]
[E:59a70797-e7b4-4ebd-99f5-2edce5b15618][T:2023-10-15 14:43:12.425479][U:][A:train.start_job]
[E:456af3da-8885-4eea-a7e9-66d5374f365b][R:532c2cbc-ed9b-4c03-8cca-d73df393ee12][T:2023-10-15 14:43:15.655525][J:200072d1-0c91-4a81-8efd-c4af0af26dea][A:train#f029ff0b-3501-49f8-ab20-cdc64a6ebe62]received task from server
[E:01c80451-5736-4a02-882a-869b51f967e8][T:2023-10-15 14:43:15.656460][J:200072d1-0c91-4a81-8efd-c4af0af26dea][A:train#f029ff0b-3501-49f8-ab20-cdc64a6ebe62]invoked executor LearnerExecutor
[E:3b0a702d-23ca-4935-8c56-d3ad247771f2][R:532c2cbc-ed9b-4c03-8cca-d73df393ee12][T:2023-10-15 14:43:16.819574][J:200072d1-0c91-4a81-8efd-c4af0af26dea][A:train#f029ff0b-3501-49f8-ab20-cdc64a6ebe62]submit result: TASK_ABORTED
[E:dd752277-0853-4180-8abd-d1b14da0894f][T:2023-10-15 14:43:20.891502][U:][A:train.abort]
[E:2d2d7d81-6b9e-42c7-a63d-0ddf4b0e733e][T:2023-10-15 14:44:46.927747][U:admin@nvidia.com][A:train.deploy]
[E:9c8ea829-4f9a-45bd-8a9f-751c3cb7aab4][T:2023-10-15 14:44:46.954081][U:][A:train.start_job]
[E:6921c32e-803b-4305-ab48-4241fb425893][R:ac57a639-9a62-4cbc-9e16-134a9fe47010][T:2023-10-15 14:44:50.190039][J:9e922083-7234-4864-bc79-f2363c96e005][A:train#34aad7b5-5220-4785-b8fb-d420f5d1b292]received task from server
[E:e8b0a9ef-cf35-490b-a818-aa7a84f41da3][T:2023-10-15 14:44:50.190642][J:9e922083-7234-4864-bc79-f2363c96e005][A:train#34aad7b5-5220-4785-b8fb-d420f5d1b292]invoked executor LearnerExecutor
[E:022165b9-2dde-4962-ae23-255813e964fd][R:ac57a639-9a62-4cbc-9e16-134a9fe47010][T:2023-10-15 14:44:51.337354][J:9e922083-7234-4864-bc79-f2363c96e005][A:train#34aad7b5-5220-4785-b8fb-d420f5d1b292]submit result: TASK_ABORTED
[E:c7394a49-97f8-4f1a-b6a3-d5e27e3b5692][T:2023-10-15 14:44:55.000802][U:][A:train.abort]
[E:dfd4adf6-1570-4c1f-ad9e-55028643cee6][T:2023-10-15 14:50:27.047436][U:admin@nvidia.com][A:train.deploy]
[E:9ae778ad-e0d7-46be-9d05-a3f3481f6991][T:2023-10-15 14:50:27.073802][U:][A:train.start_job]
[E:9df2cd12-d780-4169-a09d-0f0d12157009][R:90e6628d-5d30-40e4-b708-68165f9df162][T:2023-10-15 14:50:30.321613][J:5090f8ec-2b96-433a-9c4d-f25401ac1bea][A:train#fc15eab2-6f20-4e94-8a2c-2526135b328a]received task from server
[E:1a248281-11a1-4d07-a379-4f4f07795604][T:2023-10-15 14:50:30.322183][J:5090f8ec-2b96-433a-9c4d-f25401ac1bea][A:train#fc15eab2-6f20-4e94-8a2c-2526135b328a]invoked executor LearnerExecutor
[E:c20ce9a8-404d-426c-8b98-55fc31f70515][R:90e6628d-5d30-40e4-b708-68165f9df162][T:2023-10-15 14:50:31.484590][J:5090f8ec-2b96-433a-9c4d-f25401ac1bea][A:train#fc15eab2-6f20-4e94-8a2c-2526135b328a]submit result: TASK_ABORTED
[E:a8125823-8ba8-486f-8f38-f1a2b464899a][T:2023-10-15 14:50:35.383990][U:][A:train.abort]
[E:169d9aa5-10ed-4564-8571-e16170fed673][T:2023-10-15 14:52:30.888477][U:admin@nvidia.com][A:train.deploy]
[E:6f1a6ce8-8704-41a5-9d39-fe6fbc1d558e][T:2023-10-15 14:52:30.912251][U:][A:train.start_job]
[E:9cef6d49-4b07-4647-bab5-d9111fea5698][R:0aba3292-cb7d-4623-b049-e5988a037c25][T:2023-10-15 14:52:34.124035][J:ea63928a-4e9d-48e1-adf4-dc2f676b73d4][A:train#cb48481b-d910-4633-b5a0-817ee986c03d]received task from server
[E:f70aa5b4-d383-44fa-9631-5dd7f75c7ad6][T:2023-10-15 14:52:34.124565][J:ea63928a-4e9d-48e1-adf4-dc2f676b73d4][A:train#cb48481b-d910-4633-b5a0-817ee986c03d]invoked executor LearnerExecutor
[E:13aaadec-8a07-4d6b-a277-92a75c50d190][R:0aba3292-cb7d-4623-b049-e5988a037c25][T:2023-10-15 14:52:35.296706][J:ea63928a-4e9d-48e1-adf4-dc2f676b73d4][A:train#cb48481b-d910-4633-b5a0-817ee986c03d]submit result: TASK_ABORTED
[E:a74abb07-0c42-4fea-92fc-0f5c48b64ca7][T:2023-10-15 14:52:39.527428][U:][A:train.abort]
[E:cbf1492a-fbac-4d06-aba2-99670d5b00ee][T:2023-10-15 14:52:55.111102][U:admin@nvidia.com][A:train.deploy]
[E:daa6bc84-5e4d-4608-825d-8a9dbbccef93][T:2023-10-15 14:52:55.137903][U:][A:train.start_job]
[E:de147ee3-36b4-4c1a-bf1d-4c7cce9fc162][R:58c5a3ad-2d42-4991-9ba1-bf8ef2848058][T:2023-10-15 14:52:58.409211][J:2a535122-7fbc-4fe2-bd6e-8f9d547afa2d][A:train#0286a3b2-c5ba-4311-a642-da84e87b11eb]received task from server
[E:78de8d3d-ff7a-4e80-9e86-03f0ce6cd747][T:2023-10-15 14:52:58.409722][J:2a535122-7fbc-4fe2-bd6e-8f9d547afa2d][A:train#0286a3b2-c5ba-4311-a642-da84e87b11eb]invoked executor LearnerExecutor
[E:ca47523e-a651-4f2d-90b0-6b1108f89b25][R:58c5a3ad-2d42-4991-9ba1-bf8ef2848058][T:2023-10-15 14:52:59.556517][J:2a535122-7fbc-4fe2-bd6e-8f9d547afa2d][A:train#0286a3b2-c5ba-4311-a642-da84e87b11eb]submit result: TASK_ABORTED
[E:8a09e246-b7af-4a82-8b05-46ed2db6057f][T:2023-10-15 14:53:03.564413][U:][A:train.abort]
[E:059c7dd6-727a-46bd-aaae-3e4ab9e5bb3d][T:2023-10-15 14:56:23.609636][U:admin@nvidia.com][A:train.deploy]
[E:a2f9b9a1-9340-4030-aab7-2d63be181fce][T:2023-10-15 14:56:23.635030][U:][A:train.start_job]
[E:019b8ded-36c9-4ee5-9afc-f823f34df9d9][R:4947f442-c3fc-4aa6-a2d0-e67464645125][T:2023-10-15 14:56:38.834654][J:91831b5b-1f96-4952-b681-fb99c5726bac][A:train#db557a71-8cea-463b-bbff-eeda10c9e338]received task from server
[E:0067295c-d3b8-4f8d-97c9-52ece515041b][T:2023-10-15 14:56:38.835220][J:91831b5b-1f96-4952-b681-fb99c5726bac][A:train#db557a71-8cea-463b-bbff-eeda10c9e338]invoked executor LearnerExecutor
[E:383f9799-decc-4731-bad0-5bfc2c6fec60][T:2023-10-15 14:57:10.318054][J:91831b5b-1f96-4952-b681-fb99c5726bac][A:train#db557a71-8cea-463b-bbff-eeda10c9e338]applied filter: HEModelEncryptor@job on task_result
[E:d355d306-27ad-4665-8c78-c43d696d7184][R:4947f442-c3fc-4aa6-a2d0-e67464645125][T:2023-10-15 14:57:10.318248][J:91831b5b-1f96-4952-b681-fb99c5726bac][A:train#db557a71-8cea-463b-bbff-eeda10c9e338]submit result OK
[E:4e9f39c9-7c4f-479e-a8a2-c93468097037][R:d8a4c3b9-435c-4549-a699-badb6d03767b][T:2023-10-15 14:57:24.615443][J:91831b5b-1f96-4952-b681-fb99c5726bac][A:train#fbcab1dd-685a-4a28-a46e-002337fa595d]received task from server
[E:67a29506-a3d2-4bf1-900d-e65ada076730][T:2023-10-15 14:57:25.049478][J:91831b5b-1f96-4952-b681-fb99c5726bac][A:train#fbcab1dd-685a-4a28-a46e-002337fa595d]applied filter: HEModelDecryptor@job on task_data
[E:2a6c5db8-e50e-407d-be77-fb546f15ff45][T:2023-10-15 14:57:25.049762][J:91831b5b-1f96-4952-b681-fb99c5726bac][A:train#fbcab1dd-685a-4a28-a46e-002337fa595d]invoked executor LearnerExecutor
[E:3cb1310b-9ea6-4258-87b4-405435121fff][T:2023-10-15 14:57:39.790583][J:91831b5b-1f96-4952-b681-fb99c5726bac][A:train#fbcab1dd-685a-4a28-a46e-002337fa595d]applied filter: HEModelEncryptor@job on task_result
[E:7889477b-327b-4c3d-a26c-871faeec0d4a][R:d8a4c3b9-435c-4549-a699-badb6d03767b][T:2023-10-15 14:57:39.790766][J:91831b5b-1f96-4952-b681-fb99c5726bac][A:train#fbcab1dd-685a-4a28-a46e-002337fa595d]submit result OK
[E:3c09c9ea-c64b-480f-85d8-cadfc5818d57][R:0c6eb020-4572-4d82-a666-5d4999131d89][T:2023-10-15 14:57:54.791413][J:91831b5b-1f96-4952-b681-fb99c5726bac][A:train#ebe14630-cce3-453c-9838-f7f447c598fd]received task from server
[E:3f5cf942-71d7-4c50-8208-a2eea3aa81e0][T:2023-10-15 14:57:55.197185][J:91831b5b-1f96-4952-b681-fb99c5726bac][A:train#ebe14630-cce3-453c-9838-f7f447c598fd]applied filter: HEModelDecryptor@job on task_data
[E:b9b0af59-c95b-44c8-8460-c0f02236bfa8][T:2023-10-15 14:57:55.197553][J:91831b5b-1f96-4952-b681-fb99c5726bac][A:train#ebe14630-cce3-453c-9838-f7f447c598fd]invoked executor LearnerExecutor
[E:826f82c8-c693-4c36-a32c-4243a1036314][T:2023-10-15 14:58:10.168959][J:91831b5b-1f96-4952-b681-fb99c5726bac][A:train#ebe14630-cce3-453c-9838-f7f447c598fd]applied filter: HEModelEncryptor@job on task_result
[E:5924fcd7-5b94-46dc-85f9-623fb9feab58][R:0c6eb020-4572-4d82-a666-5d4999131d89][T:2023-10-15 14:58:10.169152][J:91831b5b-1f96-4952-b681-fb99c5726bac][A:train#ebe14630-cce3-453c-9838-f7f447c598fd]submit result OK
[E:b8824ef8-d67a-4347-8e68-9d4980eb7f2b][R:bf6dafcf-318a-446c-ab9e-bd8f8e576ca7][T:2023-10-15 14:58:27.518127][J:91831b5b-1f96-4952-b681-fb99c5726bac][A:train#b47bc4fe-7906-4f60-a02f-c55f98b1198c]received task from server
[E:9f54e11f-a96c-4f3f-8083-8be6e138e32e][T:2023-10-15 14:58:27.918000][J:91831b5b-1f96-4952-b681-fb99c5726bac][A:train#b47bc4fe-7906-4f60-a02f-c55f98b1198c]applied filter: HEModelDecryptor@job on task_data
[E:23c11a8a-3b5d-4cf8-ab21-e35adde26cfc][T:2023-10-15 14:58:27.918320][J:91831b5b-1f96-4952-b681-fb99c5726bac][A:train#b47bc4fe-7906-4f60-a02f-c55f98b1198c]invoked executor LearnerExecutor
[E:5df42439-17ef-418c-91be-4f31ff896cd0][T:2023-10-15 14:58:43.013313][J:91831b5b-1f96-4952-b681-fb99c5726bac][A:train#b47bc4fe-7906-4f60-a02f-c55f98b1198c]applied filter: HEModelEncryptor@job on task_result
[E:2753d657-24a8-46d4-80e9-3ec2c3281d3e][R:bf6dafcf-318a-446c-ab9e-bd8f8e576ca7][T:2023-10-15 14:58:43.013501][J:91831b5b-1f96-4952-b681-fb99c5726bac][A:train#b47bc4fe-7906-4f60-a02f-c55f98b1198c]submit result OK
[E:4486d344-0d76-458f-a848-3723ae517784][R:df1dbee7-7cc5-402f-8852-93210dbf124d][T:2023-10-15 14:58:58.406877][J:91831b5b-1f96-4952-b681-fb99c5726bac][A:train#08037817-d105-469b-8887-0035cbc5c9ae]received task from server
[E:9aa6d596-575d-4787-8a0f-fcee7a349c3e][T:2023-10-15 14:58:58.805278][J:91831b5b-1f96-4952-b681-fb99c5726bac][A:train#08037817-d105-469b-8887-0035cbc5c9ae]applied filter: HEModelDecryptor@job on task_data
[E:05d361f2-1970-461d-9edb-2b0c87b8b573][T:2023-10-15 14:58:58.805542][J:91831b5b-1f96-4952-b681-fb99c5726bac][A:train#08037817-d105-469b-8887-0035cbc5c9ae]invoked executor LearnerExecutor
[E:0b036785-d900-4041-b7c5-3fb6fed30fbc][T:2023-10-15 14:59:14.032222][J:91831b5b-1f96-4952-b681-fb99c5726bac][A:train#08037817-d105-469b-8887-0035cbc5c9ae]applied filter: HEModelEncryptor@job on task_result
[E:268cf339-e67b-4bf4-839e-4598f56ab1b7][R:df1dbee7-7cc5-402f-8852-93210dbf124d][T:2023-10-15 14:59:14.032412][J:91831b5b-1f96-4952-b681-fb99c5726bac][A:train#08037817-d105-469b-8887-0035cbc5c9ae]submit result OK
[E:af1c2c01-81e0-4489-9045-99cb6eae8cd5][R:e6e42b0a-f111-405c-a785-bc9e4074e2c1][T:2023-10-15 14:59:26.215239][J:91831b5b-1f96-4952-b681-fb99c5726bac][A:train#7c12243d-955c-4329-9111-3ec4e4d820c1]received task from server
[E:74f2202a-7294-41d6-b7cb-3883d2606d83][T:2023-10-15 14:59:26.623388][J:91831b5b-1f96-4952-b681-fb99c5726bac][A:train#7c12243d-955c-4329-9111-3ec4e4d820c1]applied filter: HEModelDecryptor@job on task_data
[E:b36379e1-dd5e-4539-8662-b8f6d1a32b9f][T:2023-10-15 14:59:26.623746][J:91831b5b-1f96-4952-b681-fb99c5726bac][A:train#7c12243d-955c-4329-9111-3ec4e4d820c1]invoked executor LearnerExecutor
[E:ce1ac125-2c54-4cc1-9167-bd2595b3ddff][T:2023-10-15 14:59:42.057348][J:91831b5b-1f96-4952-b681-fb99c5726bac][A:train#7c12243d-955c-4329-9111-3ec4e4d820c1]applied filter: HEModelEncryptor@job on task_result
[E:6ff69d4c-e042-4a3b-9d57-3e9d7dab4e23][R:e6e42b0a-f111-405c-a785-bc9e4074e2c1][T:2023-10-15 14:59:42.057534][J:91831b5b-1f96-4952-b681-fb99c5726bac][A:train#7c12243d-955c-4329-9111-3ec4e4d820c1]submit result OK
[E:a564aa1b-22dd-4d16-b896-e57e4f88ff49][R:73784c1d-d215-4907-aadf-6d4c7636d3ce][T:2023-10-15 14:59:57.145311][J:91831b5b-1f96-4952-b681-fb99c5726bac][A:train#6a0b3626-66f3-43bb-9ab9-7516ba87d356]received task from server
[E:07516db6-01fe-4c8d-8f0a-1be89b7055e9][T:2023-10-15 14:59:57.556435][J:91831b5b-1f96-4952-b681-fb99c5726bac][A:train#6a0b3626-66f3-43bb-9ab9-7516ba87d356]applied filter: HEModelDecryptor@job on task_data
[E:9b4ae781-aa20-4112-a1dd-a341d2bc9238][T:2023-10-15 14:59:57.556807][J:91831b5b-1f96-4952-b681-fb99c5726bac][A:train#6a0b3626-66f3-43bb-9ab9-7516ba87d356]invoked executor LearnerExecutor
[E:3d4cae41-af4c-492d-81c4-cddefea275b0][T:2023-10-15 15:00:12.699406][J:91831b5b-1f96-4952-b681-fb99c5726bac][A:train#6a0b3626-66f3-43bb-9ab9-7516ba87d356]applied filter: HEModelEncryptor@job on task_result
[E:49967c25-28f3-48a3-8c5e-a38aa306fea1][R:73784c1d-d215-4907-aadf-6d4c7636d3ce][T:2023-10-15 15:00:12.699613][J:91831b5b-1f96-4952-b681-fb99c5726bac][A:train#6a0b3626-66f3-43bb-9ab9-7516ba87d356]submit result OK
[E:58b8d07d-aa50-462e-8b80-864a311c67cb][R:797b61c6-7312-4471-b5c9-e2b096871c44][T:2023-10-15 15:00:27.392102][J:91831b5b-1f96-4952-b681-fb99c5726bac][A:train#f776e7b1-b1fa-4fad-8a70-f3ba16b71e82]received task from server
[E:9fe4affd-1692-4f8b-8381-3cf842e9f829][T:2023-10-15 15:00:27.781236][J:91831b5b-1f96-4952-b681-fb99c5726bac][A:train#f776e7b1-b1fa-4fad-8a70-f3ba16b71e82]applied filter: HEModelDecryptor@job on task_data
[E:f9b59b62-ca41-42de-beb4-ee67e2ca0e83][T:2023-10-15 15:00:27.781458][J:91831b5b-1f96-4952-b681-fb99c5726bac][A:train#f776e7b1-b1fa-4fad-8a70-f3ba16b71e82]invoked executor LearnerExecutor
[E:92daa7f7-31f0-4b09-8ae8-8d9beb9d3f0c][T:2023-10-15 15:00:43.212325][J:91831b5b-1f96-4952-b681-fb99c5726bac][A:train#f776e7b1-b1fa-4fad-8a70-f3ba16b71e82]applied filter: HEModelEncryptor@job on task_result
[E:25684bca-9905-43a2-ae94-546c22e69f8a][R:797b61c6-7312-4471-b5c9-e2b096871c44][T:2023-10-15 15:00:43.212514][J:91831b5b-1f96-4952-b681-fb99c5726bac][A:train#f776e7b1-b1fa-4fad-8a70-f3ba16b71e82]submit result OK
[E:07e25b41-621f-4af6-8fc4-6d2d33e36430][R:6a5e555e-f627-4fe5-8f81-97f524550db8][T:2023-10-15 15:01:00.122589][J:91831b5b-1f96-4952-b681-fb99c5726bac][A:train#118b8ce7-67b9-4e68-8a26-ff4e97682c99]received task from server
[E:fe10c77c-9a8f-48d1-8f5c-67d723018881][T:2023-10-15 15:01:00.534062][J:91831b5b-1f96-4952-b681-fb99c5726bac][A:train#118b8ce7-67b9-4e68-8a26-ff4e97682c99]applied filter: HEModelDecryptor@job on task_data
[E:f57d45ae-ed75-4e2c-bd83-9a447c3414d3][T:2023-10-15 15:01:00.534421][J:91831b5b-1f96-4952-b681-fb99c5726bac][A:train#118b8ce7-67b9-4e68-8a26-ff4e97682c99]invoked executor LearnerExecutor
[E:15f452d4-2008-40db-b9dd-977ad5883e15][T:2023-10-15 15:01:15.219955][J:91831b5b-1f96-4952-b681-fb99c5726bac][A:train#118b8ce7-67b9-4e68-8a26-ff4e97682c99]applied filter: HEModelEncryptor@job on task_result
[E:ff076052-4531-440e-9e92-d4236c7ebd56][R:6a5e555e-f627-4fe5-8f81-97f524550db8][T:2023-10-15 15:01:15.220142][J:91831b5b-1f96-4952-b681-fb99c5726bac][A:train#118b8ce7-67b9-4e68-8a26-ff4e97682c99]submit result OK
[E:a55b24f9-5963-4bc9-98b3-ad89a84bde95][R:cb186c48-9fb6-465f-99ef-ef56ffa3bf61][T:2023-10-15 15:01:29.850187][J:91831b5b-1f96-4952-b681-fb99c5726bac][A:train#5e2fe4db-cb0a-44e5-be93-969dcdda2dd5]received task from server
[E:9ef789a1-4e83-4afe-8106-af19a9d24c55][T:2023-10-15 15:01:30.278737][J:91831b5b-1f96-4952-b681-fb99c5726bac][A:train#5e2fe4db-cb0a-44e5-be93-969dcdda2dd5]applied filter: HEModelDecryptor@job on task_data
[E:7ba295b3-086d-4e10-a410-b0e6dcd0edc9][T:2023-10-15 15:01:30.279018][J:91831b5b-1f96-4952-b681-fb99c5726bac][A:train#5e2fe4db-cb0a-44e5-be93-969dcdda2dd5]invoked executor LearnerExecutor
[E:a4667ba7-8f21-4a99-8c23-09dcddbbb36f][T:2023-10-15 15:01:45.545135][J:91831b5b-1f96-4952-b681-fb99c5726bac][A:train#5e2fe4db-cb0a-44e5-be93-969dcdda2dd5]applied filter: HEModelEncryptor@job on task_result
[E:13f63914-f695-4ab8-aee1-9a0da783f41d][R:cb186c48-9fb6-465f-99ef-ef56ffa3bf61][T:2023-10-15 15:01:45.545367][J:91831b5b-1f96-4952-b681-fb99c5726bac][A:train#5e2fe4db-cb0a-44e5-be93-969dcdda2dd5]submit result OK
[E:b7b247b5-13af-409a-8640-b356352adf88][R:91e8787d-78f2-41cb-b85e-d1debff14067][T:2023-10-15 15:02:03.048082][J:91831b5b-1f96-4952-b681-fb99c5726bac][A:train#b0f339ad-c5df-4208-ac92-01768860f18b]received task from server
[E:1d8e676c-749c-4993-b05b-53fbc6027972][T:2023-10-15 15:02:03.472265][J:91831b5b-1f96-4952-b681-fb99c5726bac][A:train#b0f339ad-c5df-4208-ac92-01768860f18b]applied filter: HEModelDecryptor@job on task_data
[E:788929c6-8507-4142-8b83-9c157bf8723e][T:2023-10-15 15:02:03.472547][J:91831b5b-1f96-4952-b681-fb99c5726bac][A:train#b0f339ad-c5df-4208-ac92-01768860f18b]invoked executor LearnerExecutor
[E:c8c1ca54-8f9e-4eb1-b2c7-900fe0394ec4][T:2023-10-15 15:02:18.599786][J:91831b5b-1f96-4952-b681-fb99c5726bac][A:train#b0f339ad-c5df-4208-ac92-01768860f18b]applied filter: HEModelEncryptor@job on task_result
[E:0dc2777c-8e1e-4b82-bb9d-5171393a8053][R:91e8787d-78f2-41cb-b85e-d1debff14067][T:2023-10-15 15:02:18.599972][J:91831b5b-1f96-4952-b681-fb99c5726bac][A:train#b0f339ad-c5df-4208-ac92-01768860f18b]submit result OK
[E:9b4b58af-ae81-423e-bedf-da3a06ec7914][R:aa8e099b-47e5-43ed-bd56-abfba75e197c][T:2023-10-15 15:02:31.166652][J:91831b5b-1f96-4952-b681-fb99c5726bac][A:train#2981bd8f-44be-4d37-a9c9-f55b702d5578]received task from server
[E:ff924678-d533-4ff7-97a0-35bb15df3e18][T:2023-10-15 15:02:31.554196][J:91831b5b-1f96-4952-b681-fb99c5726bac][A:train#2981bd8f-44be-4d37-a9c9-f55b702d5578]applied filter: HEModelDecryptor@job on task_data
[E:a500af09-59a6-4815-ae47-b82aee1a8bb5][T:2023-10-15 15:02:31.554457][J:91831b5b-1f96-4952-b681-fb99c5726bac][A:train#2981bd8f-44be-4d37-a9c9-f55b702d5578]invoked executor LearnerExecutor
[E:326c7d89-d98e-412e-aa5e-33b7cb53ee25][T:2023-10-15 15:02:46.713564][J:91831b5b-1f96-4952-b681-fb99c5726bac][A:train#2981bd8f-44be-4d37-a9c9-f55b702d5578]applied filter: HEModelEncryptor@job on task_result
[E:2ae78d46-7730-4c6c-ae45-48b091da3c43][R:aa8e099b-47e5-43ed-bd56-abfba75e197c][T:2023-10-15 15:02:46.713762][J:91831b5b-1f96-4952-b681-fb99c5726bac][A:train#2981bd8f-44be-4d37-a9c9-f55b702d5578]submit result OK
[E:7b18732d-6999-404f-8a44-453d69cd1c27][R:6f07f8c4-2636-44cd-8d85-cbf11893158f][T:2023-10-15 15:03:04.307900][J:91831b5b-1f96-4952-b681-fb99c5726bac][A:train#f77e0d41-eba6-4ed6-aaa7-f3b9394aa3a7]received task from server
[E:609278c8-9a55-4b76-bbe7-3ba0f1e50518][T:2023-10-15 15:03:04.706063][J:91831b5b-1f96-4952-b681-fb99c5726bac][A:train#f77e0d41-eba6-4ed6-aaa7-f3b9394aa3a7]applied filter: HEModelDecryptor@job on task_data
[E:36a1733e-8373-4c4a-a289-e06671f27988][T:2023-10-15 15:03:04.706370][J:91831b5b-1f96-4952-b681-fb99c5726bac][A:train#f77e0d41-eba6-4ed6-aaa7-f3b9394aa3a7]invoked executor LearnerExecutor
[E:0f35c1b8-8e01-4323-97ba-e9d95c724e3b][T:2023-10-15 15:03:19.955248][J:91831b5b-1f96-4952-b681-fb99c5726bac][A:train#f77e0d41-eba6-4ed6-aaa7-f3b9394aa3a7]applied filter: HEModelEncryptor@job on task_result
[E:db3b0abd-4b23-46e7-b934-7dd8bdde1830][R:6f07f8c4-2636-44cd-8d85-cbf11893158f][T:2023-10-15 15:03:19.955458][J:91831b5b-1f96-4952-b681-fb99c5726bac][A:train#f77e0d41-eba6-4ed6-aaa7-f3b9394aa3a7]submit result OK
[E:14f58427-e9e1-492d-af36-12f362556d24][R:4265be8f-f983-491e-9eb2-7ba2b5749112][T:2023-10-15 15:03:34.680581][J:91831b5b-1f96-4952-b681-fb99c5726bac][A:train#5e574964-9652-4e77-98dc-ca04e184c1ad]received task from server
[E:d1095dae-1186-40b5-8936-27d7461981e5][T:2023-10-15 15:03:35.087337][J:91831b5b-1f96-4952-b681-fb99c5726bac][A:train#5e574964-9652-4e77-98dc-ca04e184c1ad]applied filter: HEModelDecryptor@job on task_data
[E:e8e90fdb-285e-4209-9415-0da682fc29a5][T:2023-10-15 15:03:35.087675][J:91831b5b-1f96-4952-b681-fb99c5726bac][A:train#5e574964-9652-4e77-98dc-ca04e184c1ad]invoked executor LearnerExecutor
[E:8e2deded-3d01-4262-b056-22becb2d651e][T:2023-10-15 15:03:50.335047][J:91831b5b-1f96-4952-b681-fb99c5726bac][A:train#5e574964-9652-4e77-98dc-ca04e184c1ad]applied filter: HEModelEncryptor@job on task_result
[E:85ed2e31-78b4-41d1-9181-637773bf3965][R:4265be8f-f983-491e-9eb2-7ba2b5749112][T:2023-10-15 15:03:50.335234][J:91831b5b-1f96-4952-b681-fb99c5726bac][A:train#5e574964-9652-4e77-98dc-ca04e184c1ad]submit result OK
[E:114f3049-36d2-449c-b65d-157551f3afd3][R:d0d2c625-e62c-4d6b-9cee-6490545998b9][T:2023-10-15 15:04:05.017149][J:91831b5b-1f96-4952-b681-fb99c5726bac][A:train#aa086b21-59a4-4fb6-b87e-9f154a99be4a]received task from server
[E:297276f0-7551-42f0-bd4b-74683663064f][T:2023-10-15 15:04:05.420986][J:91831b5b-1f96-4952-b681-fb99c5726bac][A:train#aa086b21-59a4-4fb6-b87e-9f154a99be4a]applied filter: HEModelDecryptor@job on task_data
[E:4f1349cc-987d-4761-9aa0-e57613aafd63][T:2023-10-15 15:04:05.421304][J:91831b5b-1f96-4952-b681-fb99c5726bac][A:train#aa086b21-59a4-4fb6-b87e-9f154a99be4a]invoked executor LearnerExecutor
[E:72a93611-a1e5-4ab5-b244-9579f066bf39][T:2023-10-15 15:04:20.435754][J:91831b5b-1f96-4952-b681-fb99c5726bac][A:train#aa086b21-59a4-4fb6-b87e-9f154a99be4a]applied filter: HEModelEncryptor@job on task_result
[E:747650da-bd08-4725-899b-31bec42eed5d][R:d0d2c625-e62c-4d6b-9cee-6490545998b9][T:2023-10-15 15:04:20.435937][J:91831b5b-1f96-4952-b681-fb99c5726bac][A:train#aa086b21-59a4-4fb6-b87e-9f154a99be4a]submit result OK
[E:a3c47037-253d-480b-864d-7b6a413a90df][R:0d7c4b8f-4605-4a0e-b2be-28d4c4e63122][T:2023-10-15 15:04:36.975964][J:91831b5b-1f96-4952-b681-fb99c5726bac][A:train#5b6ccfe8-64aa-465c-87bb-8095ac3fd2c2]received task from server
[E:2eaecde3-ebfa-40d6-9273-f8eca09f449f][T:2023-10-15 15:04:37.370606][J:91831b5b-1f96-4952-b681-fb99c5726bac][A:train#5b6ccfe8-64aa-465c-87bb-8095ac3fd2c2]applied filter: HEModelDecryptor@job on task_data
[E:d33f6003-a032-4d9d-8b52-7c9097478441][T:2023-10-15 15:04:37.370877][J:91831b5b-1f96-4952-b681-fb99c5726bac][A:train#5b6ccfe8-64aa-465c-87bb-8095ac3fd2c2]invoked executor LearnerExecutor
[E:fd4a4b87-b82f-451a-87a0-f91c9f829434][T:2023-10-15 15:04:52.514069][J:91831b5b-1f96-4952-b681-fb99c5726bac][A:train#5b6ccfe8-64aa-465c-87bb-8095ac3fd2c2]applied filter: HEModelEncryptor@job on task_result
[E:93e220b9-f26f-4ca2-ad91-85b4d38185bb][R:0d7c4b8f-4605-4a0e-b2be-28d4c4e63122][T:2023-10-15 15:04:52.514292][J:91831b5b-1f96-4952-b681-fb99c5726bac][A:train#5b6ccfe8-64aa-465c-87bb-8095ac3fd2c2]submit result OK
[E:f2bcb598-d07b-45a3-b54e-2c5c005a8884][R:2d2d237d-1e62-4a82-a497-aeb2e50c1545][T:2023-10-15 15:05:07.007890][J:91831b5b-1f96-4952-b681-fb99c5726bac][A:train#e66614cf-3e2e-41de-b783-d5b9c0d95924]received task from server
[E:6ef61f67-40ae-4995-a055-06e4a1c74d51][T:2023-10-15 15:05:07.408716][J:91831b5b-1f96-4952-b681-fb99c5726bac][A:train#e66614cf-3e2e-41de-b783-d5b9c0d95924]applied filter: HEModelDecryptor@job on task_data
[E:ca02f18e-d197-4197-b85d-b67756869ee0][T:2023-10-15 15:05:07.408949][J:91831b5b-1f96-4952-b681-fb99c5726bac][A:train#e66614cf-3e2e-41de-b783-d5b9c0d95924]invoked executor LearnerExecutor
[E:e6551d63-a21f-44b9-9af5-1f434427bacb][T:2023-10-15 15:05:22.409038][J:91831b5b-1f96-4952-b681-fb99c5726bac][A:train#e66614cf-3e2e-41de-b783-d5b9c0d95924]applied filter: HEModelEncryptor@job on task_result
[E:456ee483-d529-4d16-b82b-a81e71b9928e][R:2d2d237d-1e62-4a82-a497-aeb2e50c1545][T:2023-10-15 15:05:22.409222][J:91831b5b-1f96-4952-b681-fb99c5726bac][A:train#e66614cf-3e2e-41de-b783-d5b9c0d95924]submit result OK
[E:77408cab-f762-4edc-aa66-8b1bc8069841][R:9ea7d311-9796-4bb5-9efd-455b87d8d002][T:2023-10-15 15:05:39.342140][J:91831b5b-1f96-4952-b681-fb99c5726bac][A:train#85a84379-ca0a-4a6d-8609-2d2bef5e8ea5]received task from server
[E:90f80494-4406-4ce5-aaf3-2c16c900c958][T:2023-10-15 15:05:39.734753][J:91831b5b-1f96-4952-b681-fb99c5726bac][A:train#85a84379-ca0a-4a6d-8609-2d2bef5e8ea5]applied filter: HEModelDecryptor@job on task_data
[E:d4c5fd4d-343a-43a8-b320-9105f6e6306c][T:2023-10-15 15:05:39.735054][J:91831b5b-1f96-4952-b681-fb99c5726bac][A:train#85a84379-ca0a-4a6d-8609-2d2bef5e8ea5]invoked executor LearnerExecutor
[E:e81f6a2c-5bfa-4241-9a4e-e3cd8fb18f57][T:2023-10-15 15:05:54.604263][J:91831b5b-1f96-4952-b681-fb99c5726bac][A:train#85a84379-ca0a-4a6d-8609-2d2bef5e8ea5]applied filter: HEModelEncryptor@job on task_result
[E:444d8ede-fdcf-4a3e-838b-670f8c4634da][R:9ea7d311-9796-4bb5-9efd-455b87d8d002][T:2023-10-15 15:05:54.604449][J:91831b5b-1f96-4952-b681-fb99c5726bac][A:train#85a84379-ca0a-4a6d-8609-2d2bef5e8ea5]submit result OK
[E:5e946ba9-f2ef-4029-b8e5-e355b139aa29][R:d8458b2c-5e14-4762-bf36-10e2f0eb1f77][T:2023-10-15 15:06:10.122854][J:91831b5b-1f96-4952-b681-fb99c5726bac][A:train#a02fbb46-569f-4ce4-a46f-c3026e3d25ab]received task from server
[E:e0cb994b-1eda-4415-a838-7327f170b608][T:2023-10-15 15:06:10.513855][J:91831b5b-1f96-4952-b681-fb99c5726bac][A:train#a02fbb46-569f-4ce4-a46f-c3026e3d25ab]applied filter: HEModelDecryptor@job on task_data
[E:04e7cbe9-d4e9-40f1-ad2e-3bffd8b3ff05][T:2023-10-15 15:06:10.514121][J:91831b5b-1f96-4952-b681-fb99c5726bac][A:train#a02fbb46-569f-4ce4-a46f-c3026e3d25ab]invoked executor LearnerExecutor
[E:59cced9b-4149-499e-9080-ea835d1591d5][T:2023-10-15 15:06:25.305653][J:91831b5b-1f96-4952-b681-fb99c5726bac][A:train#a02fbb46-569f-4ce4-a46f-c3026e3d25ab]applied filter: HEModelEncryptor@job on task_result
[E:66afa805-b8c9-455b-b751-684eb2c5b3d6][R:d8458b2c-5e14-4762-bf36-10e2f0eb1f77][T:2023-10-15 15:06:25.305834][J:91831b5b-1f96-4952-b681-fb99c5726bac][A:train#a02fbb46-569f-4ce4-a46f-c3026e3d25ab]submit result OK
[E:7f06e30e-21ca-4e82-ae3e-2e2bd81aeebe][R:3abf111d-18d7-4965-a22f-bea488dd810c][T:2023-10-15 15:06:37.609319][J:91831b5b-1f96-4952-b681-fb99c5726bac][A:train#442b65f5-ce82-4053-bc57-6c31f5a4bdb6]received task from server
[E:8c012a18-601b-4e42-942f-ae419d900ba8][T:2023-10-15 15:06:37.996883][J:91831b5b-1f96-4952-b681-fb99c5726bac][A:train#442b65f5-ce82-4053-bc57-6c31f5a4bdb6]applied filter: HEModelDecryptor@job on task_data
[E:778576da-b9bb-4379-852b-a1f4f0e6e3cf][T:2023-10-15 15:06:37.997123][J:91831b5b-1f96-4952-b681-fb99c5726bac][A:train#442b65f5-ce82-4053-bc57-6c31f5a4bdb6]invoked executor LearnerExecutor
[E:b278b5b0-c655-4268-a1e5-199b94482d06][T:2023-10-15 15:06:53.105411][J:91831b5b-1f96-4952-b681-fb99c5726bac][A:train#442b65f5-ce82-4053-bc57-6c31f5a4bdb6]applied filter: HEModelEncryptor@job on task_result
[E:6261dafa-2bd0-4c39-a19c-c2941c95368a][R:3abf111d-18d7-4965-a22f-bea488dd810c][T:2023-10-15 15:06:53.105602][J:91831b5b-1f96-4952-b681-fb99c5726bac][A:train#442b65f5-ce82-4053-bc57-6c31f5a4bdb6]submit result OK
[E:ccd55fd5-98e1-4db2-a046-176c5d0e42e1][R:57041642-b654-4561-8221-e0541d92408f][T:2023-10-15 15:07:09.508007][J:91831b5b-1f96-4952-b681-fb99c5726bac][A:train#6160d860-7d60-4067-b3bb-8bdb819bda92]received task from server
[E:8d19b8a3-db39-4d77-b1c2-204348b7f55f][T:2023-10-15 15:07:09.907547][J:91831b5b-1f96-4952-b681-fb99c5726bac][A:train#6160d860-7d60-4067-b3bb-8bdb819bda92]applied filter: HEModelDecryptor@job on task_data
[E:8dbe4186-acf3-4112-a165-96ff403290dc][T:2023-10-15 15:07:09.907848][J:91831b5b-1f96-4952-b681-fb99c5726bac][A:train#6160d860-7d60-4067-b3bb-8bdb819bda92]invoked executor LearnerExecutor
[E:4f16f3b5-4181-4000-b4c3-34af21f500f7][T:2023-10-15 15:07:24.651165][J:91831b5b-1f96-4952-b681-fb99c5726bac][A:train#6160d860-7d60-4067-b3bb-8bdb819bda92]applied filter: HEModelEncryptor@job on task_result
[E:41c32d53-bae7-4540-853e-ca8bd5c13f47][R:57041642-b654-4561-8221-e0541d92408f][T:2023-10-15 15:07:24.651348][J:91831b5b-1f96-4952-b681-fb99c5726bac][A:train#6160d860-7d60-4067-b3bb-8bdb819bda92]submit result OK
[E:5ded7d95-5a46-4146-be91-6dd7253e0d92][R:6912f69f-7d0c-4eac-a2ed-443e7081a86c][T:2023-10-15 15:07:39.404356][J:91831b5b-1f96-4952-b681-fb99c5726bac][A:train#064aa31c-b045-474e-8160-1e445afc4396]received task from server
[E:2c00a2c2-f6de-4dfe-ab04-f415c4a5a843][T:2023-10-15 15:07:39.800247][J:91831b5b-1f96-4952-b681-fb99c5726bac][A:train#064aa31c-b045-474e-8160-1e445afc4396]applied filter: HEModelDecryptor@job on task_data
[E:f89eee6d-71ba-4503-82cf-58333d5ebf12][T:2023-10-15 15:07:39.800580][J:91831b5b-1f96-4952-b681-fb99c5726bac][A:train#064aa31c-b045-474e-8160-1e445afc4396]invoked executor LearnerExecutor
[E:0efcc85c-8102-4c28-924d-9b7ee4927543][T:2023-10-15 15:07:54.916728][J:91831b5b-1f96-4952-b681-fb99c5726bac][A:train#064aa31c-b045-474e-8160-1e445afc4396]applied filter: HEModelEncryptor@job on task_result
[E:d9e42d7a-b4f2-4416-9e04-d2499f1909e8][R:6912f69f-7d0c-4eac-a2ed-443e7081a86c][T:2023-10-15 15:07:54.916915][J:91831b5b-1f96-4952-b681-fb99c5726bac][A:train#064aa31c-b045-474e-8160-1e445afc4396]submit result OK
[E:80f6d10b-9aeb-462b-8772-2f0f2043ee10][R:9570acc3-683c-4185-8586-922db1007288][T:2023-10-15 15:08:11.612191][J:91831b5b-1f96-4952-b681-fb99c5726bac][A:train#ebcc04af-1f05-4466-9c99-8bbe7d94f294]received task from server
[E:ce05e940-41d8-46aa-97b9-0630302aba17][T:2023-10-15 15:08:12.023938][J:91831b5b-1f96-4952-b681-fb99c5726bac][A:train#ebcc04af-1f05-4466-9c99-8bbe7d94f294]applied filter: HEModelDecryptor@job on task_data
[E:1883791f-5085-4263-9b12-26605ff61cde][T:2023-10-15 15:08:12.024305][J:91831b5b-1f96-4952-b681-fb99c5726bac][A:train#ebcc04af-1f05-4466-9c99-8bbe7d94f294]invoked executor LearnerExecutor
[E:ae387256-afb0-495f-a568-8fac5e671a9e][T:2023-10-15 15:08:26.820096][J:91831b5b-1f96-4952-b681-fb99c5726bac][A:train#ebcc04af-1f05-4466-9c99-8bbe7d94f294]applied filter: HEModelEncryptor@job on task_result
[E:2d037f25-faee-4cba-a412-ee631455e13a][R:9570acc3-683c-4185-8586-922db1007288][T:2023-10-15 15:08:26.820312][J:91831b5b-1f96-4952-b681-fb99c5726bac][A:train#ebcc04af-1f05-4466-9c99-8bbe7d94f294]submit result OK
[E:90b3416e-e92d-4e8d-8932-50ad9c9a3eaf][R:de94a4ea-5789-4eb0-bd4b-96594ea8b350][T:2023-10-15 15:08:42.200756][J:91831b5b-1f96-4952-b681-fb99c5726bac][A:train#6bdd9bfc-13d6-4567-a581-4677b3879791]received task from server
[E:a2686864-6f64-4515-8c50-323d44c6a41c][T:2023-10-15 15:08:42.607422][J:91831b5b-1f96-4952-b681-fb99c5726bac][A:train#6bdd9bfc-13d6-4567-a581-4677b3879791]applied filter: HEModelDecryptor@job on task_data
[E:b9f8767f-b79d-4569-94d6-c93250df0c32][T:2023-10-15 15:08:42.607719][J:91831b5b-1f96-4952-b681-fb99c5726bac][A:train#6bdd9bfc-13d6-4567-a581-4677b3879791]invoked executor LearnerExecutor
[E:a637ec9d-a465-4206-a3ea-7d461e10f3cb][T:2023-10-15 15:08:57.593010][J:91831b5b-1f96-4952-b681-fb99c5726bac][A:train#6bdd9bfc-13d6-4567-a581-4677b3879791]applied filter: HEModelEncryptor@job on task_result
[E:6036dcf9-5100-475a-9a9b-0e9d216010f6][R:de94a4ea-5789-4eb0-bd4b-96594ea8b350][T:2023-10-15 15:08:57.593214][J:91831b5b-1f96-4952-b681-fb99c5726bac][A:train#6bdd9bfc-13d6-4567-a581-4677b3879791]submit result OK
[E:1d2a33fb-ffe1-42b3-adb7-6535ce0f6993][R:a92ff784-d517-4366-a4ea-ee7c06aee609][T:2023-10-15 15:09:12.842557][J:91831b5b-1f96-4952-b681-fb99c5726bac][A:train#ed65663b-a71b-4942-b5ae-9fcebf8c7d4a]received task from server
[E:d8c36b69-0e7d-43a2-b07f-a108226ffe40][T:2023-10-15 15:09:13.247735][J:91831b5b-1f96-4952-b681-fb99c5726bac][A:train#ed65663b-a71b-4942-b5ae-9fcebf8c7d4a]applied filter: HEModelDecryptor@job on task_data
[E:17303fbc-c339-4904-a48a-485864c87452][T:2023-10-15 15:09:13.248010][J:91831b5b-1f96-4952-b681-fb99c5726bac][A:train#ed65663b-a71b-4942-b5ae-9fcebf8c7d4a]invoked executor LearnerExecutor
[E:6b4720be-6d39-4da3-8c3b-9d8ea60871b4][T:2023-10-15 15:09:28.365132][J:91831b5b-1f96-4952-b681-fb99c5726bac][A:train#ed65663b-a71b-4942-b5ae-9fcebf8c7d4a]applied filter: HEModelEncryptor@job on task_result
[E:a3c8f70b-e149-43f0-9111-7d9cf0333135][R:a92ff784-d517-4366-a4ea-ee7c06aee609][T:2023-10-15 15:09:28.365362][J:91831b5b-1f96-4952-b681-fb99c5726bac][A:train#ed65663b-a71b-4942-b5ae-9fcebf8c7d4a]submit result OK
[E:6b7eab27-f3cb-4e33-a5a6-004aef777bc3][R:92bc7efa-704a-493d-aef1-ee4bc9dd0d21][T:2023-10-15 15:09:45.048075][J:91831b5b-1f96-4952-b681-fb99c5726bac][A:train#7f3aa99c-7744-40c4-8998-aaf87c735b66]received task from server
[E:29beab56-9439-414a-a996-77bcb96b2caa][T:2023-10-15 15:09:45.442259][J:91831b5b-1f96-4952-b681-fb99c5726bac][A:train#7f3aa99c-7744-40c4-8998-aaf87c735b66]applied filter: HEModelDecryptor@job on task_data
[E:77c1f283-2edb-4047-a34b-246b56b26cb2][T:2023-10-15 15:09:45.442525][J:91831b5b-1f96-4952-b681-fb99c5726bac][A:train#7f3aa99c-7744-40c4-8998-aaf87c735b66]invoked executor LearnerExecutor
[E:e83c0a89-8afa-4cb7-9bd2-1c335cdda373][T:2023-10-15 15:10:00.778365][J:91831b5b-1f96-4952-b681-fb99c5726bac][A:train#7f3aa99c-7744-40c4-8998-aaf87c735b66]applied filter: HEModelEncryptor@job on task_result
[E:9cf10588-d66d-43a7-9ecd-fbfb139472d8][R:92bc7efa-704a-493d-aef1-ee4bc9dd0d21][T:2023-10-15 15:10:00.778556][J:91831b5b-1f96-4952-b681-fb99c5726bac][A:train#7f3aa99c-7744-40c4-8998-aaf87c735b66]submit result OK
[E:119858db-7757-481f-a62b-401be5eadaf0][R:6d98bac2-8be6-4107-98d0-bcf56ecad976][T:2023-10-15 15:10:15.777777][J:91831b5b-1f96-4952-b681-fb99c5726bac][A:train#d7279ddc-6293-4518-86f6-7eb9d0c21756]received task from server
[E:5f7980cc-09d9-4f50-8c32-bc589d960f03][T:2023-10-15 15:10:16.190678][J:91831b5b-1f96-4952-b681-fb99c5726bac][A:train#d7279ddc-6293-4518-86f6-7eb9d0c21756]applied filter: HEModelDecryptor@job on task_data
[E:04839104-ab1e-40a1-8fb7-9c78b1f8c998][T:2023-10-15 15:10:16.190984][J:91831b5b-1f96-4952-b681-fb99c5726bac][A:train#d7279ddc-6293-4518-86f6-7eb9d0c21756]invoked executor LearnerExecutor
[E:9368cc4e-3921-4ab2-90f4-68006a651862][T:2023-10-15 15:10:31.373837][J:91831b5b-1f96-4952-b681-fb99c5726bac][A:train#d7279ddc-6293-4518-86f6-7eb9d0c21756]applied filter: HEModelEncryptor@job on task_result
[E:cef5af91-4b47-48aa-9968-d5bfef33bb2e][R:6d98bac2-8be6-4107-98d0-bcf56ecad976][T:2023-10-15 15:10:31.374029][J:91831b5b-1f96-4952-b681-fb99c5726bac][A:train#d7279ddc-6293-4518-86f6-7eb9d0c21756]submit result OK
[E:4d8e16a8-e83e-4f7a-bbc7-7dadb384e599][R:ef5153b5-d46c-4f4c-b4c1-2544100d561c][T:2023-10-15 15:10:47.132980][J:91831b5b-1f96-4952-b681-fb99c5726bac][A:train#fc732046-b2b2-4a60-ad14-03ec3d6b1823]received task from server
[E:f244d78e-97fc-4b70-9605-d7e1cf8c8c42][T:2023-10-15 15:10:47.537330][J:91831b5b-1f96-4952-b681-fb99c5726bac][A:train#fc732046-b2b2-4a60-ad14-03ec3d6b1823]applied filter: HEModelDecryptor@job on task_data
[E:8a6d8d0c-1389-4250-90b7-1f89982cb3b2][T:2023-10-15 15:10:47.537656][J:91831b5b-1f96-4952-b681-fb99c5726bac][A:train#fc732046-b2b2-4a60-ad14-03ec3d6b1823]invoked executor LearnerExecutor
[E:92073a2c-1ce2-4c0c-b74b-222e142e52a7][T:2023-10-15 15:11:02.777874][J:91831b5b-1f96-4952-b681-fb99c5726bac][A:train#fc732046-b2b2-4a60-ad14-03ec3d6b1823]applied filter: HEModelEncryptor@job on task_result
[E:d476574a-7fbf-44f0-8796-027175def603][R:ef5153b5-d46c-4f4c-b4c1-2544100d561c][T:2023-10-15 15:11:02.778064][J:91831b5b-1f96-4952-b681-fb99c5726bac][A:train#fc732046-b2b2-4a60-ad14-03ec3d6b1823]submit result OK
[E:9d5e6235-6bc6-4bf5-ba65-a761076d45c1][R:308e4d0f-592e-4851-9d3e-14a2e4c26f51][T:2023-10-15 15:11:17.648806][J:91831b5b-1f96-4952-b681-fb99c5726bac][A:train#194c0514-89bd-4b0a-b54a-32cad224543c]received task from server
[E:365e5256-62de-42c4-bee4-3cf59eb9a74d][T:2023-10-15 15:11:18.055527][J:91831b5b-1f96-4952-b681-fb99c5726bac][A:train#194c0514-89bd-4b0a-b54a-32cad224543c]applied filter: HEModelDecryptor@job on task_data
[E:db9e6512-55b9-46c1-a450-b35c2ed48d54][T:2023-10-15 15:11:18.055789][J:91831b5b-1f96-4952-b681-fb99c5726bac][A:train#194c0514-89bd-4b0a-b54a-32cad224543c]invoked executor LearnerExecutor
[E:b0711354-d719-4c76-b95e-51bc46008029][T:2023-10-15 15:11:32.998041][J:91831b5b-1f96-4952-b681-fb99c5726bac][A:train#194c0514-89bd-4b0a-b54a-32cad224543c]applied filter: HEModelEncryptor@job on task_result
[E:ae667c51-73b8-4b82-bece-4bf0d06564de][R:308e4d0f-592e-4851-9d3e-14a2e4c26f51][T:2023-10-15 15:11:32.998237][J:91831b5b-1f96-4952-b681-fb99c5726bac][A:train#194c0514-89bd-4b0a-b54a-32cad224543c]submit result OK
[E:bfce15b6-8b8e-4383-86a3-24473027964c][R:7279b6e0-3826-434c-bc8a-f7df30be8a9f][T:2023-10-15 15:11:47.812647][J:91831b5b-1f96-4952-b681-fb99c5726bac][A:train#3edd4da4-49ea-4dfb-8074-1a9ae0a6ccae]received task from server
[E:b63d8e26-33f4-4ced-a4b9-affe642f8b11][T:2023-10-15 15:11:48.210298][J:91831b5b-1f96-4952-b681-fb99c5726bac][A:train#3edd4da4-49ea-4dfb-8074-1a9ae0a6ccae]applied filter: HEModelDecryptor@job on task_data
[E:50c79d5f-42ca-4a24-a2f8-457191c0f6fa][T:2023-10-15 15:11:48.210573][J:91831b5b-1f96-4952-b681-fb99c5726bac][A:train#3edd4da4-49ea-4dfb-8074-1a9ae0a6ccae]invoked executor LearnerExecutor
[E:414374b6-c089-4c59-b57b-feb484c72131][T:2023-10-15 15:12:03.559366][J:91831b5b-1f96-4952-b681-fb99c5726bac][A:train#3edd4da4-49ea-4dfb-8074-1a9ae0a6ccae]applied filter: HEModelEncryptor@job on task_result
[E:fd99e500-6840-4815-81a6-1246fca3c36a][R:7279b6e0-3826-434c-bc8a-f7df30be8a9f][T:2023-10-15 15:12:03.559555][J:91831b5b-1f96-4952-b681-fb99c5726bac][A:train#3edd4da4-49ea-4dfb-8074-1a9ae0a6ccae]submit result OK
[E:3014f445-da56-4bf6-8ce6-06d23914e989][R:0cd937ca-788a-447c-bad0-c582e38b01e9][T:2023-10-15 15:12:20.859016][J:91831b5b-1f96-4952-b681-fb99c5726bac][A:submit_model#083671b6-9659-488e-9dfc-c079b7675efb]received task from server
[E:d6a1cb30-976f-42be-8dba-439e44d39dbf][T:2023-10-15 15:12:20.859297][J:91831b5b-1f96-4952-b681-fb99c5726bac][A:submit_model#083671b6-9659-488e-9dfc-c079b7675efb]invoked executor LearnerExecutor
[E:1d10c69a-980e-42ee-9b3c-a571692d3958][T:2023-10-15 15:12:22.233842][J:91831b5b-1f96-4952-b681-fb99c5726bac][A:submit_model#083671b6-9659-488e-9dfc-c079b7675efb]applied filter: HEModelEncryptor@job on task_result
[E:ba888293-f445-478e-9d1c-fdbe996ee913][R:0cd937ca-788a-447c-bad0-c582e38b01e9][T:2023-10-15 15:12:22.234034][J:91831b5b-1f96-4952-b681-fb99c5726bac][A:submit_model#083671b6-9659-488e-9dfc-c079b7675efb]submit result OK
[E:ab64647e-e8c7-4daf-8fe4-3da57bccaef1][R:09a6cb0f-4251-445e-8b5b-c1af7c3632cd][T:2023-10-15 15:12:30.436293][J:91831b5b-1f96-4952-b681-fb99c5726bac][A:validate#ed5a628b-0b77-4b0b-8f75-52cb7c0d9a78]received task from server
[E:6a197634-dfab-4c67-b147-99057e180a4b][T:2023-10-15 15:12:30.835328][J:91831b5b-1f96-4952-b681-fb99c5726bac][A:validate#ed5a628b-0b77-4b0b-8f75-52cb7c0d9a78]applied filter: HEModelDecryptor@job on task_data
[E:5d3e15cc-9eba-43c0-bff2-856aa39775e6][T:2023-10-15 15:12:30.835555][J:91831b5b-1f96-4952-b681-fb99c5726bac][A:validate#ed5a628b-0b77-4b0b-8f75-52cb7c0d9a78]invoked executor LearnerExecutor
[E:1dafb7ef-2be2-43b3-a78e-18c537427f70][R:09a6cb0f-4251-445e-8b5b-c1af7c3632cd][T:2023-10-15 15:12:35.405162][J:91831b5b-1f96-4952-b681-fb99c5726bac][A:validate#ed5a628b-0b77-4b0b-8f75-52cb7c0d9a78]submit result OK
[E:6e5c5074-feb8-4d57-a0cc-83b2beef08c4][R:1c9e01b7-8942-4966-981a-e8090588a6d0][T:2023-10-15 15:12:38.729532][J:91831b5b-1f96-4952-b681-fb99c5726bac][A:validate#a46d9243-8559-49fa-afde-ddb3bf72a590]received task from server
[E:5ed5b264-479d-40a5-b181-d8bf62e71a9f][T:2023-10-15 15:12:39.134262][J:91831b5b-1f96-4952-b681-fb99c5726bac][A:validate#a46d9243-8559-49fa-afde-ddb3bf72a590]applied filter: HEModelDecryptor@job on task_data
[E:6f49cb98-a56a-416a-a6bc-ebca10cbe589][T:2023-10-15 15:12:39.134587][J:91831b5b-1f96-4952-b681-fb99c5726bac][A:validate#a46d9243-8559-49fa-afde-ddb3bf72a590]invoked executor LearnerExecutor
[E:80c0fbaf-156f-4b5d-b404-d9db872ab3fb][R:1c9e01b7-8942-4966-981a-e8090588a6d0][T:2023-10-15 15:12:43.733845][J:91831b5b-1f96-4952-b681-fb99c5726bac][A:validate#a46d9243-8559-49fa-afde-ddb3bf72a590]submit result OK
[E:0d5da579-4e1a-4bd6-9724-688f19e366ba][R:3589ccf0-8fea-4502-bab2-dcddfa800ac2][T:2023-10-15 15:12:47.750378][J:91831b5b-1f96-4952-b681-fb99c5726bac][A:validate#8634a3e6-2aa0-4170-99a8-083fe635a98a]received task from server
[E:1ac1a96b-fcd8-4863-9fdd-e714a18a4191][T:2023-10-15 15:12:48.666093][J:91831b5b-1f96-4952-b681-fb99c5726bac][A:validate#8634a3e6-2aa0-4170-99a8-083fe635a98a]applied filter: HEModelDecryptor@job on task_data
[E:b85f1965-6ce1-415d-9815-2fc11dd6ae72][T:2023-10-15 15:12:48.666347][J:91831b5b-1f96-4952-b681-fb99c5726bac][A:validate#8634a3e6-2aa0-4170-99a8-083fe635a98a]invoked executor LearnerExecutor
[E:a5ca6093-50a2-4791-9fe5-22e6e1eaa2b5][R:3589ccf0-8fea-4502-bab2-dcddfa800ac2][T:2023-10-15 15:12:53.207326][J:91831b5b-1f96-4952-b681-fb99c5726bac][A:validate#8634a3e6-2aa0-4170-99a8-083fe635a98a]submit result OK
[E:a7dcd4f0-e56c-4d19-bf46-37c6043d00d6][R:9824d6be-f4ec-4304-9ee4-f47fd3618a11][T:2023-10-15 15:12:57.187431][J:91831b5b-1f96-4952-b681-fb99c5726bac][A:validate#c9d24a4e-c0a1-40a5-b0b4-78d1028133df]received task from server
[E:88cf3c0c-61f0-4755-b1c8-116ac060819e][T:2023-10-15 15:12:58.081668][J:91831b5b-1f96-4952-b681-fb99c5726bac][A:validate#c9d24a4e-c0a1-40a5-b0b4-78d1028133df]applied filter: HEModelDecryptor@job on task_data
[E:4fba117c-2caf-4ad6-9a2c-d02670b16401][T:2023-10-15 15:12:58.081939][J:91831b5b-1f96-4952-b681-fb99c5726bac][A:validate#c9d24a4e-c0a1-40a5-b0b4-78d1028133df]invoked executor LearnerExecutor
[E:c37a2ce5-6fbd-400c-9b35-771e8c506fcf][R:9824d6be-f4ec-4304-9ee4-f47fd3618a11][T:2023-10-15 15:13:02.626771][J:91831b5b-1f96-4952-b681-fb99c5726bac][A:validate#c9d24a4e-c0a1-40a5-b0b4-78d1028133df]submit result OK
[E:666bb08a-2866-4a1a-aab1-5812f4a6552f][T:2023-10-15 16:02:39.428111][U:admin@nvidia.com][A:train.deploy]
[E:03ef0e11-7f8e-4a17-9d8c-9bb6cf69e4f2][T:2023-10-15 16:02:39.458153][U:][A:train.start_job]
[E:9d0ee92a-b3b5-488c-ba36-debdb26a05ce][R:12ea27de-f919-4024-9954-94e66a3715e0][T:2023-10-15 16:02:48.656073][J:413ffa6c-a8d5-4a1d-a8f1-804b594133d4][A:train#44885ed3-f2ca-41d9-89ba-d1be4d3f2011]received task from server
[E:1f6a925c-8b56-43e8-9c11-97140fc2b722][T:2023-10-15 16:02:48.656751][J:413ffa6c-a8d5-4a1d-a8f1-804b594133d4][A:train#44885ed3-f2ca-41d9-89ba-d1be4d3f2011]invoked executor LearnerExecutor
[E:0155ec08-5d57-4c08-8520-384756a1e56c][R:12ea27de-f919-4024-9954-94e66a3715e0][T:2023-10-15 16:02:58.639970][J:413ffa6c-a8d5-4a1d-a8f1-804b594133d4][A:train#44885ed3-f2ca-41d9-89ba-d1be4d3f2011]submit result: EXECUTION_EXCEPTION
[E:23b415aa-2bf2-4364-a9cd-ef5c0a4a46dd][T:2023-10-15 16:03:03.068023][U:][A:train.abort]
