[E:a8c56910-5b3f-41ef-9bb8-5b66d2522ebf][R:48838187-eead-4d13-a643-e92114d5c77f][T:2023-10-14 14:29:43.077576][U:admin@nvidia.com][A:train.check_status]
[E:bb0f81e3-5c32-44bf-a5e6-2b3b918cbf6e][T:2023-10-14 14:32:06.323936][U:admin@nvidia.com][A:train.deploy]
[E:325bc3ba-c026-4212-bdbc-b9bbe547d4d8][T:2023-10-14 14:32:06.352879][U:][A:train.start_job]
[E:320457c5-0526-403f-b6a2-b15080ea0ff8][R:afe8d2dc-8e11-449a-b07d-6d2ca442709a][T:2023-10-14 14:39:36.461784][J:cdc1a787-3dcf-42fc-b6d5-b9b6f316d574][A:train#70a1f517-3848-44ef-96d7-e7853dfb40b5]received task from server
[E:d7ee6d6e-1e6a-4489-9d5b-d4370052b9a5][T:2023-10-14 14:39:36.462629][J:cdc1a787-3dcf-42fc-b6d5-b9b6f316d574][A:train#70a1f517-3848-44ef-96d7-e7853dfb40b5]invoked executor LearnerExecutor
[E:512cb364-1151-4013-82ec-17e347fd2dd7][T:2023-10-14 14:40:01.388887][J:cdc1a787-3dcf-42fc-b6d5-b9b6f316d574][A:train#70a1f517-3848-44ef-96d7-e7853dfb40b5]applied filter: HEModelEncryptor@job on task_result
[E:c91e5277-b7fa-4c52-86bf-9aa4b0b6c92b][R:afe8d2dc-8e11-449a-b07d-6d2ca442709a][T:2023-10-14 14:40:01.389082][J:cdc1a787-3dcf-42fc-b6d5-b9b6f316d574][A:train#70a1f517-3848-44ef-96d7-e7853dfb40b5]submit result OK
[E:23f06585-ab1c-47cc-a41c-b52a8f4baaa6][R:86eeb50f-4c15-4492-b34d-1c4825a8ed02][T:2023-10-14 14:40:09.872644][J:cdc1a787-3dcf-42fc-b6d5-b9b6f316d574][A:train#b43652b1-d9df-429a-b300-e82dcac96f6b]received task from server
[E:823b50f4-1109-42d8-a72b-24ab986fb994][T:2023-10-14 14:40:10.300216][J:cdc1a787-3dcf-42fc-b6d5-b9b6f316d574][A:train#b43652b1-d9df-429a-b300-e82dcac96f6b]applied filter: HEModelDecryptor@job on task_data
[E:fc3f92db-fe69-4a04-966c-c98f2a89af95][T:2023-10-14 14:40:10.300442][J:cdc1a787-3dcf-42fc-b6d5-b9b6f316d574][A:train#b43652b1-d9df-429a-b300-e82dcac96f6b]invoked executor LearnerExecutor
[E:d938e2f0-8b09-44e2-ad84-2c004710f4c0][T:2023-10-14 14:40:30.805805][J:cdc1a787-3dcf-42fc-b6d5-b9b6f316d574][A:train#b43652b1-d9df-429a-b300-e82dcac96f6b]applied filter: HEModelEncryptor@job on task_result
[E:f283258f-ee80-4bae-8fbf-1e43105f859a][R:86eeb50f-4c15-4492-b34d-1c4825a8ed02][T:2023-10-14 14:40:30.805981][J:cdc1a787-3dcf-42fc-b6d5-b9b6f316d574][A:train#b43652b1-d9df-429a-b300-e82dcac96f6b]submit result OK
[E:fba9b3cd-879e-4f84-81e8-20d94475d8d2][R:187f9cc4-d89b-45a4-86fb-a807d1d1a423][T:2023-10-14 14:40:39.796211][J:cdc1a787-3dcf-42fc-b6d5-b9b6f316d574][A:train#96fb9b9d-9a0b-4ac9-bc72-f1b5d210a9c3]received task from server
[E:264cfeb9-2a49-4e17-ad62-432b5bed2805][T:2023-10-14 14:40:40.217028][J:cdc1a787-3dcf-42fc-b6d5-b9b6f316d574][A:train#96fb9b9d-9a0b-4ac9-bc72-f1b5d210a9c3]applied filter: HEModelDecryptor@job on task_data
[E:10669afc-eac5-4a0d-bc55-193ea7d68a4b][T:2023-10-14 14:40:40.217325][J:cdc1a787-3dcf-42fc-b6d5-b9b6f316d574][A:train#96fb9b9d-9a0b-4ac9-bc72-f1b5d210a9c3]invoked executor LearnerExecutor
[E:0bacb1ca-79c3-42dd-86b8-8fd988eb7a26][T:2023-10-14 14:41:00.667722][J:cdc1a787-3dcf-42fc-b6d5-b9b6f316d574][A:train#96fb9b9d-9a0b-4ac9-bc72-f1b5d210a9c3]applied filter: HEModelEncryptor@job on task_result
[E:02bbb8a9-8064-42b1-bc5b-726daa52cea8][R:187f9cc4-d89b-45a4-86fb-a807d1d1a423][T:2023-10-14 14:41:00.667905][J:cdc1a787-3dcf-42fc-b6d5-b9b6f316d574][A:train#96fb9b9d-9a0b-4ac9-bc72-f1b5d210a9c3]submit result OK
[E:79f33831-96d0-466e-a057-75828628adf6][R:44ff4fc7-ab19-4ad5-916d-37044d74de6e][T:2023-10-14 14:41:09.549391][J:cdc1a787-3dcf-42fc-b6d5-b9b6f316d574][A:train#f6e6eadc-5516-4b47-be9b-96c9c8b7e4ea]received task from server
[E:e074359b-57f5-4e37-ba27-b4f8645bcdbd][T:2023-10-14 14:41:09.948089][J:cdc1a787-3dcf-42fc-b6d5-b9b6f316d574][A:train#f6e6eadc-5516-4b47-be9b-96c9c8b7e4ea]applied filter: HEModelDecryptor@job on task_data
[E:69ac36fe-f053-46d5-abe3-50eb1f72dcd5][T:2023-10-14 14:41:09.948310][J:cdc1a787-3dcf-42fc-b6d5-b9b6f316d574][A:train#f6e6eadc-5516-4b47-be9b-96c9c8b7e4ea]invoked executor LearnerExecutor
[E:819180f6-d663-4ea5-bb24-0911743da99a][T:2023-10-14 14:41:30.297639][J:cdc1a787-3dcf-42fc-b6d5-b9b6f316d574][A:train#f6e6eadc-5516-4b47-be9b-96c9c8b7e4ea]applied filter: HEModelEncryptor@job on task_result
[E:aa92714d-a7db-480c-a6f9-b10315d0cfa0][R:44ff4fc7-ab19-4ad5-916d-37044d74de6e][T:2023-10-14 14:41:30.297819][J:cdc1a787-3dcf-42fc-b6d5-b9b6f316d574][A:train#f6e6eadc-5516-4b47-be9b-96c9c8b7e4ea]submit result OK
[E:36e877f6-4750-4536-9831-65174a990d4d][R:8fa50b23-bcc0-495d-9134-9b42be90ef92][T:2023-10-14 14:41:38.496251][J:cdc1a787-3dcf-42fc-b6d5-b9b6f316d574][A:train#d4dbeaff-f727-4f7e-88de-91a3aa5692d1]received task from server
[E:f4cb444d-f92a-4164-93c4-a745f4bfc946][T:2023-10-14 14:41:38.886800][J:cdc1a787-3dcf-42fc-b6d5-b9b6f316d574][A:train#d4dbeaff-f727-4f7e-88de-91a3aa5692d1]applied filter: HEModelDecryptor@job on task_data
[E:f6f856ed-1369-4d64-8aaa-146f219369f2][T:2023-10-14 14:41:38.887029][J:cdc1a787-3dcf-42fc-b6d5-b9b6f316d574][A:train#d4dbeaff-f727-4f7e-88de-91a3aa5692d1]invoked executor LearnerExecutor
[E:08578043-d182-4e9a-a21c-c27c4e8fbbbe][T:2023-10-14 14:41:59.044081][J:cdc1a787-3dcf-42fc-b6d5-b9b6f316d574][A:train#d4dbeaff-f727-4f7e-88de-91a3aa5692d1]applied filter: HEModelEncryptor@job on task_result
[E:11f7e874-cc09-483f-ba52-b03c01813bf2][R:8fa50b23-bcc0-495d-9134-9b42be90ef92][T:2023-10-14 14:41:59.044257][J:cdc1a787-3dcf-42fc-b6d5-b9b6f316d574][A:train#d4dbeaff-f727-4f7e-88de-91a3aa5692d1]submit result OK
[E:20b14fc6-1c20-4c3a-b689-2f81431f8eda][R:a0b2ba45-c5d3-436a-a464-24d4837b7802][T:2023-10-14 14:42:07.324642][J:cdc1a787-3dcf-42fc-b6d5-b9b6f316d574][A:train#76c6df9d-0132-448b-9dc2-a3405fc89232]received task from server
[E:2514d83b-556e-474a-8dde-cddb31c1c910][T:2023-10-14 14:42:07.716014][J:cdc1a787-3dcf-42fc-b6d5-b9b6f316d574][A:train#76c6df9d-0132-448b-9dc2-a3405fc89232]applied filter: HEModelDecryptor@job on task_data
[E:2162ef69-3eb8-46ed-844c-6e55f424f18f][T:2023-10-14 14:42:07.716269][J:cdc1a787-3dcf-42fc-b6d5-b9b6f316d574][A:train#76c6df9d-0132-448b-9dc2-a3405fc89232]invoked executor LearnerExecutor
[E:74d976da-885a-40fe-8409-fc2e81800d73][T:2023-10-14 14:42:27.611626][J:cdc1a787-3dcf-42fc-b6d5-b9b6f316d574][A:train#76c6df9d-0132-448b-9dc2-a3405fc89232]applied filter: HEModelEncryptor@job on task_result
[E:ce58cf82-6f2d-462e-82b0-ab7f7fe3cdae][R:a0b2ba45-c5d3-436a-a464-24d4837b7802][T:2023-10-14 14:42:27.611851][J:cdc1a787-3dcf-42fc-b6d5-b9b6f316d574][A:train#76c6df9d-0132-448b-9dc2-a3405fc89232]submit result OK
[E:82575a4b-d3a5-47db-965b-835f926a11c2][R:412c63f3-b82d-4cfb-90be-392e3d3c04cc][T:2023-10-14 14:42:35.979401][J:cdc1a787-3dcf-42fc-b6d5-b9b6f316d574][A:train#72cad72f-c39a-4a6b-9a37-bb39c87d2ace]received task from server
[E:6225702a-5a6f-42cc-945d-e4e091437df4][T:2023-10-14 14:42:36.369853][J:cdc1a787-3dcf-42fc-b6d5-b9b6f316d574][A:train#72cad72f-c39a-4a6b-9a37-bb39c87d2ace]applied filter: HEModelDecryptor@job on task_data
[E:d008eef1-b200-4411-a360-a28bbbece48c][T:2023-10-14 14:42:36.370093][J:cdc1a787-3dcf-42fc-b6d5-b9b6f316d574][A:train#72cad72f-c39a-4a6b-9a37-bb39c87d2ace]invoked executor LearnerExecutor
[E:d369e233-6506-4596-9e4a-2c7064f9b9b4][T:2023-10-14 14:42:56.327932][J:cdc1a787-3dcf-42fc-b6d5-b9b6f316d574][A:train#72cad72f-c39a-4a6b-9a37-bb39c87d2ace]applied filter: HEModelEncryptor@job on task_result
[E:faef622a-86e2-4a0e-b31a-e6fdbda9bdfe][R:412c63f3-b82d-4cfb-90be-392e3d3c04cc][T:2023-10-14 14:42:56.328111][J:cdc1a787-3dcf-42fc-b6d5-b9b6f316d574][A:train#72cad72f-c39a-4a6b-9a37-bb39c87d2ace]submit result OK
[E:5957a34c-45f3-44f9-beba-4977edb58bc8][R:ef809905-32d6-49ed-89ea-7a8eddd1257f][T:2023-10-14 14:43:04.583799][J:cdc1a787-3dcf-42fc-b6d5-b9b6f316d574][A:train#c057b3fd-7a38-45be-9741-d0c07c2dbe47]received task from server
[E:5da3c808-e0ac-4af9-85ed-a4b9254d0648][T:2023-10-14 14:43:04.972679][J:cdc1a787-3dcf-42fc-b6d5-b9b6f316d574][A:train#c057b3fd-7a38-45be-9741-d0c07c2dbe47]applied filter: HEModelDecryptor@job on task_data
[E:b5674be8-48ea-4cd2-953f-3e5de99bd597][T:2023-10-14 14:43:04.972901][J:cdc1a787-3dcf-42fc-b6d5-b9b6f316d574][A:train#c057b3fd-7a38-45be-9741-d0c07c2dbe47]invoked executor LearnerExecutor
[E:bbdfd447-1efb-4403-8f52-2529cfb1b111][T:2023-10-14 14:43:24.854601][J:cdc1a787-3dcf-42fc-b6d5-b9b6f316d574][A:train#c057b3fd-7a38-45be-9741-d0c07c2dbe47]applied filter: HEModelEncryptor@job on task_result
[E:9bf3f583-da75-4d7d-a583-a1299ce613a5][R:ef809905-32d6-49ed-89ea-7a8eddd1257f][T:2023-10-14 14:43:24.854783][J:cdc1a787-3dcf-42fc-b6d5-b9b6f316d574][A:train#c057b3fd-7a38-45be-9741-d0c07c2dbe47]submit result OK
[E:c25a0213-598d-4e28-a184-73b497da4f14][R:0fa8ff56-6f85-4693-bac7-485acbfba75a][T:2023-10-14 14:43:33.219903][J:cdc1a787-3dcf-42fc-b6d5-b9b6f316d574][A:train#cc3c2ee2-9570-430f-87ea-2ffa941112b4]received task from server
[E:9a304333-667d-4790-92e6-8de8c04a7f75][T:2023-10-14 14:43:33.609181][J:cdc1a787-3dcf-42fc-b6d5-b9b6f316d574][A:train#cc3c2ee2-9570-430f-87ea-2ffa941112b4]applied filter: HEModelDecryptor@job on task_data
[E:d20ba1a6-b6d3-48bd-ab26-9e9aa66ee0a0][T:2023-10-14 14:43:33.609428][J:cdc1a787-3dcf-42fc-b6d5-b9b6f316d574][A:train#cc3c2ee2-9570-430f-87ea-2ffa941112b4]invoked executor LearnerExecutor
[E:c4f8a05f-be8b-4683-bbbb-d390bf39de0d][T:2023-10-14 14:43:53.501450][J:cdc1a787-3dcf-42fc-b6d5-b9b6f316d574][A:train#cc3c2ee2-9570-430f-87ea-2ffa941112b4]applied filter: HEModelEncryptor@job on task_result
[E:a48ad4fa-3678-4a19-abe0-8882749ae07d][R:0fa8ff56-6f85-4693-bac7-485acbfba75a][T:2023-10-14 14:43:53.501684][J:cdc1a787-3dcf-42fc-b6d5-b9b6f316d574][A:train#cc3c2ee2-9570-430f-87ea-2ffa941112b4]submit result OK
[E:e9b14cdf-8055-402f-b007-5cc9776e438c][R:1b69d882-06d8-4751-92f1-88d2457216bb][T:2023-10-14 14:44:01.844097][J:cdc1a787-3dcf-42fc-b6d5-b9b6f316d574][A:train#977ea33b-a4a2-451b-9b09-1bfcfe11be50]received task from server
[E:962cbb3c-d751-4af9-94e5-673c7f78c2c4][T:2023-10-14 14:44:02.226924][J:cdc1a787-3dcf-42fc-b6d5-b9b6f316d574][A:train#977ea33b-a4a2-451b-9b09-1bfcfe11be50]applied filter: HEModelDecryptor@job on task_data
[E:b8902485-87dd-4d85-9e53-14f944f5bb90][T:2023-10-14 14:44:02.227148][J:cdc1a787-3dcf-42fc-b6d5-b9b6f316d574][A:train#977ea33b-a4a2-451b-9b09-1bfcfe11be50]invoked executor LearnerExecutor
[E:d20280eb-ec7f-464e-9ae7-be3bcaa26843][T:2023-10-14 14:44:21.932115][J:cdc1a787-3dcf-42fc-b6d5-b9b6f316d574][A:train#977ea33b-a4a2-451b-9b09-1bfcfe11be50]applied filter: HEModelEncryptor@job on task_result
[E:a027dba2-5301-481c-9217-0466890049f3][R:1b69d882-06d8-4751-92f1-88d2457216bb][T:2023-10-14 14:44:21.932393][J:cdc1a787-3dcf-42fc-b6d5-b9b6f316d574][A:train#977ea33b-a4a2-451b-9b09-1bfcfe11be50]submit result OK
[E:95da3ace-4142-485a-9e89-f5eb1336f581][R:2da93313-4f05-4ccc-9d4d-ac001d29ae16][T:2023-10-14 14:44:32.107373][J:cdc1a787-3dcf-42fc-b6d5-b9b6f316d574][A:submit_model#4501292b-00b7-4ada-97f6-e61b7fe8f814]received task from server
[E:9b608403-67e7-4689-804f-a849ea023e76][T:2023-10-14 14:44:32.107613][J:cdc1a787-3dcf-42fc-b6d5-b9b6f316d574][A:submit_model#4501292b-00b7-4ada-97f6-e61b7fe8f814]invoked executor LearnerExecutor
[E:2992b9d2-9f4d-4ae9-a95c-18a84b37226f][T:2023-10-14 14:44:33.466267][J:cdc1a787-3dcf-42fc-b6d5-b9b6f316d574][A:submit_model#4501292b-00b7-4ada-97f6-e61b7fe8f814]applied filter: HEModelEncryptor@job on task_result
[E:78bbaff9-b282-4141-82d3-1de53122b6b2][R:2da93313-4f05-4ccc-9d4d-ac001d29ae16][T:2023-10-14 14:44:33.466444][J:cdc1a787-3dcf-42fc-b6d5-b9b6f316d574][A:submit_model#4501292b-00b7-4ada-97f6-e61b7fe8f814]submit result OK
[E:8f884485-2191-4937-8a37-1fa18188172f][R:8d601df7-23c3-4f34-a8dc-9ae5863c27ae][T:2023-10-14 14:44:41.562351][J:cdc1a787-3dcf-42fc-b6d5-b9b6f316d574][A:validate#62cd1d37-53ae-4ec4-9212-71f9b74b1136]received task from server
[E:026831cf-ef40-4e41-9893-51f9f9e55f64][T:2023-10-14 14:44:41.954333][J:cdc1a787-3dcf-42fc-b6d5-b9b6f316d574][A:validate#62cd1d37-53ae-4ec4-9212-71f9b74b1136]applied filter: HEModelDecryptor@job on task_data
[E:fb4b886c-5eac-4fe3-994a-85201d2429ad][T:2023-10-14 14:44:41.954661][J:cdc1a787-3dcf-42fc-b6d5-b9b6f316d574][A:validate#62cd1d37-53ae-4ec4-9212-71f9b74b1136]invoked executor LearnerExecutor
[E:1a66db96-661c-464a-afcf-46cbce893930][R:8d601df7-23c3-4f34-a8dc-9ae5863c27ae][T:2023-10-14 14:44:46.941415][J:cdc1a787-3dcf-42fc-b6d5-b9b6f316d574][A:validate#62cd1d37-53ae-4ec4-9212-71f9b74b1136]submit result OK
[E:5b7fb0cf-b219-4d27-8382-e9f25ca02b5c][R:baceb151-e303-456b-a83c-55c8e8fe792e][T:2023-10-14 14:44:50.720690][J:cdc1a787-3dcf-42fc-b6d5-b9b6f316d574][A:validate#ce3cf313-1571-42ce-b632-d1eba08e2a8b]received task from server
[E:b4a7d338-a9b9-434d-8b33-696e28a66c58][T:2023-10-14 14:44:51.107494][J:cdc1a787-3dcf-42fc-b6d5-b9b6f316d574][A:validate#ce3cf313-1571-42ce-b632-d1eba08e2a8b]applied filter: HEModelDecryptor@job on task_data
[E:855159e1-65f9-47e1-a51e-d1d0be8c1419][T:2023-10-14 14:44:51.107754][J:cdc1a787-3dcf-42fc-b6d5-b9b6f316d574][A:validate#ce3cf313-1571-42ce-b632-d1eba08e2a8b]invoked executor LearnerExecutor
[E:6dfdcc29-277f-4df8-b75b-427af7296dac][R:baceb151-e303-456b-a83c-55c8e8fe792e][T:2023-10-14 14:44:56.122775][J:cdc1a787-3dcf-42fc-b6d5-b9b6f316d574][A:validate#ce3cf313-1571-42ce-b632-d1eba08e2a8b]submit result OK
[E:1bdf2a10-4357-486b-872f-9bb630fcbbba][R:9a90de74-aaa3-4a3a-9881-7f6ba2c25a9d][T:2023-10-14 14:45:00.123821][J:cdc1a787-3dcf-42fc-b6d5-b9b6f316d574][A:validate#70c54776-2caa-4073-8854-bf5a3c3ce9f6]received task from server
[E:4f133747-530a-43f6-a416-e2595d45ec4e][T:2023-10-14 14:45:01.002736][J:cdc1a787-3dcf-42fc-b6d5-b9b6f316d574][A:validate#70c54776-2caa-4073-8854-bf5a3c3ce9f6]applied filter: HEModelDecryptor@job on task_data
[E:936d87ac-2029-4b20-b936-dc300cbdc6f1][T:2023-10-14 14:45:01.002953][J:cdc1a787-3dcf-42fc-b6d5-b9b6f316d574][A:validate#70c54776-2caa-4073-8854-bf5a3c3ce9f6]invoked executor LearnerExecutor
[E:440880d1-8642-47ad-a33a-c106d358a640][R:9a90de74-aaa3-4a3a-9881-7f6ba2c25a9d][T:2023-10-14 14:45:06.008692][J:cdc1a787-3dcf-42fc-b6d5-b9b6f316d574][A:validate#70c54776-2caa-4073-8854-bf5a3c3ce9f6]submit result OK
[E:238f8fd0-5967-4377-a92d-0c8d02b5aead][R:4e183c2b-c610-4ba2-96f8-feaf1e6cee11][T:2023-10-14 14:45:10.014412][J:cdc1a787-3dcf-42fc-b6d5-b9b6f316d574][A:validate#4b67d320-cb6b-47b8-86e3-9b088caaf4b2]received task from server
[E:cee3bdc5-e8e0-45af-876c-1a5e04cf0b24][T:2023-10-14 14:45:10.914173][J:cdc1a787-3dcf-42fc-b6d5-b9b6f316d574][A:validate#4b67d320-cb6b-47b8-86e3-9b088caaf4b2]applied filter: HEModelDecryptor@job on task_data
[E:889be273-6b2d-4452-bbbb-422897563ac4][T:2023-10-14 14:45:10.914415][J:cdc1a787-3dcf-42fc-b6d5-b9b6f316d574][A:validate#4b67d320-cb6b-47b8-86e3-9b088caaf4b2]invoked executor LearnerExecutor
[E:4a0a4da7-ac5a-4891-9fae-b3ab8a5a75d6][R:4e183c2b-c610-4ba2-96f8-feaf1e6cee11][T:2023-10-14 14:45:15.952128][J:cdc1a787-3dcf-42fc-b6d5-b9b6f316d574][A:validate#4b67d320-cb6b-47b8-86e3-9b088caaf4b2]submit result OK
[E:d5da0c79-ee67-4fc5-993b-b55b900e1c2f][R:c5b9e5ef-a6b8-4117-a5b1-61bb85c0a3a5][T:2023-10-14 16:01:47.786005][U:admin@nvidia.com][A:train.check_status]
[E:5a86463e-12c9-4e93-8fc3-c78be7ea96ac][T:2023-10-14 16:04:10.991435][U:admin@nvidia.com][A:train.deploy]
[E:663b911c-d281-4239-afcb-478a40e381fe][T:2023-10-14 16:04:11.018221][U:][A:train.start_job]
[E:d16c7b8d-8110-4391-a5ab-2fe8d6a99eaf][R:a841c8ac-d68a-4d98-8abc-58020d530b17][T:2023-10-14 16:04:14.495354][J:6bbf3c94-7160-4e6c-8fa7-00025f7cf055][A:train#56a77ff1-1b61-4417-8ba6-d24d23851d9d]received task from server
[E:222f1b73-945f-4617-badb-5da2aebab001][T:2023-10-14 16:04:14.495879][J:6bbf3c94-7160-4e6c-8fa7-00025f7cf055][A:train#56a77ff1-1b61-4417-8ba6-d24d23851d9d]invoked executor LearnerExecutor
[E:e7d645be-1e1d-4709-9938-0236d01bcaba][R:a841c8ac-d68a-4d98-8abc-58020d530b17][T:2023-10-14 16:04:16.916867][J:6bbf3c94-7160-4e6c-8fa7-00025f7cf055][A:train#56a77ff1-1b61-4417-8ba6-d24d23851d9d]submit result: TASK_ABORTED
[E:af043da6-952d-4a92-bdc7-9ad6016a56b6][T:2023-10-14 16:04:21.902626][U:][A:train.abort]
[E:b7e1c3c6-300d-41a8-b286-c741c211289e][R:b55a231f-9b19-4d78-baa8-39676926c5a0][T:2023-10-14 17:03:05.310961][U:admin@nvidia.com][A:train.check_status]
[E:f708b385-0cf5-4642-acfc-19672926eb68][T:2023-10-14 17:03:29.306343][U:admin@nvidia.com][A:train.deploy]
[E:5a9e3d2c-7b65-4980-9859-82f928a894ca][T:2023-10-14 17:03:29.332602][U:][A:train.start_job]
[E:3fec2c2f-7cb2-40db-a73e-5cbc41dab5c7][R:2e58623e-22d9-418b-aec0-a166fbf5df64][T:2023-10-14 17:03:32.656171][J:5b65e3e4-fa90-4422-be8e-4e04e4360e04][A:train#bd9a929b-9ecf-423c-8753-29ef82e2f2fd]received task from server
[E:e9c57386-8cd3-4015-9d14-fba790bd54e8][T:2023-10-14 17:03:32.656727][J:5b65e3e4-fa90-4422-be8e-4e04e4360e04][A:train#bd9a929b-9ecf-423c-8753-29ef82e2f2fd]invoked executor LearnerExecutor
[E:cbe39bc1-08e1-4838-905a-f5a876dfc540][R:2e58623e-22d9-418b-aec0-a166fbf5df64][T:2023-10-14 17:03:34.573669][J:5b65e3e4-fa90-4422-be8e-4e04e4360e04][A:train#bd9a929b-9ecf-423c-8753-29ef82e2f2fd]submit result: TASK_ABORTED
[E:3ef4ac6a-60bc-4cf6-bbab-9d16c408d4e1][T:2023-10-14 17:03:40.254878][U:][A:train.abort]
[E:95055074-b254-487c-9261-19d2394282e1][T:2023-10-14 17:23:38.335903][U:admin@nvidia.com][A:train.deploy]
[E:2d7571d5-1b2e-41fc-b106-f5925fc2903e][T:2023-10-14 17:23:38.358732][U:][A:train.start_job]
[E:50d4ea2e-84f2-46aa-b2fc-a13e7af4533f][R:c3de29c4-1287-402c-803a-bfa96198757c][T:2023-10-14 17:23:41.524873][J:ab033e58-6095-464d-82f9-777f1a2cc99b][A:train#74b55300-8de5-4eb2-bb95-ebb126b458ad]received task from server
[E:c1b9eb79-d193-4142-9a95-13d6d76d8611][T:2023-10-14 17:23:41.525399][J:ab033e58-6095-464d-82f9-777f1a2cc99b][A:train#74b55300-8de5-4eb2-bb95-ebb126b458ad]invoked executor LearnerExecutor
[E:d22dcf78-e1a2-4037-8689-4d7b70023b83][R:c3de29c4-1287-402c-803a-bfa96198757c][T:2023-10-14 17:23:42.673482][J:ab033e58-6095-464d-82f9-777f1a2cc99b][A:train#74b55300-8de5-4eb2-bb95-ebb126b458ad]submit result: TASK_ABORTED
[E:594ddfd7-2124-41c1-b81d-b4393cfa9949][T:2023-10-14 17:23:46.547432][U:][A:train.abort]
[E:4d82bf02-d6ff-4f5f-a3c3-532d32905947][T:2023-10-14 17:25:28.770877][U:admin@nvidia.com][A:train.deploy]
[E:98a667de-a4b6-4615-b756-da4405ded8d2][T:2023-10-14 17:25:28.794098][U:][A:train.start_job]
[E:935cd573-67be-4d59-bf9b-b31993b87300][R:2bfc295e-234b-4208-94b9-5af1307faa3a][T:2023-10-14 17:25:32.035197][J:bb15853d-11b4-4cf8-99aa-9356fe06854c][A:train#95ab4001-72cb-43eb-ace8-58a8f1980600]received task from server
[E:06c6bbcc-24a6-46de-afa4-98a8baae9a25][T:2023-10-14 17:25:32.035711][J:bb15853d-11b4-4cf8-99aa-9356fe06854c][A:train#95ab4001-72cb-43eb-ace8-58a8f1980600]invoked executor LearnerExecutor
[E:8a83cf8b-caca-4658-95f6-d0686368d06e][R:2bfc295e-234b-4208-94b9-5af1307faa3a][T:2023-10-14 17:25:33.173748][J:bb15853d-11b4-4cf8-99aa-9356fe06854c][A:train#95ab4001-72cb-43eb-ace8-58a8f1980600]submit result: TASK_ABORTED
[E:662e9ba3-fe41-442b-8bd3-bea2d73fbe93][T:2023-10-14 17:25:36.677208][U:][A:train.abort]
[E:5c478cb3-a825-4611-ad59-7cc41d4f5d70][T:2023-10-14 17:28:38.695998][U:admin@nvidia.com][A:train.deploy]
[E:28c4609b-8891-4fba-ba7b-7ba1e74f245c][T:2023-10-14 17:28:38.721861][U:][A:train.start_job]
[E:1694e602-8e50-446a-ac43-46eb6041153f][R:d33f5343-615e-4151-bc0f-e95afba0a7aa][T:2023-10-14 17:28:51.909465][J:e39a7acc-b823-480b-aed1-71641e6d5697][A:train#5ec8ccc6-c12b-43da-865b-897f637089ef]received task from server
[E:ff8ac0ec-a4ac-4405-bcfb-e14d424a4b4c][T:2023-10-14 17:28:51.910007][J:e39a7acc-b823-480b-aed1-71641e6d5697][A:train#5ec8ccc6-c12b-43da-865b-897f637089ef]invoked executor LearnerExecutor
[E:eb91681a-1c2e-4ac0-8b8f-0e7bc05803c3][R:d33f5343-615e-4151-bc0f-e95afba0a7aa][T:2023-10-14 17:29:03.390450][J:e39a7acc-b823-480b-aed1-71641e6d5697][A:train#5ec8ccc6-c12b-43da-865b-897f637089ef]submit result: EXECUTION_EXCEPTION
[E:53b45da7-0f5e-4c3b-ab8e-3c5725a1cc97][T:2023-10-14 17:29:07.910092][U:][A:train.abort]
[E:cde68bb0-ae91-4f9e-ba7b-bd0206c54359][T:2023-10-14 17:34:38.465209][U:admin@nvidia.com][A:train.deploy]
[E:4b52dc22-ee79-494b-9176-090745b57ab5][T:2023-10-14 17:34:38.489749][U:][A:train.start_job]
[E:45baf373-8cd9-4e4c-949b-7d8b4368ceb3][R:a1ae5993-be8a-48d8-8e85-9588f8bccab4][T:2023-10-14 17:34:47.752447][J:6906da61-5a9a-4f94-9b64-da13bfccbf58][A:train#e0089933-8137-4f6b-a8fa-60e3a2115cbe]received task from server
[E:46d865bf-7875-48c3-aa48-34228f94070e][T:2023-10-14 17:34:47.753067][J:6906da61-5a9a-4f94-9b64-da13bfccbf58][A:train#e0089933-8137-4f6b-a8fa-60e3a2115cbe]invoked executor LearnerExecutor
[E:dd2a503c-c894-46d7-9d16-d06f44c33b50][R:a1ae5993-be8a-48d8-8e85-9588f8bccab4][T:2023-10-14 17:34:53.564954][J:6906da61-5a9a-4f94-9b64-da13bfccbf58][A:train#e0089933-8137-4f6b-a8fa-60e3a2115cbe]submit result: EXECUTION_EXCEPTION
[E:deefc263-7313-4e69-9382-0e31b62a1f81][T:2023-10-14 17:34:58.942208][U:][A:train.abort]
[E:8bc4ba69-a8f9-4858-89f6-c275a65cc505][T:2023-10-14 17:36:06.000016][U:admin@nvidia.com][A:train.deploy]
[E:55bc25ce-0c82-47ac-83ce-d341bd645695][T:2023-10-14 17:36:06.026007][U:][A:train.start_job]
[E:4478f2e8-05ee-470c-9b66-ee0702c8bde9][R:59f2d8a2-b299-4ca6-80c7-b91579bee837][T:2023-10-14 17:36:15.230682][J:f61ae72d-5ea7-4d10-97bb-201b2e4af25d][A:train#68aa92cb-31ba-41c8-b95e-8093e30bfc3c]received task from server
[E:f6b495c3-6fe8-475e-96c3-1c4ffdc79dd5][T:2023-10-14 17:36:15.231395][J:f61ae72d-5ea7-4d10-97bb-201b2e4af25d][A:train#68aa92cb-31ba-41c8-b95e-8093e30bfc3c]invoked executor LearnerExecutor
[E:e08cda96-5209-49d7-9e36-56a3e7e515a5][R:59f2d8a2-b299-4ca6-80c7-b91579bee837][T:2023-10-14 17:36:16.401518][J:f61ae72d-5ea7-4d10-97bb-201b2e4af25d][A:train#68aa92cb-31ba-41c8-b95e-8093e30bfc3c]submit result: EXECUTION_EXCEPTION
[E:51c2255a-07b9-4164-bb2a-eb71e28fe95a][T:2023-10-14 17:36:20.032458][U:][A:train.abort]
[E:11af2fa3-d356-4910-9f11-37c908675741][T:2023-10-14 17:37:13.437126][U:admin@nvidia.com][A:train.deploy]
[E:4c94de7b-770f-4b08-8355-974940a922ee][T:2023-10-14 17:37:13.464227][U:][A:train.start_job]
[E:16f2e218-99ca-4267-9f7d-c0786859794c][R:e036f948-c8d4-44ff-81a1-df3963435eac][T:2023-10-14 17:37:22.667190][J:77f6c049-981e-4ee2-a848-5819d8e5487e][A:train#dc2b5588-e6ae-491f-9dbe-c86448c1c269]received task from server
[E:cdabd5aa-5cef-4c4d-ba4b-f6d312c5a043][T:2023-10-14 17:37:22.667766][J:77f6c049-981e-4ee2-a848-5819d8e5487e][A:train#dc2b5588-e6ae-491f-9dbe-c86448c1c269]invoked executor LearnerExecutor
[E:fb59467b-c5c8-477c-b8a4-fca233700d97][R:e036f948-c8d4-44ff-81a1-df3963435eac][T:2023-10-14 17:37:30.545825][J:77f6c049-981e-4ee2-a848-5819d8e5487e][A:train#dc2b5588-e6ae-491f-9dbe-c86448c1c269]submit result: TASK_ABORTED
[E:322ccddf-77d9-4c70-9184-899ae40ce24c][T:2023-10-14 17:37:34.116978][U:][A:train.abort]
[E:fc1a7930-0723-421a-a590-35a21b845ce5][T:2023-10-14 17:38:26.955120][U:admin@nvidia.com][A:train.deploy]
[E:29880abd-16b6-4dbf-9ff7-06d7c8343575][T:2023-10-14 17:38:26.979322][U:][A:train.start_job]
[E:52ce24b5-7a37-46dd-9a90-7f8384150153][R:90e8f274-a52b-49fc-8c22-db0bf97cbb28][T:2023-10-14 17:38:36.200843][J:cb2c1f14-3a6c-445c-b8a2-72b5238a556b][A:train#1d61daae-89c7-4bc3-aef6-c0abbe52cf4f]received task from server
[E:9eb88948-2ce4-4031-8b3f-9216a447d949][T:2023-10-14 17:38:36.201408][J:cb2c1f14-3a6c-445c-b8a2-72b5238a556b][A:train#1d61daae-89c7-4bc3-aef6-c0abbe52cf4f]invoked executor LearnerExecutor
[E:c40a206c-47e8-4c60-9196-c6737041616e][T:2023-10-14 17:39:07.212816][J:cb2c1f14-3a6c-445c-b8a2-72b5238a556b][A:train#1d61daae-89c7-4bc3-aef6-c0abbe52cf4f]applied filter: HEModelEncryptor@job on task_result
[E:c979f2dd-5243-4a21-9a94-9e40f0c8c0d0][R:90e8f274-a52b-49fc-8c22-db0bf97cbb28][T:2023-10-14 17:39:07.213015][J:cb2c1f14-3a6c-445c-b8a2-72b5238a556b][A:train#1d61daae-89c7-4bc3-aef6-c0abbe52cf4f]submit result OK
[E:0f42dac6-c928-4abd-9138-792ac5368fab][R:b15eb04f-70aa-4158-9084-a87a3ccdb837][T:2023-10-14 17:39:15.386665][J:cb2c1f14-3a6c-445c-b8a2-72b5238a556b][A:train#60e9523a-909c-4e17-83e5-3c50757d7557]received task from server
[E:4fb3d594-106a-4481-9dd9-b2c6ef388428][T:2023-10-14 17:39:15.854585][J:cb2c1f14-3a6c-445c-b8a2-72b5238a556b][A:train#60e9523a-909c-4e17-83e5-3c50757d7557]applied filter: HEModelDecryptor@job on task_data
[E:32b70c6b-c16a-4f7a-adeb-9b59912f9756][T:2023-10-14 17:39:15.854887][J:cb2c1f14-3a6c-445c-b8a2-72b5238a556b][A:train#60e9523a-909c-4e17-83e5-3c50757d7557]invoked executor LearnerExecutor
[E:3ff6e104-175d-490f-8a14-045d34447859][T:2023-10-14 17:39:37.808186][J:cb2c1f14-3a6c-445c-b8a2-72b5238a556b][A:train#60e9523a-909c-4e17-83e5-3c50757d7557]applied filter: HEModelEncryptor@job on task_result
[E:7b4b6c4a-adb0-4c1c-9ae3-3a4dcb833cb0][R:b15eb04f-70aa-4158-9084-a87a3ccdb837][T:2023-10-14 17:39:37.808374][J:cb2c1f14-3a6c-445c-b8a2-72b5238a556b][A:train#60e9523a-909c-4e17-83e5-3c50757d7557]submit result OK
[E:c4aaa8b7-ca3b-4e70-8dd4-d218cb887d85][R:76254683-3469-47f9-91f2-c734300d29c0][T:2023-10-14 17:39:46.138770][J:cb2c1f14-3a6c-445c-b8a2-72b5238a556b][A:train#75688b26-3879-4b37-ba74-42f58300eced]received task from server
[E:62a04e64-9521-44b0-8ea3-576944ba8f3c][T:2023-10-14 17:39:46.542998][J:cb2c1f14-3a6c-445c-b8a2-72b5238a556b][A:train#75688b26-3879-4b37-ba74-42f58300eced]applied filter: HEModelDecryptor@job on task_data
[E:7bbbbd9f-3b0f-4f45-b23b-836281c9eeee][T:2023-10-14 17:39:46.543281][J:cb2c1f14-3a6c-445c-b8a2-72b5238a556b][A:train#75688b26-3879-4b37-ba74-42f58300eced]invoked executor LearnerExecutor
[E:0c07dff7-1548-4000-a1d2-b3049bf310ef][T:2023-10-14 17:40:08.062213][J:cb2c1f14-3a6c-445c-b8a2-72b5238a556b][A:train#75688b26-3879-4b37-ba74-42f58300eced]applied filter: HEModelEncryptor@job on task_result
[E:d89d5aac-d25f-4aa2-ac76-cddfc07448e9][R:76254683-3469-47f9-91f2-c734300d29c0][T:2023-10-14 17:40:08.062403][J:cb2c1f14-3a6c-445c-b8a2-72b5238a556b][A:train#75688b26-3879-4b37-ba74-42f58300eced]submit result OK
[E:f3ed2254-9fa0-4d15-85f8-7c60e2a2dba9][R:6df889fa-e59e-4c9b-bcf9-41eb75f6012e][T:2023-10-14 17:40:16.326873][J:cb2c1f14-3a6c-445c-b8a2-72b5238a556b][A:train#8af98576-b783-42d6-aa1f-bf238103608c]received task from server
[E:4d380563-c268-4076-b021-ab5e8b9c6746][T:2023-10-14 17:40:16.737576][J:cb2c1f14-3a6c-445c-b8a2-72b5238a556b][A:train#8af98576-b783-42d6-aa1f-bf238103608c]applied filter: HEModelDecryptor@job on task_data
[E:75fdb689-a276-4496-ab92-4d1d71b29d55][T:2023-10-14 17:40:16.737851][J:cb2c1f14-3a6c-445c-b8a2-72b5238a556b][A:train#8af98576-b783-42d6-aa1f-bf238103608c]invoked executor LearnerExecutor
[E:d7ccb092-3071-4943-a417-40685bc26385][T:2023-10-14 17:40:38.861115][J:cb2c1f14-3a6c-445c-b8a2-72b5238a556b][A:train#8af98576-b783-42d6-aa1f-bf238103608c]applied filter: HEModelEncryptor@job on task_result
[E:d9cd9659-cf1a-4df9-9b3e-440dfbea2520][R:6df889fa-e59e-4c9b-bcf9-41eb75f6012e][T:2023-10-14 17:40:38.861458][J:cb2c1f14-3a6c-445c-b8a2-72b5238a556b][A:train#8af98576-b783-42d6-aa1f-bf238103608c]submit result OK
[E:8f1d9e12-0116-4cb7-8d9f-4b3794bd747b][R:9e4bb69e-3b77-4c0a-ac13-39eee207e740][T:2023-10-14 17:40:47.257774][J:cb2c1f14-3a6c-445c-b8a2-72b5238a556b][A:train#3ea16131-f05c-4780-bcc4-a6718654ac80]received task from server
[E:fcaf5a9f-92f1-4b9d-8d66-f7edb2ed94d8][T:2023-10-14 17:40:47.653043][J:cb2c1f14-3a6c-445c-b8a2-72b5238a556b][A:train#3ea16131-f05c-4780-bcc4-a6718654ac80]applied filter: HEModelDecryptor@job on task_data
[E:e510bb78-41fb-439a-be43-6cee68feee2b][T:2023-10-14 17:40:47.653278][J:cb2c1f14-3a6c-445c-b8a2-72b5238a556b][A:train#3ea16131-f05c-4780-bcc4-a6718654ac80]invoked executor LearnerExecutor
[E:9830df01-0850-49b0-b9cf-c86f703c6b35][T:2023-10-14 17:41:09.140722][J:cb2c1f14-3a6c-445c-b8a2-72b5238a556b][A:train#3ea16131-f05c-4780-bcc4-a6718654ac80]applied filter: HEModelEncryptor@job on task_result
[E:5a935f36-3214-4ff5-98e1-7fb5d809e8be][R:9e4bb69e-3b77-4c0a-ac13-39eee207e740][T:2023-10-14 17:41:09.140912][J:cb2c1f14-3a6c-445c-b8a2-72b5238a556b][A:train#3ea16131-f05c-4780-bcc4-a6718654ac80]submit result OK
[E:1caa5520-f7b5-4c51-92fe-f6eb77e3214b][R:ece4269a-3575-4e51-8634-11abbeeb1fce][T:2023-10-14 17:41:17.331794][J:cb2c1f14-3a6c-445c-b8a2-72b5238a556b][A:train#a321dbb4-d97d-49f8-9bed-740cc8af8c0a]received task from server
[E:9cf9e688-9a67-4dda-a3f8-af7ef79a5623][T:2023-10-14 17:41:17.730885][J:cb2c1f14-3a6c-445c-b8a2-72b5238a556b][A:train#a321dbb4-d97d-49f8-9bed-740cc8af8c0a]applied filter: HEModelDecryptor@job on task_data
[E:2dc89488-5dc6-48c6-a34a-2ccdbd0c0e38][T:2023-10-14 17:41:17.731168][J:cb2c1f14-3a6c-445c-b8a2-72b5238a556b][A:train#a321dbb4-d97d-49f8-9bed-740cc8af8c0a]invoked executor LearnerExecutor
[E:8343fa48-9af5-4b07-8232-793eaf626471][T:2023-10-14 17:41:39.185552][J:cb2c1f14-3a6c-445c-b8a2-72b5238a556b][A:train#a321dbb4-d97d-49f8-9bed-740cc8af8c0a]applied filter: HEModelEncryptor@job on task_result
[E:75d5ba6d-de03-4bad-9e82-e3e5966fef59][R:ece4269a-3575-4e51-8634-11abbeeb1fce][T:2023-10-14 17:41:39.185780][J:cb2c1f14-3a6c-445c-b8a2-72b5238a556b][A:train#a321dbb4-d97d-49f8-9bed-740cc8af8c0a]submit result OK
[E:993d16d9-a080-4bf9-9a8c-fa6d2828d918][R:e91b7d47-adc3-4849-9deb-dcff49f1aacd][T:2023-10-14 17:41:47.586730][J:cb2c1f14-3a6c-445c-b8a2-72b5238a556b][A:train#d2ff8f1c-398f-4b8c-9ad6-e0bda448712f]received task from server
[E:9615611f-0e61-4094-a37e-12a0e6bf18ed][T:2023-10-14 17:41:47.980334][J:cb2c1f14-3a6c-445c-b8a2-72b5238a556b][A:train#d2ff8f1c-398f-4b8c-9ad6-e0bda448712f]applied filter: HEModelDecryptor@job on task_data
[E:15cfff6d-c4fd-44bd-ad20-0ca077a972ad][T:2023-10-14 17:41:47.980641][J:cb2c1f14-3a6c-445c-b8a2-72b5238a556b][A:train#d2ff8f1c-398f-4b8c-9ad6-e0bda448712f]invoked executor LearnerExecutor
[E:c8dc09f2-2ce6-4fe9-805b-56ec9bc0c1b9][T:2023-10-14 17:42:09.445337][J:cb2c1f14-3a6c-445c-b8a2-72b5238a556b][A:train#d2ff8f1c-398f-4b8c-9ad6-e0bda448712f]applied filter: HEModelEncryptor@job on task_result
[E:1605bf1d-3512-4763-9d05-d05783b04457][R:e91b7d47-adc3-4849-9deb-dcff49f1aacd][T:2023-10-14 17:42:09.445528][J:cb2c1f14-3a6c-445c-b8a2-72b5238a556b][A:train#d2ff8f1c-398f-4b8c-9ad6-e0bda448712f]submit result OK
[E:42fba455-c267-472b-8ffb-2505f83ddfaf][R:be518089-655d-4622-8502-2dbaf1953329][T:2023-10-14 17:42:17.676252][J:cb2c1f14-3a6c-445c-b8a2-72b5238a556b][A:train#b1a94470-7e90-4afb-a7bf-297af8d93754]received task from server
[E:75aaf43e-be8b-4d61-92d9-e49ae5563726][T:2023-10-14 17:42:18.073907][J:cb2c1f14-3a6c-445c-b8a2-72b5238a556b][A:train#b1a94470-7e90-4afb-a7bf-297af8d93754]applied filter: HEModelDecryptor@job on task_data
[E:05755cfd-5aab-48e9-bf20-a5f4ca4ca0bc][T:2023-10-14 17:42:18.074131][J:cb2c1f14-3a6c-445c-b8a2-72b5238a556b][A:train#b1a94470-7e90-4afb-a7bf-297af8d93754]invoked executor LearnerExecutor
[E:2f2b5e4c-e1a8-4f5c-b9f9-34f8372af294][T:2023-10-14 17:42:39.500147][J:cb2c1f14-3a6c-445c-b8a2-72b5238a556b][A:train#b1a94470-7e90-4afb-a7bf-297af8d93754]applied filter: HEModelEncryptor@job on task_result
[E:d22f2ed1-f532-4bbc-bf11-fb15bf0c0973][R:be518089-655d-4622-8502-2dbaf1953329][T:2023-10-14 17:42:39.500329][J:cb2c1f14-3a6c-445c-b8a2-72b5238a556b][A:train#b1a94470-7e90-4afb-a7bf-297af8d93754]submit result OK
[E:ee67c8ca-a4d6-4140-ae70-af7cbaf7bf58][R:a3db2aa2-d13f-4b37-9d1e-9a3ae20b1da1][T:2023-10-14 17:42:47.802314][J:cb2c1f14-3a6c-445c-b8a2-72b5238a556b][A:train#44cc44a2-7611-4c42-9613-56d698a95270]received task from server
[E:7b55f878-73af-4601-a6d6-9a37750d2d5c][T:2023-10-14 17:42:48.199516][J:cb2c1f14-3a6c-445c-b8a2-72b5238a556b][A:train#44cc44a2-7611-4c42-9613-56d698a95270]applied filter: HEModelDecryptor@job on task_data
[E:b4908f5a-0a06-4d31-915c-2232a0885b56][T:2023-10-14 17:42:48.199780][J:cb2c1f14-3a6c-445c-b8a2-72b5238a556b][A:train#44cc44a2-7611-4c42-9613-56d698a95270]invoked executor LearnerExecutor
[E:a8c50d1e-846d-4a5d-8f21-84924e04f570][T:2023-10-14 17:43:09.622727][J:cb2c1f14-3a6c-445c-b8a2-72b5238a556b][A:train#44cc44a2-7611-4c42-9613-56d698a95270]applied filter: HEModelEncryptor@job on task_result
[E:fa368eae-107f-4db4-94cf-5a5f95b07f3f][R:a3db2aa2-d13f-4b37-9d1e-9a3ae20b1da1][T:2023-10-14 17:43:09.622981][J:cb2c1f14-3a6c-445c-b8a2-72b5238a556b][A:train#44cc44a2-7611-4c42-9613-56d698a95270]submit result OK
[E:cc2a3b98-189e-49e9-b150-9210bb18150d][R:545543ba-5751-4ba6-b311-454ad038748d][T:2023-10-14 17:43:17.882304][J:cb2c1f14-3a6c-445c-b8a2-72b5238a556b][A:train#0561341f-b146-4152-bf82-df8cfa2d1420]received task from server
[E:f0475f80-b524-4761-8e3d-ee13b17b3b21][T:2023-10-14 17:43:18.283385][J:cb2c1f14-3a6c-445c-b8a2-72b5238a556b][A:train#0561341f-b146-4152-bf82-df8cfa2d1420]applied filter: HEModelDecryptor@job on task_data
[E:568ecd26-9b5d-407a-b7d1-1ba0f89e1428][T:2023-10-14 17:43:18.283651][J:cb2c1f14-3a6c-445c-b8a2-72b5238a556b][A:train#0561341f-b146-4152-bf82-df8cfa2d1420]invoked executor LearnerExecutor
[E:7547ee13-2e64-4c1a-be4d-da2db18a0814][T:2023-10-14 17:43:39.605817][J:cb2c1f14-3a6c-445c-b8a2-72b5238a556b][A:train#0561341f-b146-4152-bf82-df8cfa2d1420]applied filter: HEModelEncryptor@job on task_result
[E:b3925ad4-ae96-40aa-9235-bd15ac5f8dcc][R:545543ba-5751-4ba6-b311-454ad038748d][T:2023-10-14 17:43:39.606002][J:cb2c1f14-3a6c-445c-b8a2-72b5238a556b][A:train#0561341f-b146-4152-bf82-df8cfa2d1420]submit result OK
[E:e777697f-1666-446f-94db-bb647d813321][R:62b9ceec-4f3e-448f-ac91-3a7671b20c7b][T:2023-10-14 17:43:48.260860][J:cb2c1f14-3a6c-445c-b8a2-72b5238a556b][A:submit_model#2b4594d2-97bb-4a12-b60b-9de8158ed8db]received task from server
[E:93174b02-0af0-4ba0-a05e-3af90a13b1b3][T:2023-10-14 17:43:48.261322][J:cb2c1f14-3a6c-445c-b8a2-72b5238a556b][A:submit_model#2b4594d2-97bb-4a12-b60b-9de8158ed8db]invoked executor LearnerExecutor
[E:dc2f1ccf-8df5-4df4-8473-c27dee73a846][T:2023-10-14 17:43:49.673177][J:cb2c1f14-3a6c-445c-b8a2-72b5238a556b][A:submit_model#2b4594d2-97bb-4a12-b60b-9de8158ed8db]applied filter: HEModelEncryptor@job on task_result
[E:14d6b534-965d-4ce3-b71a-b2f54e3040a1][R:62b9ceec-4f3e-448f-ac91-3a7671b20c7b][T:2023-10-14 17:43:49.673357][J:cb2c1f14-3a6c-445c-b8a2-72b5238a556b][A:submit_model#2b4594d2-97bb-4a12-b60b-9de8158ed8db]submit result OK
[E:432ad040-9e29-4e8f-a98d-e816be98e4de][R:99f10ab6-8b1e-4913-8747-b042b690fb92][T:2023-10-14 17:43:56.637494][J:cb2c1f14-3a6c-445c-b8a2-72b5238a556b][A:validate#6d20e14d-62d9-49ea-a639-de781505f1ef]received task from server
[E:17127cf6-08c0-491b-8f31-c01bb32f8c60][T:2023-10-14 17:43:57.045583][J:cb2c1f14-3a6c-445c-b8a2-72b5238a556b][A:validate#6d20e14d-62d9-49ea-a639-de781505f1ef]applied filter: HEModelDecryptor@job on task_data
[E:947f19de-a02a-4f4d-a548-2319241c57cb][T:2023-10-14 17:43:57.045827][J:cb2c1f14-3a6c-445c-b8a2-72b5238a556b][A:validate#6d20e14d-62d9-49ea-a639-de781505f1ef]invoked executor LearnerExecutor
[E:41e7f914-7d79-4dae-949a-2ec2117b2bc0][R:99f10ab6-8b1e-4913-8747-b042b690fb92][T:2023-10-14 17:44:02.901367][J:cb2c1f14-3a6c-445c-b8a2-72b5238a556b][A:validate#6d20e14d-62d9-49ea-a639-de781505f1ef]submit result OK
[E:85c164c4-308f-4b52-8d46-b44a0140fccb][R:3c594c02-52b0-485c-949e-e8c25d746fe6][T:2023-10-14 17:44:06.705432][J:cb2c1f14-3a6c-445c-b8a2-72b5238a556b][A:validate#519e0b9c-4d3a-4492-b96d-35bac9d698fe]received task from server
[E:37618137-c2fd-4885-b90c-ac388cea20a0][T:2023-10-14 17:44:07.108982][J:cb2c1f14-3a6c-445c-b8a2-72b5238a556b][A:validate#519e0b9c-4d3a-4492-b96d-35bac9d698fe]applied filter: HEModelDecryptor@job on task_data
[E:b7c03596-d2f1-495a-8971-368818fd0d56][T:2023-10-14 17:44:07.109206][J:cb2c1f14-3a6c-445c-b8a2-72b5238a556b][A:validate#519e0b9c-4d3a-4492-b96d-35bac9d698fe]invoked executor LearnerExecutor
[E:778f43c0-b494-479d-85b2-342316f15fad][R:3c594c02-52b0-485c-949e-e8c25d746fe6][T:2023-10-14 17:44:12.904431][J:cb2c1f14-3a6c-445c-b8a2-72b5238a556b][A:validate#519e0b9c-4d3a-4492-b96d-35bac9d698fe]submit result OK
[E:d90d31c4-72a3-449e-af78-abc71bfab89d][R:c1be73e8-fb83-4dff-928a-0bc9e397b26f][T:2023-10-14 17:44:16.947472][J:cb2c1f14-3a6c-445c-b8a2-72b5238a556b][A:validate#070b71cb-1c9d-43fa-a403-e554e0b547c3]received task from server
[E:1513f7c6-4ad3-4612-9d64-d92a361236f0][T:2023-10-14 17:44:17.865856][J:cb2c1f14-3a6c-445c-b8a2-72b5238a556b][A:validate#070b71cb-1c9d-43fa-a403-e554e0b547c3]applied filter: HEModelDecryptor@job on task_data
[E:d8abc501-99a9-46d3-9a95-6c32f5769f31][T:2023-10-14 17:44:17.866101][J:cb2c1f14-3a6c-445c-b8a2-72b5238a556b][A:validate#070b71cb-1c9d-43fa-a403-e554e0b547c3]invoked executor LearnerExecutor
[E:c54ce9ed-71a1-4eae-aea3-2398d13cd395][R:c1be73e8-fb83-4dff-928a-0bc9e397b26f][T:2023-10-14 17:44:23.896515][J:cb2c1f14-3a6c-445c-b8a2-72b5238a556b][A:validate#070b71cb-1c9d-43fa-a403-e554e0b547c3]submit result OK
[E:4b2c9757-7ee1-4ab8-a4f8-ccf6ba85c0e5][R:c3d0f2a9-ef61-4564-bbaa-9e1df9379648][T:2023-10-14 17:44:27.925684][J:cb2c1f14-3a6c-445c-b8a2-72b5238a556b][A:validate#c5297860-2543-48b0-8bd5-15f933db80e4]received task from server
[E:66a470ea-396c-4dc2-b205-658ac75c78b6][T:2023-10-14 17:44:28.825399][J:cb2c1f14-3a6c-445c-b8a2-72b5238a556b][A:validate#c5297860-2543-48b0-8bd5-15f933db80e4]applied filter: HEModelDecryptor@job on task_data
[E:ad359afe-8adb-4932-906a-2053dfcf106f][T:2023-10-14 17:44:28.825692][J:cb2c1f14-3a6c-445c-b8a2-72b5238a556b][A:validate#c5297860-2543-48b0-8bd5-15f933db80e4]invoked executor LearnerExecutor
[E:7aa01547-b697-432b-ace2-8e021041e4fc][R:c3d0f2a9-ef61-4564-bbaa-9e1df9379648][T:2023-10-14 17:44:34.888564][J:cb2c1f14-3a6c-445c-b8a2-72b5238a556b][A:validate#c5297860-2543-48b0-8bd5-15f933db80e4]submit result OK
[E:58fb7441-96f4-4c3d-9600-a8295f812961][R:5932d48a-fd73-4250-99b0-10479395d0ab][T:2023-10-15 14:34:41.848260][U:admin@nvidia.com][A:train.check_status]
[E:0a378479-d1ed-4d55-9527-c1e8fc319b1a][T:2023-10-15 14:35:07.405281][U:admin@nvidia.com][A:train.deploy]
[E:3ed2c006-22d5-49da-a4b6-eed6f77436d1][T:2023-10-15 14:35:07.432419][U:][A:train.start_job]
[E:703ba513-cdd3-436e-9ea9-d925001e5863][R:f586d0d0-bf8d-4605-baa6-de6202473c14][T:2023-10-15 14:35:10.716615][J:63fef373-d5d5-4a1c-8a1b-877da4317124][A:train#1fa95842-9a23-45ab-9123-b620b89a4445]received task from server
[E:57a3d5ef-c70d-477a-9ee8-f0088158dfa9][T:2023-10-15 14:35:10.717141][J:63fef373-d5d5-4a1c-8a1b-877da4317124][A:train#1fa95842-9a23-45ab-9123-b620b89a4445]invoked executor LearnerExecutor
[E:23f93e7c-b681-42b7-9d00-5237234aeae5][R:f586d0d0-bf8d-4605-baa6-de6202473c14][T:2023-10-15 14:35:12.699612][J:63fef373-d5d5-4a1c-8a1b-877da4317124][A:train#1fa95842-9a23-45ab-9123-b620b89a4445]submit result: TASK_ABORTED
[E:b94d5e20-7acd-4a56-9141-4b333ede4b26][T:2023-10-15 14:35:18.321501][U:][A:train.abort]
[E:c4c416da-b6f5-487b-9130-0fbeeef39a56][T:2023-10-15 14:37:50.917331][U:admin@nvidia.com][A:train.deploy]
[E:7c77df7f-9453-4920-b8be-10de1a738380][T:2023-10-15 14:37:50.941841][U:][A:train.start_job]
[E:e4a8c4e7-0e65-4d8d-9515-4d61bafd86e8][R:7708f88e-54de-4890-bb84-b84e474c4149][T:2023-10-15 14:37:54.151422][J:9ee4291c-b6b6-41fb-9eb2-498df7eebf08][A:train#164543af-1607-4d73-8760-c0930113a07d]received task from server
[E:5d3682d2-a250-45de-a8c5-b0d65768eb26][T:2023-10-15 14:37:54.151969][J:9ee4291c-b6b6-41fb-9eb2-498df7eebf08][A:train#164543af-1607-4d73-8760-c0930113a07d]invoked executor LearnerExecutor
[E:7e9b0970-059e-4709-9e4c-210dbf0471c3][R:7708f88e-54de-4890-bb84-b84e474c4149][T:2023-10-15 14:37:55.322017][J:9ee4291c-b6b6-41fb-9eb2-498df7eebf08][A:train#164543af-1607-4d73-8760-c0930113a07d]submit result: TASK_ABORTED
[E:45974b2e-4d2d-420e-9ed6-1c35203b42a5][T:2023-10-15 14:37:59.519050][U:][A:train.abort]
[E:7a857729-f62b-47e5-8ce8-8ba7dd8079b4][T:2023-10-15 14:38:58.232093][U:admin@nvidia.com][A:train.deploy]
[E:36b5d0d4-3651-45d4-b635-18672579f99b][T:2023-10-15 14:38:58.258790][U:][A:train.start_job]
[E:13efc761-efd2-4415-8a9b-5a832067cbee][R:fcca2498-147a-4bcb-b415-580dd5d75fb0][T:2023-10-15 14:39:01.507628][J:1fa0354c-69a6-41d7-8093-81edc97c135d][A:train#e447b59c-caf3-43d1-9c95-c57a012263c4]received task from server
[E:5e870dff-bdd0-4c1b-98b5-9a24723cf6b3][T:2023-10-15 14:39:01.508159][J:1fa0354c-69a6-41d7-8093-81edc97c135d][A:train#e447b59c-caf3-43d1-9c95-c57a012263c4]invoked executor LearnerExecutor
[E:9ebb02d6-f1c3-41af-8d63-d8d51c9df171][R:fcca2498-147a-4bcb-b415-580dd5d75fb0][T:2023-10-15 14:39:02.668784][J:1fa0354c-69a6-41d7-8093-81edc97c135d][A:train#e447b59c-caf3-43d1-9c95-c57a012263c4]submit result: TASK_ABORTED
[E:ce9e8821-a788-4baa-ae01-a63001e9b7d8][T:2023-10-15 14:39:06.603615][U:][A:train.abort]
[E:43f73158-81e4-433f-83b6-7ec8c78d4277][T:2023-10-15 14:43:12.402062][U:admin@nvidia.com][A:train.deploy]
[E:d4f68861-0759-4e44-9b2e-d7bf28490f45][T:2023-10-15 14:43:12.425442][U:][A:train.start_job]
[E:70b5b081-afca-4a73-8233-0d9e114c32cd][R:a38f19be-3ebb-4763-b188-25a4c00a246e][T:2023-10-15 14:43:15.706129][J:200072d1-0c91-4a81-8efd-c4af0af26dea][A:train#d1511dc3-900e-416a-9549-32d3687ed2f9]received task from server
[E:3d39655a-9f00-4f53-9390-672038a41456][T:2023-10-15 14:43:15.706684][J:200072d1-0c91-4a81-8efd-c4af0af26dea][A:train#d1511dc3-900e-416a-9549-32d3687ed2f9]invoked executor LearnerExecutor
[E:4a988c43-d638-4784-9c70-354c33aaf544][R:a38f19be-3ebb-4763-b188-25a4c00a246e][T:2023-10-15 14:43:16.843820][J:200072d1-0c91-4a81-8efd-c4af0af26dea][A:train#d1511dc3-900e-416a-9549-32d3687ed2f9]submit result: TASK_ABORTED
[E:10016bca-1b5b-4139-a53d-f74d34f5bcd9][T:2023-10-15 14:43:20.891126][U:][A:train.abort]
[E:8881f394-9733-4e1b-a3e6-f68aa9526887][T:2023-10-15 14:44:46.927726][U:admin@nvidia.com][A:train.deploy]
[E:ae5e93d0-2849-4fda-a296-c4be923bc0cf][T:2023-10-15 14:44:46.953999][U:][A:train.start_job]
[E:c50b0ae0-4563-4fb7-9e4b-74e74ad53767][R:0c20b222-d5ef-45f9-85d1-f8606e79024b][T:2023-10-15 14:44:50.228873][J:9e922083-7234-4864-bc79-f2363c96e005][A:train#bc62a1eb-899f-4354-97f2-417696427e09]received task from server
[E:d77902bd-387c-4408-9e60-7752c7df11a5][T:2023-10-15 14:44:50.229578][J:9e922083-7234-4864-bc79-f2363c96e005][A:train#bc62a1eb-899f-4354-97f2-417696427e09]invoked executor LearnerExecutor
[E:2e76408a-1ed4-4bd5-ba5e-c701bed01b6b][R:0c20b222-d5ef-45f9-85d1-f8606e79024b][T:2023-10-15 14:44:51.363826][J:9e922083-7234-4864-bc79-f2363c96e005][A:train#bc62a1eb-899f-4354-97f2-417696427e09]submit result: TASK_ABORTED
[E:d4423a4a-5986-4b9b-a085-5b7938de8fd6][T:2023-10-15 14:44:55.000585][U:][A:train.abort]
[E:c1f6aa2f-ee6a-4e91-a494-0d7e24d33235][T:2023-10-15 14:50:27.047409][U:admin@nvidia.com][A:train.deploy]
[E:36c97df8-08a2-4829-80f9-3535402c257c][T:2023-10-15 14:50:27.073738][U:][A:train.start_job]
[E:79557be4-14f2-47bf-885b-7b26e4010e0a][R:0b9645aa-89e0-4d2a-a21d-17995a71a02d][T:2023-10-15 14:50:30.373222][J:5090f8ec-2b96-433a-9c4d-f25401ac1bea][A:train#70d4dffa-c8d7-45ec-b8c3-5cb4223e9bc4]received task from server
[E:59512730-d521-44c2-a24c-65270285f5e6][T:2023-10-15 14:50:30.373794][J:5090f8ec-2b96-433a-9c4d-f25401ac1bea][A:train#70d4dffa-c8d7-45ec-b8c3-5cb4223e9bc4]invoked executor LearnerExecutor
[E:334ba764-01e1-4081-ac8e-61856c98235a][R:0b9645aa-89e0-4d2a-a21d-17995a71a02d][T:2023-10-15 14:50:31.539532][J:5090f8ec-2b96-433a-9c4d-f25401ac1bea][A:train#70d4dffa-c8d7-45ec-b8c3-5cb4223e9bc4]submit result: TASK_ABORTED
[E:45a21808-df6a-42f1-8526-41a54f3698f7][T:2023-10-15 14:50:35.383883][U:][A:train.abort]
[E:406a3e25-07f3-4b3d-80fb-5635fe152f04][T:2023-10-15 14:52:30.888408][U:admin@nvidia.com][A:train.deploy]
[E:207c5ca0-ffd2-4d48-9f9f-dffcc7b6d20e][T:2023-10-15 14:52:30.912292][U:][A:train.start_job]
[E:d58a56d6-bd9c-4c62-87eb-ead3bacbe7fd][R:1fd691df-dd30-415a-9d22-a94168a13fb1][T:2023-10-15 14:52:34.177745][J:ea63928a-4e9d-48e1-adf4-dc2f676b73d4][A:train#2ba1d50d-30f4-4a42-9a1f-4e458a10ae8b]received task from server
[E:a6d54547-d3b3-409a-9b27-eab9cbfdb39e][T:2023-10-15 14:52:34.178264][J:ea63928a-4e9d-48e1-adf4-dc2f676b73d4][A:train#2ba1d50d-30f4-4a42-9a1f-4e458a10ae8b]invoked executor LearnerExecutor
[E:492d8830-d420-4c12-8d8b-af6dac1efff6][R:1fd691df-dd30-415a-9d22-a94168a13fb1][T:2023-10-15 14:52:35.317500][J:ea63928a-4e9d-48e1-adf4-dc2f676b73d4][A:train#2ba1d50d-30f4-4a42-9a1f-4e458a10ae8b]submit result: TASK_ABORTED
[E:697df3b1-716c-4833-bd10-8debfcb82538][T:2023-10-15 14:52:39.527003][U:][A:train.abort]
[E:057a4de7-add6-4d4f-8f1d-a81cdf32e38f][T:2023-10-15 14:52:55.111005][U:admin@nvidia.com][A:train.deploy]
[E:3b829e5d-112d-427f-a788-b1435d31f8aa][T:2023-10-15 14:52:55.137905][U:][A:train.start_job]
[E:5712ad65-9fdb-4a5a-bc77-13fe941bbb32][R:34b9c59d-daea-4db3-9eb3-94233e756ba7][T:2023-10-15 14:52:58.391057][J:2a535122-7fbc-4fe2-bd6e-8f9d547afa2d][A:train#474bc4a3-9934-489d-ab0a-d542c0183903]received task from server
[E:45def754-3a21-4b6d-b695-535f421aa942][T:2023-10-15 14:52:58.391636][J:2a535122-7fbc-4fe2-bd6e-8f9d547afa2d][A:train#474bc4a3-9934-489d-ab0a-d542c0183903]invoked executor LearnerExecutor
[E:4f02374c-4cdb-4955-acaa-52e0072de0fa][R:34b9c59d-daea-4db3-9eb3-94233e756ba7][T:2023-10-15 14:52:59.540074][J:2a535122-7fbc-4fe2-bd6e-8f9d547afa2d][A:train#474bc4a3-9934-489d-ab0a-d542c0183903]submit result: TASK_ABORTED
[E:a0192ee5-2ef4-44dd-95e6-58fad0b2927d][T:2023-10-15 14:53:03.564407][U:][A:train.abort]
[E:40c399ef-d65c-4685-87af-bc9d2fb003ad][T:2023-10-15 14:56:23.609600][U:admin@nvidia.com][A:train.deploy]
[E:f88a3db8-7d94-4848-baca-7a91f628292c][T:2023-10-15 14:56:23.635017][U:][A:train.start_job]
[E:1106555a-d6ce-429e-90ae-c1546d7a5275][R:7c23e305-8174-4b7c-ae52-5627be74506c][T:2023-10-15 14:56:38.885230][J:91831b5b-1f96-4952-b681-fb99c5726bac][A:train#4fd64e70-0c7e-4e6b-bea1-863f2e9185b1]received task from server
[E:eeffb232-009c-4999-ab3b-a2d22ef7f12f][T:2023-10-15 14:56:38.885760][J:91831b5b-1f96-4952-b681-fb99c5726bac][A:train#4fd64e70-0c7e-4e6b-bea1-863f2e9185b1]invoked executor LearnerExecutor
[E:6464347e-3466-44b6-84d7-e9f3df60f33f][T:2023-10-15 14:57:16.981548][J:91831b5b-1f96-4952-b681-fb99c5726bac][A:train#4fd64e70-0c7e-4e6b-bea1-863f2e9185b1]applied filter: HEModelEncryptor@job on task_result
[E:884792ba-715c-4756-9301-8fcf16bf8c3f][R:7c23e305-8174-4b7c-ae52-5627be74506c][T:2023-10-15 14:57:16.981808][J:91831b5b-1f96-4952-b681-fb99c5726bac][A:train#4fd64e70-0c7e-4e6b-bea1-863f2e9185b1]submit result OK
[E:a9ac8e19-d4c6-4b0e-9b69-72e8a63711a0][R:9e6ba8f6-7746-4c97-9764-30733cb7fa88][T:2023-10-15 14:57:25.372327][J:91831b5b-1f96-4952-b681-fb99c5726bac][A:train#d26fb2a7-c85a-47ce-83f3-bc9de140cc43]received task from server
[E:d333ff47-232f-4367-a2fc-73f7923eb361][T:2023-10-15 14:57:25.792157][J:91831b5b-1f96-4952-b681-fb99c5726bac][A:train#d26fb2a7-c85a-47ce-83f3-bc9de140cc43]applied filter: HEModelDecryptor@job on task_data
[E:2001b24f-6948-4778-b9d2-ad8b08957a65][T:2023-10-15 14:57:25.792415][J:91831b5b-1f96-4952-b681-fb99c5726bac][A:train#d26fb2a7-c85a-47ce-83f3-bc9de140cc43]invoked executor LearnerExecutor
[E:ccab250f-764b-4e46-827c-19c7c3e54a8e][T:2023-10-15 14:57:47.125814][J:91831b5b-1f96-4952-b681-fb99c5726bac][A:train#d26fb2a7-c85a-47ce-83f3-bc9de140cc43]applied filter: HEModelEncryptor@job on task_result
[E:ce034349-f96c-4487-89d4-d5d6949c06bc][R:9e6ba8f6-7746-4c97-9764-30733cb7fa88][T:2023-10-15 14:57:47.126227][J:91831b5b-1f96-4952-b681-fb99c5726bac][A:train#d26fb2a7-c85a-47ce-83f3-bc9de140cc43]submit result OK
[E:033e9a75-f171-46b2-abf3-48497e9b0f7a][R:73899d86-f4bd-4b2c-be79-a71f89b1fbe2][T:2023-10-15 14:57:55.541271][J:91831b5b-1f96-4952-b681-fb99c5726bac][A:train#e729fec5-ece0-49e3-b3bb-c86c0108041d]received task from server
[E:240c083f-23b0-455d-9c83-012155d5634e][T:2023-10-15 14:57:55.937860][J:91831b5b-1f96-4952-b681-fb99c5726bac][A:train#e729fec5-ece0-49e3-b3bb-c86c0108041d]applied filter: HEModelDecryptor@job on task_data
[E:5cc46f13-fafe-45e5-8b88-9b3fe989d3f5][T:2023-10-15 14:57:55.938117][J:91831b5b-1f96-4952-b681-fb99c5726bac][A:train#e729fec5-ece0-49e3-b3bb-c86c0108041d]invoked executor LearnerExecutor
[E:d5dba371-6350-4043-a9d1-f13b41e62dae][T:2023-10-15 14:58:17.464836][J:91831b5b-1f96-4952-b681-fb99c5726bac][A:train#e729fec5-ece0-49e3-b3bb-c86c0108041d]applied filter: HEModelEncryptor@job on task_result
[E:b25a45a1-435b-4ed6-b7b1-32a2c60fb1cd][R:73899d86-f4bd-4b2c-be79-a71f89b1fbe2][T:2023-10-15 14:58:17.465044][J:91831b5b-1f96-4952-b681-fb99c5726bac][A:train#e729fec5-ece0-49e3-b3bb-c86c0108041d]submit result OK
[E:6bd2f4ad-2328-4ff9-864f-9a829c8d982b][R:132ee878-70c3-4802-9951-0cd815a1d163][T:2023-10-15 14:58:26.062675][J:91831b5b-1f96-4952-b681-fb99c5726bac][A:train#822f22b8-0d46-43b7-b888-6ec54ede5ac5]received task from server
[E:048d233f-59cb-457b-8a42-9822e474f930][T:2023-10-15 14:58:26.450671][J:91831b5b-1f96-4952-b681-fb99c5726bac][A:train#822f22b8-0d46-43b7-b888-6ec54ede5ac5]applied filter: HEModelDecryptor@job on task_data
[E:fd599f92-d4da-4693-9d38-5614812e9d7e][T:2023-10-15 14:58:26.450898][J:91831b5b-1f96-4952-b681-fb99c5726bac][A:train#822f22b8-0d46-43b7-b888-6ec54ede5ac5]invoked executor LearnerExecutor
[E:0157c3d2-a42b-4d98-976e-bbc6fce05296][T:2023-10-15 14:58:48.109344][J:91831b5b-1f96-4952-b681-fb99c5726bac][A:train#822f22b8-0d46-43b7-b888-6ec54ede5ac5]applied filter: HEModelEncryptor@job on task_result
[E:fc7d947f-931c-4000-9a77-5cc277c8de32][R:132ee878-70c3-4802-9951-0cd815a1d163][T:2023-10-15 14:58:48.109528][J:91831b5b-1f96-4952-b681-fb99c5726bac][A:train#822f22b8-0d46-43b7-b888-6ec54ede5ac5]submit result OK
[E:cb1e697a-55ad-4505-bf07-888d6f11e196][R:3bff2b43-7ab1-4ca3-a897-6ff60f375099][T:2023-10-15 14:58:56.403866][J:91831b5b-1f96-4952-b681-fb99c5726bac][A:train#0e3c20fa-321f-43ac-93dc-75fe4ea86d14]received task from server
[E:c7dd3c19-80d1-44ab-94f1-37a558d4ea79][T:2023-10-15 14:58:56.813609][J:91831b5b-1f96-4952-b681-fb99c5726bac][A:train#0e3c20fa-321f-43ac-93dc-75fe4ea86d14]applied filter: HEModelDecryptor@job on task_data
[E:446907e4-ff77-4778-8bd8-1a215c9abba8][T:2023-10-15 14:58:56.813867][J:91831b5b-1f96-4952-b681-fb99c5726bac][A:train#0e3c20fa-321f-43ac-93dc-75fe4ea86d14]invoked executor LearnerExecutor
[E:e251c9ce-64ec-432c-8238-f00ca0c704e7][T:2023-10-15 14:59:18.629529][J:91831b5b-1f96-4952-b681-fb99c5726bac][A:train#0e3c20fa-321f-43ac-93dc-75fe4ea86d14]applied filter: HEModelEncryptor@job on task_result
[E:9508cf1a-09cf-41bc-b14b-b9bb1f8ef563][R:3bff2b43-7ab1-4ca3-a897-6ff60f375099][T:2023-10-15 14:59:18.629730][J:91831b5b-1f96-4952-b681-fb99c5726bac][A:train#0e3c20fa-321f-43ac-93dc-75fe4ea86d14]submit result OK
[E:a7a6fa6b-e1d4-4316-871f-d3801c94a8d1][R:672c8ccb-9b97-4754-91f7-ce770a1e9713][T:2023-10-15 14:59:26.958254][J:91831b5b-1f96-4952-b681-fb99c5726bac][A:train#a5e0b748-7459-40a9-8bd4-b1fbfdb0ddd3]received task from server
[E:9610cc0d-bcb3-4d41-89cb-22cdf407ef4d][T:2023-10-15 14:59:27.352861][J:91831b5b-1f96-4952-b681-fb99c5726bac][A:train#a5e0b748-7459-40a9-8bd4-b1fbfdb0ddd3]applied filter: HEModelDecryptor@job on task_data
[E:f8846233-0c94-4077-a66e-dd059b4dc903][T:2023-10-15 14:59:27.353121][J:91831b5b-1f96-4952-b681-fb99c5726bac][A:train#a5e0b748-7459-40a9-8bd4-b1fbfdb0ddd3]invoked executor LearnerExecutor
[E:09813ea1-3149-4280-a33f-bf1bdd3c8bcc][T:2023-10-15 14:59:49.310445][J:91831b5b-1f96-4952-b681-fb99c5726bac][A:train#a5e0b748-7459-40a9-8bd4-b1fbfdb0ddd3]applied filter: HEModelEncryptor@job on task_result
[E:3b0eb4dd-c934-4eb4-81c6-e4a81143c246][R:672c8ccb-9b97-4754-91f7-ce770a1e9713][T:2023-10-15 14:59:49.310627][J:91831b5b-1f96-4952-b681-fb99c5726bac][A:train#a5e0b748-7459-40a9-8bd4-b1fbfdb0ddd3]submit result OK
[E:031d5c96-2dd4-402f-9df8-3b59068b08cf][R:670760b5-b327-4168-b911-f0e9725aad4e][T:2023-10-15 14:59:57.546959][J:91831b5b-1f96-4952-b681-fb99c5726bac][A:train#97f67d08-84a2-4459-a6ec-dafb9d807870]received task from server
[E:a63afe23-ca8c-4dc0-9556-9f1426433c6a][T:2023-10-15 14:59:57.948434][J:91831b5b-1f96-4952-b681-fb99c5726bac][A:train#97f67d08-84a2-4459-a6ec-dafb9d807870]applied filter: HEModelDecryptor@job on task_data
[E:b7a948f7-c7ec-44c3-ab45-bd37e667d3e7][T:2023-10-15 14:59:57.948773][J:91831b5b-1f96-4952-b681-fb99c5726bac][A:train#97f67d08-84a2-4459-a6ec-dafb9d807870]invoked executor LearnerExecutor
[E:d365a682-21e4-4205-9b7c-892997822219][T:2023-10-15 15:00:20.143773][J:91831b5b-1f96-4952-b681-fb99c5726bac][A:train#97f67d08-84a2-4459-a6ec-dafb9d807870]applied filter: HEModelEncryptor@job on task_result
[E:107caaf6-4cbd-41a8-a0f1-365bde3d6c5e][R:670760b5-b327-4168-b911-f0e9725aad4e][T:2023-10-15 15:00:20.144082][J:91831b5b-1f96-4952-b681-fb99c5726bac][A:train#97f67d08-84a2-4459-a6ec-dafb9d807870]submit result OK
[E:e7aa5c01-1430-4004-a004-85932e9cb100][R:3e0b95a5-6d40-4885-98dd-955baa5e29a5][T:2023-10-15 15:00:28.763318][J:91831b5b-1f96-4952-b681-fb99c5726bac][A:train#2ea2f9cc-4e22-4c0c-b96c-f332bb2f3a48]received task from server
[E:d53cbd67-fa90-4248-aff1-db68502a9b9d][T:2023-10-15 15:00:29.164087][J:91831b5b-1f96-4952-b681-fb99c5726bac][A:train#2ea2f9cc-4e22-4c0c-b96c-f332bb2f3a48]applied filter: HEModelDecryptor@job on task_data
[E:23d76cf3-898f-4aaa-827d-542c5222d5cc][T:2023-10-15 15:00:29.164411][J:91831b5b-1f96-4952-b681-fb99c5726bac][A:train#2ea2f9cc-4e22-4c0c-b96c-f332bb2f3a48]invoked executor LearnerExecutor
[E:0d05d770-4065-4213-b3d9-d99382747d08][T:2023-10-15 15:00:51.585837][J:91831b5b-1f96-4952-b681-fb99c5726bac][A:train#2ea2f9cc-4e22-4c0c-b96c-f332bb2f3a48]applied filter: HEModelEncryptor@job on task_result
[E:c7a87628-38cf-4a4f-aa74-85bbe4753915][R:3e0b95a5-6d40-4885-98dd-955baa5e29a5][T:2023-10-15 15:00:51.586111][J:91831b5b-1f96-4952-b681-fb99c5726bac][A:train#2ea2f9cc-4e22-4c0c-b96c-f332bb2f3a48]submit result OK
[E:230ccf61-d958-4f72-b7d9-83f49f61419c][R:c62cad2a-b023-4eda-821d-fec3d9326ee8][T:2023-10-15 15:01:00.468287][J:91831b5b-1f96-4952-b681-fb99c5726bac][A:train#195f1f0c-4f76-49eb-a7bc-e31be9d10baa]received task from server
[E:71b0ef7b-ae23-475a-85d6-1afcb4497857][T:2023-10-15 15:01:00.866572][J:91831b5b-1f96-4952-b681-fb99c5726bac][A:train#195f1f0c-4f76-49eb-a7bc-e31be9d10baa]applied filter: HEModelDecryptor@job on task_data
[E:ea650c09-19ef-4552-80bb-f4de4ef7b911][T:2023-10-15 15:01:00.866863][J:91831b5b-1f96-4952-b681-fb99c5726bac][A:train#195f1f0c-4f76-49eb-a7bc-e31be9d10baa]invoked executor LearnerExecutor
[E:a5d9a19e-6296-4775-ba14-445ca13ed7c7][T:2023-10-15 15:01:22.200999][J:91831b5b-1f96-4952-b681-fb99c5726bac][A:train#195f1f0c-4f76-49eb-a7bc-e31be9d10baa]applied filter: HEModelEncryptor@job on task_result
[E:1fa762b0-0e36-482c-a528-3f16e5bb34c4][R:c62cad2a-b023-4eda-821d-fec3d9326ee8][T:2023-10-15 15:01:22.201224][J:91831b5b-1f96-4952-b681-fb99c5726bac][A:train#195f1f0c-4f76-49eb-a7bc-e31be9d10baa]submit result OK
[E:9bd4cd9c-386b-42fe-b348-b75ea712fc50][R:dabbd571-606d-4847-9072-5de43c17179f][T:2023-10-15 15:01:30.556099][J:91831b5b-1f96-4952-b681-fb99c5726bac][A:train#40a08082-8f6b-4ba6-aa5f-010a9dc4042d]received task from server
[E:0f239b95-7d2b-46c5-add0-adaf3f1121cd][T:2023-10-15 15:01:30.954550][J:91831b5b-1f96-4952-b681-fb99c5726bac][A:train#40a08082-8f6b-4ba6-aa5f-010a9dc4042d]applied filter: HEModelDecryptor@job on task_data
[E:6112f71e-3daf-48d1-866c-831085e36936][T:2023-10-15 15:01:30.954893][J:91831b5b-1f96-4952-b681-fb99c5726bac][A:train#40a08082-8f6b-4ba6-aa5f-010a9dc4042d]invoked executor LearnerExecutor
[E:d0f011e1-ffd8-4f0d-9b49-d74501b08595][T:2023-10-15 15:01:53.072327][J:91831b5b-1f96-4952-b681-fb99c5726bac][A:train#40a08082-8f6b-4ba6-aa5f-010a9dc4042d]applied filter: HEModelEncryptor@job on task_result
[E:61cf0aa3-81b4-43e0-a9c5-90bed171da5e][R:dabbd571-606d-4847-9072-5de43c17179f][T:2023-10-15 15:01:53.072575][J:91831b5b-1f96-4952-b681-fb99c5726bac][A:train#40a08082-8f6b-4ba6-aa5f-010a9dc4042d]submit result OK
[E:d63db33e-50ec-46f6-a5fc-8726f5393659][R:96e14565-e54f-4fc6-a0dd-0548b10cfd42][T:2023-10-15 15:02:01.507173][J:91831b5b-1f96-4952-b681-fb99c5726bac][A:train#54f026eb-6743-4647-a82b-10537484d3ab]received task from server
[E:cda1c3cb-51f2-475d-b013-6d6d6256806a][T:2023-10-15 15:02:01.900034][J:91831b5b-1f96-4952-b681-fb99c5726bac][A:train#54f026eb-6743-4647-a82b-10537484d3ab]applied filter: HEModelDecryptor@job on task_data
[E:d84c5f1f-619b-4bc3-82f7-6f0c4c66bb7d][T:2023-10-15 15:02:01.900302][J:91831b5b-1f96-4952-b681-fb99c5726bac][A:train#54f026eb-6743-4647-a82b-10537484d3ab]invoked executor LearnerExecutor
[E:3d809d64-5e05-49f3-8e54-29a9924df6a0][T:2023-10-15 15:02:23.697235][J:91831b5b-1f96-4952-b681-fb99c5726bac][A:train#54f026eb-6743-4647-a82b-10537484d3ab]applied filter: HEModelEncryptor@job on task_result
[E:6a06484c-4135-4b33-b9e6-f3c64c9fa292][R:96e14565-e54f-4fc6-a0dd-0548b10cfd42][T:2023-10-15 15:02:23.697417][J:91831b5b-1f96-4952-b681-fb99c5726bac][A:train#54f026eb-6743-4647-a82b-10537484d3ab]submit result OK
[E:fc4d5236-79cf-4d18-ae82-e9769ff4d3e4][R:6c5b0c60-3eb3-4ddc-b480-4620496d9f7f][T:2023-10-15 15:02:33.115709][J:91831b5b-1f96-4952-b681-fb99c5726bac][A:train#9eb1139c-5f52-4be2-9f86-6bc3b9c6f858]received task from server
[E:d04be683-ffa8-4266-a92c-bade762992e4][T:2023-10-15 15:02:33.509389][J:91831b5b-1f96-4952-b681-fb99c5726bac][A:train#9eb1139c-5f52-4be2-9f86-6bc3b9c6f858]applied filter: HEModelDecryptor@job on task_data
[E:e8c61b57-4fcc-4f85-8be4-9216f083b2bf][T:2023-10-15 15:02:33.509616][J:91831b5b-1f96-4952-b681-fb99c5726bac][A:train#9eb1139c-5f52-4be2-9f86-6bc3b9c6f858]invoked executor LearnerExecutor
[E:bfb917b9-1598-4c84-b2cf-91ca457626c8][T:2023-10-15 15:02:55.153021][J:91831b5b-1f96-4952-b681-fb99c5726bac][A:train#9eb1139c-5f52-4be2-9f86-6bc3b9c6f858]applied filter: HEModelEncryptor@job on task_result
[E:54f5a87b-1306-40c4-bf20-ff6c923106ea][R:6c5b0c60-3eb3-4ddc-b480-4620496d9f7f][T:2023-10-15 15:02:55.153207][J:91831b5b-1f96-4952-b681-fb99c5726bac][A:train#9eb1139c-5f52-4be2-9f86-6bc3b9c6f858]submit result OK
[E:7dab36d2-7b6c-491b-8175-b9d1eab96766][R:c9d97028-67e0-42b3-b14b-2a2f18e66f69][T:2023-10-15 15:03:04.000171][J:91831b5b-1f96-4952-b681-fb99c5726bac][A:train#c89120c4-5fd7-4555-9e9c-ffd5b1be5538]received task from server
[E:3cd9f55b-d26e-4037-8423-721f65f36b44][T:2023-10-15 15:03:04.406815][J:91831b5b-1f96-4952-b681-fb99c5726bac][A:train#c89120c4-5fd7-4555-9e9c-ffd5b1be5538]applied filter: HEModelDecryptor@job on task_data
[E:7167d26c-607f-4842-a3b8-e683b3b685a3][T:2023-10-15 15:03:04.407109][J:91831b5b-1f96-4952-b681-fb99c5726bac][A:train#c89120c4-5fd7-4555-9e9c-ffd5b1be5538]invoked executor LearnerExecutor
[E:a1fb5db4-dda7-41c8-b767-20ac493f9270][T:2023-10-15 15:03:26.565956][J:91831b5b-1f96-4952-b681-fb99c5726bac][A:train#c89120c4-5fd7-4555-9e9c-ffd5b1be5538]applied filter: HEModelEncryptor@job on task_result
[E:3ddc17cc-7c56-4176-811c-d12282e5a89e][R:c9d97028-67e0-42b3-b14b-2a2f18e66f69][T:2023-10-15 15:03:26.566150][J:91831b5b-1f96-4952-b681-fb99c5726bac][A:train#c89120c4-5fd7-4555-9e9c-ffd5b1be5538]submit result OK
[E:0bcc3a8e-62cd-419b-a40e-02f87dc6b0ed][R:04d1d5c0-656e-4abe-8665-9e8fd6ecdc33][T:2023-10-15 15:03:35.024550][J:91831b5b-1f96-4952-b681-fb99c5726bac][A:train#68244881-336d-4d49-aa29-3a5cae971436]received task from server
[E:0f4e9dd3-2f5e-4651-948a-28a200edfe5e][T:2023-10-15 15:03:35.432170][J:91831b5b-1f96-4952-b681-fb99c5726bac][A:train#68244881-336d-4d49-aa29-3a5cae971436]applied filter: HEModelDecryptor@job on task_data
[E:f5dcfed6-465b-4699-bff5-36b10b51887d][T:2023-10-15 15:03:35.432441][J:91831b5b-1f96-4952-b681-fb99c5726bac][A:train#68244881-336d-4d49-aa29-3a5cae971436]invoked executor LearnerExecutor
[E:010e245b-7220-42e5-a0de-7dd0815a57c3][T:2023-10-15 15:03:57.460366][J:91831b5b-1f96-4952-b681-fb99c5726bac][A:train#68244881-336d-4d49-aa29-3a5cae971436]applied filter: HEModelEncryptor@job on task_result
[E:a30e317d-900b-4a9c-a597-a60cf63f5857][R:04d1d5c0-656e-4abe-8665-9e8fd6ecdc33][T:2023-10-15 15:03:57.460561][J:91831b5b-1f96-4952-b681-fb99c5726bac][A:train#68244881-336d-4d49-aa29-3a5cae971436]submit result OK
[E:ef3bee17-6b6f-4190-ad66-86cb627c89fd][R:42dc814b-8091-451a-84f8-d8d81a330d89][T:2023-10-15 15:04:05.827388][J:91831b5b-1f96-4952-b681-fb99c5726bac][A:train#eb2f5ea7-e1a4-4049-ae93-fed604ad1849]received task from server
[E:5b43cdd5-e9e3-4770-8ea6-61447e0a0d68][T:2023-10-15 15:04:06.221859][J:91831b5b-1f96-4952-b681-fb99c5726bac][A:train#eb2f5ea7-e1a4-4049-ae93-fed604ad1849]applied filter: HEModelDecryptor@job on task_data
[E:4f634b7a-0a5e-4d7c-85e6-476693059cf1][T:2023-10-15 15:04:06.222137][J:91831b5b-1f96-4952-b681-fb99c5726bac][A:train#eb2f5ea7-e1a4-4049-ae93-fed604ad1849]invoked executor LearnerExecutor
[E:7017f604-b6b8-46c6-b15a-3e273bbab2d1][T:2023-10-15 15:04:28.005046][J:91831b5b-1f96-4952-b681-fb99c5726bac][A:train#eb2f5ea7-e1a4-4049-ae93-fed604ad1849]applied filter: HEModelEncryptor@job on task_result
[E:d49e8c12-e8bd-4feb-9abf-60921069eea4][R:42dc814b-8091-451a-84f8-d8d81a330d89][T:2023-10-15 15:04:28.005285][J:91831b5b-1f96-4952-b681-fb99c5726bac][A:train#eb2f5ea7-e1a4-4049-ae93-fed604ad1849]submit result OK
[E:c40f3496-099c-44e6-a3af-4105b5a5aa67][R:bb1f3631-ef43-46a7-9ac8-66dbfce46aca][T:2023-10-15 15:04:36.586170][J:91831b5b-1f96-4952-b681-fb99c5726bac][A:train#7388cc36-7378-4bd2-9d7b-bfb71197d614]received task from server
[E:6a38b9b1-5e5a-4dae-b428-c1045be3f8cf][T:2023-10-15 15:04:36.996791][J:91831b5b-1f96-4952-b681-fb99c5726bac][A:train#7388cc36-7378-4bd2-9d7b-bfb71197d614]applied filter: HEModelDecryptor@job on task_data
[E:4cd6f20a-d519-47a6-b2f8-efa4c66ca534][T:2023-10-15 15:04:36.997062][J:91831b5b-1f96-4952-b681-fb99c5726bac][A:train#7388cc36-7378-4bd2-9d7b-bfb71197d614]invoked executor LearnerExecutor
[E:36bbe725-0d1a-41dd-8408-6f7a04ce2981][T:2023-10-15 15:04:59.068981][J:91831b5b-1f96-4952-b681-fb99c5726bac][A:train#7388cc36-7378-4bd2-9d7b-bfb71197d614]applied filter: HEModelEncryptor@job on task_result
[E:640c0ce8-58e3-47a5-86cb-c6add3d88ae0][R:bb1f3631-ef43-46a7-9ac8-66dbfce46aca][T:2023-10-15 15:04:59.069205][J:91831b5b-1f96-4952-b681-fb99c5726bac][A:train#7388cc36-7378-4bd2-9d7b-bfb71197d614]submit result OK
[E:3bd60839-332c-493d-9931-6179c5fe71a4][R:87df1e89-0eb7-43e7-ac81-9f4923cd0d35][T:2023-10-15 15:05:07.683941][J:91831b5b-1f96-4952-b681-fb99c5726bac][A:train#8f40ffa7-6fa0-47e6-b92b-21b0eae61c10]received task from server
[E:bb4b79d1-274e-4efd-84e6-f223125726ae][T:2023-10-15 15:05:08.078350][J:91831b5b-1f96-4952-b681-fb99c5726bac][A:train#8f40ffa7-6fa0-47e6-b92b-21b0eae61c10]applied filter: HEModelDecryptor@job on task_data
[E:7bee50b6-8990-4f2b-87c1-e70085e66434][T:2023-10-15 15:05:08.078577][J:91831b5b-1f96-4952-b681-fb99c5726bac][A:train#8f40ffa7-6fa0-47e6-b92b-21b0eae61c10]invoked executor LearnerExecutor
[E:2f8fb1b6-404d-436c-a3e8-33a7779d2f07][T:2023-10-15 15:05:29.774356][J:91831b5b-1f96-4952-b681-fb99c5726bac][A:train#8f40ffa7-6fa0-47e6-b92b-21b0eae61c10]applied filter: HEModelEncryptor@job on task_result
[E:2bace4da-7947-482a-9cb6-513f2731ce9f][R:87df1e89-0eb7-43e7-ac81-9f4923cd0d35][T:2023-10-15 15:05:29.774538][J:91831b5b-1f96-4952-b681-fb99c5726bac][A:train#8f40ffa7-6fa0-47e6-b92b-21b0eae61c10]submit result OK
[E:0fb07dd2-2022-48b1-9e8e-f477968bb0c4][R:c92e2752-3725-4869-a4ef-0971a604ee9d][T:2023-10-15 15:05:37.926788][J:91831b5b-1f96-4952-b681-fb99c5726bac][A:train#71b41f23-6684-4641-99b4-6d2ce567a9c5]received task from server
[E:aa47dc9e-0e70-4129-9c36-93a5e8671a70][T:2023-10-15 15:05:38.317616][J:91831b5b-1f96-4952-b681-fb99c5726bac][A:train#71b41f23-6684-4641-99b4-6d2ce567a9c5]applied filter: HEModelDecryptor@job on task_data
[E:9c335630-13de-499f-866e-c10b6e2a949d][T:2023-10-15 15:05:38.317833][J:91831b5b-1f96-4952-b681-fb99c5726bac][A:train#71b41f23-6684-4641-99b4-6d2ce567a9c5]invoked executor LearnerExecutor
[E:ec52f0e1-ff48-49c6-ad29-72ff64635c4c][T:2023-10-15 15:06:00.018543][J:91831b5b-1f96-4952-b681-fb99c5726bac][A:train#71b41f23-6684-4641-99b4-6d2ce567a9c5]applied filter: HEModelEncryptor@job on task_result
[E:dd88bebf-50cb-4dea-8940-162cd24c0816][R:c92e2752-3725-4869-a4ef-0971a604ee9d][T:2023-10-15 15:06:00.018802][J:91831b5b-1f96-4952-b681-fb99c5726bac][A:train#71b41f23-6684-4641-99b4-6d2ce567a9c5]submit result OK
[E:6c79ef7a-20f4-4d27-8f50-cead340bc2c7][R:b6a98174-3610-454c-8bbb-2bc1f24e4af3][T:2023-10-15 15:06:08.647689][J:91831b5b-1f96-4952-b681-fb99c5726bac][A:train#9bbebcb7-7088-4656-a83b-3afbc86ce224]received task from server
[E:c548596c-3eb8-4e8b-95d7-82b43e5b4269][T:2023-10-15 15:06:09.038243][J:91831b5b-1f96-4952-b681-fb99c5726bac][A:train#9bbebcb7-7088-4656-a83b-3afbc86ce224]applied filter: HEModelDecryptor@job on task_data
[E:8a60e21b-df6a-49e2-9073-432c701f6fb9][T:2023-10-15 15:06:09.038487][J:91831b5b-1f96-4952-b681-fb99c5726bac][A:train#9bbebcb7-7088-4656-a83b-3afbc86ce224]invoked executor LearnerExecutor
[E:249fd93b-bf99-44a2-83f1-8758bbf7b226][T:2023-10-15 15:06:30.664435][J:91831b5b-1f96-4952-b681-fb99c5726bac][A:train#9bbebcb7-7088-4656-a83b-3afbc86ce224]applied filter: HEModelEncryptor@job on task_result
[E:5510f81a-3c99-4e67-af55-a2639e316aa1][R:b6a98174-3610-454c-8bbb-2bc1f24e4af3][T:2023-10-15 15:06:30.664687][J:91831b5b-1f96-4952-b681-fb99c5726bac][A:train#9bbebcb7-7088-4656-a83b-3afbc86ce224]submit result OK
[E:ba6e19b5-7645-4dc1-9a25-432c0397e606][R:af9df0a7-fff5-4f9f-8efb-2dc2f40b04c1][T:2023-10-15 15:06:39.579354][J:91831b5b-1f96-4952-b681-fb99c5726bac][A:train#23b3b72d-cf73-4d62-b7b5-db34597f15fd]received task from server
[E:6952f2db-f80a-4b33-8d65-02174c7969ba][T:2023-10-15 15:06:39.977305][J:91831b5b-1f96-4952-b681-fb99c5726bac][A:train#23b3b72d-cf73-4d62-b7b5-db34597f15fd]applied filter: HEModelDecryptor@job on task_data
[E:41eee683-a3b1-470f-a18d-9c2a9f76bee3][T:2023-10-15 15:06:39.977591][J:91831b5b-1f96-4952-b681-fb99c5726bac][A:train#23b3b72d-cf73-4d62-b7b5-db34597f15fd]invoked executor LearnerExecutor
[E:9485ac08-db3e-4713-afe8-1908dd819489][T:2023-10-15 15:07:01.800904][J:91831b5b-1f96-4952-b681-fb99c5726bac][A:train#23b3b72d-cf73-4d62-b7b5-db34597f15fd]applied filter: HEModelEncryptor@job on task_result
[E:ac0ec2c3-dbb0-45a7-8662-15cbe757681c][R:af9df0a7-fff5-4f9f-8efb-2dc2f40b04c1][T:2023-10-15 15:07:01.801105][J:91831b5b-1f96-4952-b681-fb99c5726bac][A:train#23b3b72d-cf73-4d62-b7b5-db34597f15fd]submit result OK
[E:5a8da1f8-66a6-4dbb-b4d9-374aa97c8111][R:c2652de5-adc0-4be8-8b36-09ba66d7b231][T:2023-10-15 15:07:10.154776][J:91831b5b-1f96-4952-b681-fb99c5726bac][A:train#4878687c-bba5-4c52-861d-8adda511219c]received task from server
[E:8b6a3bf6-46ce-4e37-b579-cfddc6baa570][T:2023-10-15 15:07:10.556663][J:91831b5b-1f96-4952-b681-fb99c5726bac][A:train#4878687c-bba5-4c52-861d-8adda511219c]applied filter: HEModelDecryptor@job on task_data
[E:9cd19e7c-94ab-40d1-bb39-0a948b5d0e3a][T:2023-10-15 15:07:10.556982][J:91831b5b-1f96-4952-b681-fb99c5726bac][A:train#4878687c-bba5-4c52-861d-8adda511219c]invoked executor LearnerExecutor
[E:2a9e0cbc-718c-45c6-b076-27368cf0428b][T:2023-10-15 15:07:31.879669][J:91831b5b-1f96-4952-b681-fb99c5726bac][A:train#4878687c-bba5-4c52-861d-8adda511219c]applied filter: HEModelEncryptor@job on task_result
[E:2574458a-b6b4-495f-b31b-929aabaabb9a][R:c2652de5-adc0-4be8-8b36-09ba66d7b231][T:2023-10-15 15:07:31.879852][J:91831b5b-1f96-4952-b681-fb99c5726bac][A:train#4878687c-bba5-4c52-861d-8adda511219c]submit result OK
[E:583ef542-ffdb-4909-a088-72a56d0ddb56][R:d18c6080-b261-4fb7-9016-a266cf81b867][T:2023-10-15 15:07:40.408180][J:91831b5b-1f96-4952-b681-fb99c5726bac][A:train#0018f09a-d894-4af3-9f48-5e3ac6908bf6]received task from server
[E:e6fff958-9bbd-4972-a567-437ca6d358c2][T:2023-10-15 15:07:40.801256][J:91831b5b-1f96-4952-b681-fb99c5726bac][A:train#0018f09a-d894-4af3-9f48-5e3ac6908bf6]applied filter: HEModelDecryptor@job on task_data
[E:fec03b83-db55-4459-b3e4-29f0d4de1637][T:2023-10-15 15:07:40.801611][J:91831b5b-1f96-4952-b681-fb99c5726bac][A:train#0018f09a-d894-4af3-9f48-5e3ac6908bf6]invoked executor LearnerExecutor
[E:b3da3e33-11bb-420f-83a0-a7a7076cfb18][T:2023-10-15 15:08:02.735823][J:91831b5b-1f96-4952-b681-fb99c5726bac][A:train#0018f09a-d894-4af3-9f48-5e3ac6908bf6]applied filter: HEModelEncryptor@job on task_result
[E:efdbdfa4-215a-4874-adec-c57e2f76b132][R:d18c6080-b261-4fb7-9016-a266cf81b867][T:2023-10-15 15:08:02.736078][J:91831b5b-1f96-4952-b681-fb99c5726bac][A:train#0018f09a-d894-4af3-9f48-5e3ac6908bf6]submit result OK
[E:18e9740f-a108-404c-afba-616770a46ff6][R:b93d2714-bef7-401c-b42e-616a26e9dcb3][T:2023-10-15 15:08:11.969190][J:91831b5b-1f96-4952-b681-fb99c5726bac][A:train#d161a148-1a3e-4421-9ffd-3af260efa68b]received task from server
[E:3eb90ea1-6bc3-4034-99b8-787c0f819237][T:2023-10-15 15:08:12.369677][J:91831b5b-1f96-4952-b681-fb99c5726bac][A:train#d161a148-1a3e-4421-9ffd-3af260efa68b]applied filter: HEModelDecryptor@job on task_data
[E:a4501d55-5871-43da-a1d8-95d5472e902d][T:2023-10-15 15:08:12.369991][J:91831b5b-1f96-4952-b681-fb99c5726bac][A:train#d161a148-1a3e-4421-9ffd-3af260efa68b]invoked executor LearnerExecutor
[E:6a2b0a05-75c1-40c3-9b2b-a2e74de1932d][T:2023-10-15 15:08:33.825367][J:91831b5b-1f96-4952-b681-fb99c5726bac][A:train#d161a148-1a3e-4421-9ffd-3af260efa68b]applied filter: HEModelEncryptor@job on task_result
[E:dc8e32ba-c524-4549-bf17-119759d28fe4][R:b93d2714-bef7-401c-b42e-616a26e9dcb3][T:2023-10-15 15:08:33.825641][J:91831b5b-1f96-4952-b681-fb99c5726bac][A:train#d161a148-1a3e-4421-9ffd-3af260efa68b]submit result OK
[E:74375979-47b7-49ac-9e75-0f84d8413924][R:daedf661-cecc-4c48-8dc4-bd21cd6cf5a3][T:2023-10-15 15:08:42.552232][J:91831b5b-1f96-4952-b681-fb99c5726bac][A:train#bcdea143-78cf-4f6f-a27b-d0dc65742385]received task from server
[E:cba20dfe-0986-45fc-a1a4-ad7a16b63a59][T:2023-10-15 15:08:42.954040][J:91831b5b-1f96-4952-b681-fb99c5726bac][A:train#bcdea143-78cf-4f6f-a27b-d0dc65742385]applied filter: HEModelDecryptor@job on task_data
[E:ecc5cad9-c970-44cc-8f4b-3a5e71e830fd][T:2023-10-15 15:08:42.954264][J:91831b5b-1f96-4952-b681-fb99c5726bac][A:train#bcdea143-78cf-4f6f-a27b-d0dc65742385]invoked executor LearnerExecutor
[E:dc398de5-07eb-435c-a9e9-e6ee9b5abc68][T:2023-10-15 15:09:04.582002][J:91831b5b-1f96-4952-b681-fb99c5726bac][A:train#bcdea143-78cf-4f6f-a27b-d0dc65742385]applied filter: HEModelEncryptor@job on task_result
[E:94a02568-614c-423d-9756-a52f56362e17][R:daedf661-cecc-4c48-8dc4-bd21cd6cf5a3][T:2023-10-15 15:09:04.582238][J:91831b5b-1f96-4952-b681-fb99c5726bac][A:train#bcdea143-78cf-4f6f-a27b-d0dc65742385]submit result OK
[E:476212e4-cc6e-418d-ab61-5acab860ba9a][R:d44e935e-3726-4633-909e-2df267242340][T:2023-10-15 15:09:13.482021][J:91831b5b-1f96-4952-b681-fb99c5726bac][A:train#2af19004-e1dc-4024-9aa7-3b4d65bb49f7]received task from server
[E:2fc6aa45-6ccb-4b51-b107-6bfa210f020d][T:2023-10-15 15:09:13.886806][J:91831b5b-1f96-4952-b681-fb99c5726bac][A:train#2af19004-e1dc-4024-9aa7-3b4d65bb49f7]applied filter: HEModelDecryptor@job on task_data
[E:0d87aae1-d116-4c58-ad7f-741a58e9e721][T:2023-10-15 15:09:13.887106][J:91831b5b-1f96-4952-b681-fb99c5726bac][A:train#2af19004-e1dc-4024-9aa7-3b4d65bb49f7]invoked executor LearnerExecutor
[E:a5306b39-05f0-4e9f-86cd-991a5b259eb3][T:2023-10-15 15:09:35.945783][J:91831b5b-1f96-4952-b681-fb99c5726bac][A:train#2af19004-e1dc-4024-9aa7-3b4d65bb49f7]applied filter: HEModelEncryptor@job on task_result
[E:a9fcc263-5653-4d52-86eb-e1a9e408b2e9][R:d44e935e-3726-4633-909e-2df267242340][T:2023-10-15 15:09:35.946091][J:91831b5b-1f96-4952-b681-fb99c5726bac][A:train#2af19004-e1dc-4024-9aa7-3b4d65bb49f7]submit result OK
[E:603c200f-0d1b-4cfc-9a83-a2f816ba24cb][R:376315d4-52e9-4473-9cc0-212d0c765bb6][T:2023-10-15 15:09:44.507799][J:91831b5b-1f96-4952-b681-fb99c5726bac][A:train#a64bbbf7-fccc-4480-b2fd-4c6eb571c4cd]received task from server
[E:4d9d3f32-df8a-40e4-8da5-b70a747c5b20][T:2023-10-15 15:09:44.911055][J:91831b5b-1f96-4952-b681-fb99c5726bac][A:train#a64bbbf7-fccc-4480-b2fd-4c6eb571c4cd]applied filter: HEModelDecryptor@job on task_data
[E:973cb860-0d53-4a13-8b69-e1801279f922][T:2023-10-15 15:09:44.911288][J:91831b5b-1f96-4952-b681-fb99c5726bac][A:train#a64bbbf7-fccc-4480-b2fd-4c6eb571c4cd]invoked executor LearnerExecutor
[E:57492bc4-9620-4231-82d0-8a0f1c6ee0d1][T:2023-10-15 15:10:06.931603][J:91831b5b-1f96-4952-b681-fb99c5726bac][A:train#a64bbbf7-fccc-4480-b2fd-4c6eb571c4cd]applied filter: HEModelEncryptor@job on task_result
[E:7a4b7471-a84b-4de4-a8a4-7e9bc6ffbc91][R:376315d4-52e9-4473-9cc0-212d0c765bb6][T:2023-10-15 15:10:06.931802][J:91831b5b-1f96-4952-b681-fb99c5726bac][A:train#a64bbbf7-fccc-4480-b2fd-4c6eb571c4cd]submit result OK
[E:7feeabb8-57e0-4197-bac0-24649a32a97e][R:30f6fcd8-2846-4a03-853a-c3715a1ce69e][T:2023-10-15 15:10:16.128593][J:91831b5b-1f96-4952-b681-fb99c5726bac][A:train#7433d24d-12ae-4ec1-8403-e0c884d5352e]received task from server
[E:727e0f37-5348-42ba-a8e9-6addf9caba9d][T:2023-10-15 15:10:16.528159][J:91831b5b-1f96-4952-b681-fb99c5726bac][A:train#7433d24d-12ae-4ec1-8403-e0c884d5352e]applied filter: HEModelDecryptor@job on task_data
[E:87f37f08-801e-4ccb-b15f-e2c3aa720920][T:2023-10-15 15:10:16.528435][J:91831b5b-1f96-4952-b681-fb99c5726bac][A:train#7433d24d-12ae-4ec1-8403-e0c884d5352e]invoked executor LearnerExecutor
[E:6b35137d-f2c3-4e05-974d-e118b78ac1c2][T:2023-10-15 15:10:38.577078][J:91831b5b-1f96-4952-b681-fb99c5726bac][A:train#7433d24d-12ae-4ec1-8403-e0c884d5352e]applied filter: HEModelEncryptor@job on task_result
[E:75b36ca7-6fef-4d7f-94b9-adace24b2587][R:30f6fcd8-2846-4a03-853a-c3715a1ce69e][T:2023-10-15 15:10:38.577315][J:91831b5b-1f96-4952-b681-fb99c5726bac][A:train#7433d24d-12ae-4ec1-8403-e0c884d5352e]submit result OK
[E:8d0ce6ba-412b-4142-9974-c439d253fd7e][R:8346f5cd-37ae-4064-9f40-0d0473d1d4f9][T:2023-10-15 15:10:47.618343][J:91831b5b-1f96-4952-b681-fb99c5726bac][A:train#e4c55f00-a901-4f2f-b51a-28e70f1b1605]received task from server
[E:60124ca5-1fb3-4eb7-a879-25f8995651b7][T:2023-10-15 15:10:48.011888][J:91831b5b-1f96-4952-b681-fb99c5726bac][A:train#e4c55f00-a901-4f2f-b51a-28e70f1b1605]applied filter: HEModelDecryptor@job on task_data
[E:ac748bf9-1105-41e8-bd66-434b508f019d][T:2023-10-15 15:10:48.012200][J:91831b5b-1f96-4952-b681-fb99c5726bac][A:train#e4c55f00-a901-4f2f-b51a-28e70f1b1605]invoked executor LearnerExecutor
[E:9d789be9-3bdd-421c-8c6b-de6fa3391cde][T:2023-10-15 15:11:09.744601][J:91831b5b-1f96-4952-b681-fb99c5726bac][A:train#e4c55f00-a901-4f2f-b51a-28e70f1b1605]applied filter: HEModelEncryptor@job on task_result
[E:3941aafd-c3e2-4ed0-b181-9b16b3746b33][R:8346f5cd-37ae-4064-9f40-0d0473d1d4f9][T:2023-10-15 15:11:09.744888][J:91831b5b-1f96-4952-b681-fb99c5726bac][A:train#e4c55f00-a901-4f2f-b51a-28e70f1b1605]submit result OK
[E:340e3179-e4ae-42df-87a1-629580ebe574][R:31511ffe-5de0-46b3-b613-ccdd1262d327][T:2023-10-15 15:11:18.140117][J:91831b5b-1f96-4952-b681-fb99c5726bac][A:train#996785c9-4522-4868-ae2e-8188a620b7df]received task from server
[E:8d3ecd63-f502-4a66-9d87-a9e692932841][T:2023-10-15 15:11:18.534116][J:91831b5b-1f96-4952-b681-fb99c5726bac][A:train#996785c9-4522-4868-ae2e-8188a620b7df]applied filter: HEModelDecryptor@job on task_data
[E:98de34e2-b3aa-4cfa-aa24-185fe9b470a5][T:2023-10-15 15:11:18.534437][J:91831b5b-1f96-4952-b681-fb99c5726bac][A:train#996785c9-4522-4868-ae2e-8188a620b7df]invoked executor LearnerExecutor
[E:e3be0edf-fd71-4d52-b483-890e60491b1f][T:2023-10-15 15:11:40.092007][J:91831b5b-1f96-4952-b681-fb99c5726bac][A:train#996785c9-4522-4868-ae2e-8188a620b7df]applied filter: HEModelEncryptor@job on task_result
[E:0e8253d8-a1bb-4e35-91be-493043b96293][R:31511ffe-5de0-46b3-b613-ccdd1262d327][T:2023-10-15 15:11:40.092222][J:91831b5b-1f96-4952-b681-fb99c5726bac][A:train#996785c9-4522-4868-ae2e-8188a620b7df]submit result OK
[E:f4359aa4-8239-40e3-afc2-515946dbf4f6][R:3420d7f6-4df1-4452-85fb-8cfac43af163][T:2023-10-15 15:11:48.803038][J:91831b5b-1f96-4952-b681-fb99c5726bac][A:train#84d18754-301e-48e8-be37-476283ae0bca]received task from server
[E:8dd38a16-24e5-4717-8551-5cf8e484dad9][T:2023-10-15 15:11:49.202054][J:91831b5b-1f96-4952-b681-fb99c5726bac][A:train#84d18754-301e-48e8-be37-476283ae0bca]applied filter: HEModelDecryptor@job on task_data
[E:811454f1-b572-41f7-8073-fe264f49bb43][T:2023-10-15 15:11:49.202459][J:91831b5b-1f96-4952-b681-fb99c5726bac][A:train#84d18754-301e-48e8-be37-476283ae0bca]invoked executor LearnerExecutor
[E:753224c6-b804-4b75-9260-4692ca454b52][T:2023-10-15 15:12:11.069621][J:91831b5b-1f96-4952-b681-fb99c5726bac][A:train#84d18754-301e-48e8-be37-476283ae0bca]applied filter: HEModelEncryptor@job on task_result
[E:280cbca3-e807-4565-9842-2fee31d351de][R:3420d7f6-4df1-4452-85fb-8cfac43af163][T:2023-10-15 15:12:11.069809][J:91831b5b-1f96-4952-b681-fb99c5726bac][A:train#84d18754-301e-48e8-be37-476283ae0bca]submit result OK
[E:dde5dfb9-25ae-40b8-a264-eb150a3b34b5][R:0abb5c97-f072-4d48-b4ae-cfd9a7a3a50e][T:2023-10-15 15:12:20.635499][J:91831b5b-1f96-4952-b681-fb99c5726bac][A:submit_model#d1d6caac-9400-41c0-b6e2-cddc18683d44]received task from server
[E:0978603d-be56-415f-b9f6-abedc9119475][T:2023-10-15 15:12:20.635762][J:91831b5b-1f96-4952-b681-fb99c5726bac][A:submit_model#d1d6caac-9400-41c0-b6e2-cddc18683d44]invoked executor LearnerExecutor
[E:6d231a99-5c04-4f9e-89fa-6dc9c85a2009][T:2023-10-15 15:12:22.002030][J:91831b5b-1f96-4952-b681-fb99c5726bac][A:submit_model#d1d6caac-9400-41c0-b6e2-cddc18683d44]applied filter: HEModelEncryptor@job on task_result
[E:080abb38-00e4-40a3-9165-284fddb27a42][R:0abb5c97-f072-4d48-b4ae-cfd9a7a3a50e][T:2023-10-15 15:12:22.002228][J:91831b5b-1f96-4952-b681-fb99c5726bac][A:submit_model#d1d6caac-9400-41c0-b6e2-cddc18683d44]submit result OK
[E:0adb0947-8782-4b56-bfad-8f1b7eef102b][R:27508abc-a65f-4c1e-bc68-cecec6e53496][T:2023-10-15 15:12:29.728731][J:91831b5b-1f96-4952-b681-fb99c5726bac][A:validate#650f26bd-de89-4a92-8421-ca42a2d5b529]received task from server
[E:5ad4cd63-3763-4697-8b22-f6239d087e81][T:2023-10-15 15:12:30.154400][J:91831b5b-1f96-4952-b681-fb99c5726bac][A:validate#650f26bd-de89-4a92-8421-ca42a2d5b529]applied filter: HEModelDecryptor@job on task_data
[E:bdaa5192-6485-422e-8d06-c1e89418c9cb][T:2023-10-15 15:12:30.154727][J:91831b5b-1f96-4952-b681-fb99c5726bac][A:validate#650f26bd-de89-4a92-8421-ca42a2d5b529]invoked executor LearnerExecutor
[E:57126af2-a21e-45b5-855b-f13174b2987e][R:27508abc-a65f-4c1e-bc68-cecec6e53496][T:2023-10-15 15:12:36.094284][J:91831b5b-1f96-4952-b681-fb99c5726bac][A:validate#650f26bd-de89-4a92-8421-ca42a2d5b529]submit result OK
[E:329a52b4-ad76-4963-a772-29bdf7d11cc4][R:7232bbab-b585-44d5-948d-9f9ef265a306][T:2023-10-15 15:12:39.440280][J:91831b5b-1f96-4952-b681-fb99c5726bac][A:validate#43016e04-29bc-4e4b-b8e3-7595c2a7467c]received task from server
[E:039149bc-250d-4f2c-9306-1b4f64a71013][T:2023-10-15 15:12:39.830908][J:91831b5b-1f96-4952-b681-fb99c5726bac][A:validate#43016e04-29bc-4e4b-b8e3-7595c2a7467c]applied filter: HEModelDecryptor@job on task_data
[E:ca196080-2ab6-49ea-a204-5e9b6b69764c][T:2023-10-15 15:12:39.831157][J:91831b5b-1f96-4952-b681-fb99c5726bac][A:validate#43016e04-29bc-4e4b-b8e3-7595c2a7467c]invoked executor LearnerExecutor
[E:87139e06-9ca3-423f-8b59-4088c6bd22d2][R:7232bbab-b585-44d5-948d-9f9ef265a306][T:2023-10-15 15:12:45.704700][J:91831b5b-1f96-4952-b681-fb99c5726bac][A:validate#43016e04-29bc-4e4b-b8e3-7595c2a7467c]submit result OK
[E:4445da13-bfea-4d0f-ba8e-d13f193adbdd][R:a28e6c1a-1057-490a-a192-42bb10608215][T:2023-10-15 15:12:49.713125][J:91831b5b-1f96-4952-b681-fb99c5726bac][A:validate#80e4f6b7-2d07-4a17-b0d8-83fc1ad3197b]received task from server
[E:7a0e04f8-5eb7-4c03-8efa-6bffa6b8a9e2][T:2023-10-15 15:12:50.616007][J:91831b5b-1f96-4952-b681-fb99c5726bac][A:validate#80e4f6b7-2d07-4a17-b0d8-83fc1ad3197b]applied filter: HEModelDecryptor@job on task_data
[E:6eeab4a7-57d7-4fe5-be1b-c768a2f6e7bb][T:2023-10-15 15:12:50.616249][J:91831b5b-1f96-4952-b681-fb99c5726bac][A:validate#80e4f6b7-2d07-4a17-b0d8-83fc1ad3197b]invoked executor LearnerExecutor
[E:76fc9d53-7773-4048-8ce6-4bed9d0636a2][R:a28e6c1a-1057-490a-a192-42bb10608215][T:2023-10-15 15:12:56.720781][J:91831b5b-1f96-4952-b681-fb99c5726bac][A:validate#80e4f6b7-2d07-4a17-b0d8-83fc1ad3197b]submit result OK
[E:c37eab04-3573-4c2b-b531-c68d4f81e024][R:79c763cb-5bf2-48c9-bfed-fc1a6d1a928f][T:2023-10-15 15:13:00.721609][J:91831b5b-1f96-4952-b681-fb99c5726bac][A:validate#213aead8-0e72-48d5-a13b-75464b413c0d]received task from server
[E:f34ce2da-8839-4a72-ab69-7b29c30614c2][T:2023-10-15 15:13:01.614180][J:91831b5b-1f96-4952-b681-fb99c5726bac][A:validate#213aead8-0e72-48d5-a13b-75464b413c0d]applied filter: HEModelDecryptor@job on task_data
[E:c3d07599-0710-4866-8cbd-57ba27ae5148][T:2023-10-15 15:13:01.614636][J:91831b5b-1f96-4952-b681-fb99c5726bac][A:validate#213aead8-0e72-48d5-a13b-75464b413c0d]invoked executor LearnerExecutor
[E:c08e43e9-563a-4d0a-ad2f-8b1e850412ba][R:79c763cb-5bf2-48c9-bfed-fc1a6d1a928f][T:2023-10-15 15:13:07.463859][J:91831b5b-1f96-4952-b681-fb99c5726bac][A:validate#213aead8-0e72-48d5-a13b-75464b413c0d]submit result OK
[E:7040d3bd-fe0e-40ec-89f6-d41e11755b26][T:2023-10-15 16:02:39.428074][U:admin@nvidia.com][A:train.deploy]
[E:cb04b91e-b78a-427a-a650-986d079e72cb][T:2023-10-15 16:02:39.458161][U:][A:train.start_job]
[E:8ea85118-1774-4cab-a6b1-7357fa241444][R:3321c95f-46f3-49ca-bb8d-64a2ee082f02][T:2023-10-15 16:02:48.701516][J:413ffa6c-a8d5-4a1d-a8f1-804b594133d4][A:train#1bf34852-7853-4cd9-971a-e362ff72a47d]received task from server
[E:9b2b26d5-5fd1-42b3-aaf7-f481537c17a8][T:2023-10-15 16:02:48.702232][J:413ffa6c-a8d5-4a1d-a8f1-804b594133d4][A:train#1bf34852-7853-4cd9-971a-e362ff72a47d]invoked executor LearnerExecutor
[E:ec709390-8792-445b-83e1-83b497c06560][R:3321c95f-46f3-49ca-bb8d-64a2ee082f02][T:2023-10-15 16:02:58.667188][J:413ffa6c-a8d5-4a1d-a8f1-804b594133d4][A:train#1bf34852-7853-4cd9-971a-e362ff72a47d]submit result: EXECUTION_EXCEPTION
[E:029f5e65-fedd-4672-bf9f-124f9249028e][T:2023-10-15 16:03:03.067991][U:][A:train.abort]
